19:38:18.216 XYZ [[4.15, 0.93, 1.32], [4.28, 4.83, 1.54]]
19:38:18.306 XYZ [[4.16, 0.9, 1.31], [4.26, 4.84, 1.53], [4.14, 6.14, 1.82]]
19:38:18.390 XYZ [[4.16, 0.9, 1.3], [4.26, 4.85, 1.52], [4.14, 6.13, 1.83]]
19:38:18.473 XYZ [[4.15, 0.89, 1.28], [4.25, 4.84, 1.52], [4.15, 6.12, 1.81]]
19:38:18.557 XYZ [[4.16, 0.89, 1.24], [4.25, 4.86, 1.51], [4.16, 6.12, 1.8]]
19:38:18.640 XYZ [[4.15, 0.89, 1.26], [4.25, 4.87, 1.52], [4.17, 6.12, 1.79]]
19:38:18.723 XYZ [[4.16, 0.91, 1.28], [4.25, 4.87, 1.51], [4.17, 6.12, 1.79], [3.92, 3.74, 1.71]]
19:38:18.807 XYZ [[4.16, 0.94, 1.28], [4.25, 4.87, 1.5], [4.18, 6.12, 1.78], [3.94, 3.75, 1.68]]
19:38:18.890 XYZ [[4.14, 0.95, 1.28], [4.26, 4.88, 1.48], [4.21, 6.1, 1.79], [3.91, 3.78, 1.66]]
19:38:18.974 XYZ [[4.14, 0.96, 1.3], [4.26, 4.88, 1.49], [4.22, 6.08, 1.78], [3.92, 3.78, 1.67]]
19:38:19.057 XYZ [[4.15, 0.98, 1.3], [4.23, 4.87, 1.48], [4.2, 6.07, 1.79], [3.89, 3.78, 1.68]]
19:38:19.141 XYZ [[4.14, 0.97, 1.29], [4.25, 4.88, 1.52], [4.22, 6.05, 1.78], [3.96, 3.76, 1.71]]
19:38:19.224 XYZ [[4.16, 0.97, 1.3], [4.24, 4.87, 1.51], [4.21, 6.06, 1.78], [3.97, 3.75, 1.68]]
19:38:19.308 XYZ [[4.16, 0.97, 1.32], [4.24, 4.88, 1.51], [4.23, 6.05, 1.76], [3.99, 3.74, 1.67]]
19:38:19.391 XYZ [[4.18, 0.96, 1.32], [4.21, 4.89, 1.54], [4.25, 6.04, 1.73], [4.03, 3.73, 1.64]]
19:38:19.475 XYZ [[4.18, 0.95, 1.32], [4.21, 4.89, 1.54], [4.24, 6.09, 1.69], [4.05, 3.7, 1.61]]
19:38:19.558 XYZ [[4.17, 0.95, 1.3], [4.21, 4.88, 1.55], [4.25, 6.1, 1.64], [4.08, 3.68, 1.61]]
19:38:19.642 XYZ [[4.18, 0.95, 1.3], [4.2, 4.89, 1.56], [4.24, 6.11, 1.61], [4.1, 3.63, 1.59]]
19:38:19.725 XYZ [[4.18, 0.96, 1.31], [4.19, 4.89, 1.55], [4.24, 6.13, 1.58], [4.11, 3.61, 1.56]]
19:38:19.809 XYZ [[4.17, 0.95, 1.3], [4.18, 4.88, 1.55], [4.27, 6.15, 1.55], [4.14, 3.61, 1.54]]
19:38:19.892 XYZ [[4.19, 0.94, 1.29], [4.16, 4.89, 1.54], [4.29, 6.15, 1.54], [4.16, 3.6, 1.54]]
19:38:19.976 XYZ [[4.18, 0.95, 1.31], [4.15, 4.89, 1.57], [4.33, 6.14, 1.52], [4.22, 3.59, 1.49]]
19:38:20.059 XYZ [[4.18, 0.94, 1.31], [4.16, 4.9, 1.56], [4.32, 6.14, 1.49], [4.24, 3.59, 1.45]]
19:38:20.143 XYZ [[4.2, 0.95, 1.32], [4.15, 4.89, 1.55], [4.37, 6.13, 1.46], [4.24, 3.58, 1.42]]
19:38:20.226 XYZ [[4.19, 0.96, 1.31], [4.17, 4.9, 1.54], [4.4, 6.12, 1.47], [4.28, 3.58, 1.38]]
19:38:20.310 XYZ [[4.22, 0.98, 1.27], [4.17, 4.89, 1.53], [4.44, 6.1, 1.51], [4.28, 3.59, 1.37], [4.18, 2.48, 1.43]]
19:38:20.393 XYZ [[4.21, 0.98, 1.26], [4.19, 4.88, 1.53], [4.4, 6.08, 1.55], [4.28, 3.59, 1.37], [4.19, 2.49, 1.42]]
19:38:20.477 XYZ [[4.21, 0.98, 1.27], [4.2, 4.89, 1.54], [4.38, 6.07, 1.57], [4.28, 3.59, 1.37], [4.17, 2.47, 1.46]]
19:38:20.560 XYZ [[4.2, 0.97, 1.27], [4.21, 4.88, 1.53], [4.33, 6.05, 1.58], [4.28, 3.59, 1.37], [4.1, 2.48, 1.47]]
19:38:20.643 XYZ [[4.18, 0.96, 1.27], [4.2, 4.88, 1.52], [4.31, 6.04, 1.61], [4.27, 3.57, 1.37], [4.04, 2.46, 1.48]]
19:38:20.727 XYZ [[4.17, 0.96, 1.28], [4.19, 4.87, 1.51], [4.3, 6.06, 1.63], [4.21, 3.58, 1.38], [4.0, 2.44, 1.47]]
19:38:20.810 XYZ [[4.18, 0.97, 1.29], [4.19, 4.85, 1.52], [4.26, 6.08, 1.64], [4.13, 3.56, 1.37], [3.99, 2.41, 1.48]]
19:38:20.896 XYZ [[4.18, 0.96, 1.31], [4.18, 4.85, 1.53], [4.25, 6.1, 1.65], [4.07, 3.56, 1.39], [3.99, 2.39, 1.48]]
19:38:20.980 XYZ [[4.18, 0.95, 1.29], [4.19, 4.86, 1.52], [4.25, 6.1, 1.63], [3.95, 3.52, 1.36], [3.93, 2.34, 1.48]]
19:38:21.063 XYZ [[4.2, 0.94, 1.28], [4.18, 4.86, 1.51], [4.27, 6.1, 1.63], [3.85, 3.53, 1.41], [3.9, 2.29, 1.47]]
19:38:21.147 XYZ [[4.19, 0.97, 1.25], [4.19, 4.85, 1.51], [4.26, 6.1, 1.6], [3.82, 3.52, 1.43], [3.89, 2.28, 1.45]]
19:38:21.232 XYZ [[4.19, 0.99, 1.25], [4.18, 4.86, 1.52], [4.26, 6.1, 1.6], [3.77, 3.56, 1.46], [3.88, 2.27, 1.45]]
19:38:21.316 XYZ [[4.19, 1.01, 1.25], [4.19, 4.87, 1.51], [4.25, 6.07, 1.58], [3.75, 3.58, 1.49], [3.85, 2.23, 1.45]]
19:38:21.401 XYZ [[4.19, 0.99, 1.23], [4.22, 4.87, 1.52], [4.18, 6.06, 1.52], [3.73, 3.59, 1.48], [3.83, 2.23, 1.44]]
19:38:21.485 XYZ [[4.19, 0.97, 1.23], [4.23, 4.86, 1.53], [4.15, 6.05, 1.48], [3.67, 3.55, 1.55], [3.82, 2.23, 1.42]]
19:38:21.568 XYZ [[4.17, 0.98, 1.23], [4.24, 4.85, 1.54], [4.09, 6.06, 1.48], [3.59, 3.53, 1.57], [3.81, 2.19, 1.43]]
19:38:21.652 XYZ [[4.17, 0.96, 1.21], [4.26, 4.84, 1.54], [4.07, 6.02, 1.48], [3.55, 3.53, 1.6], [3.75, 2.17, 1.44]]
19:38:21.735 XYZ [[4.16, 0.95, 1.21], [4.28, 4.84, 1.53], [4.04, 6.03, 1.5], [3.53, 3.51, 1.61], [3.74, 2.16, 1.46]]
19:38:21.819 XYZ [[4.14, 0.94, 1.21], [4.28, 4.84, 1.53], [4.03, 6.05, 1.52], [3.53, 3.53, 1.65], [3.75, 2.16, 1.45]]
19:38:21.902 XYZ [[4.12, 0.95, 1.21], [4.28, 4.84, 1.53], [4.0, 6.06, 1.52], [3.51, 3.53, 1.66], [3.79, 2.17, 1.43]]
19:38:21.986 XYZ [[4.12, 0.94, 1.2], [4.26, 4.84, 1.54], [4.0, 6.07, 1.55], [3.51, 3.51, 1.65], [3.84, 2.17, 1.39]]
19:38:22.069 XYZ [[4.12, 0.95, 1.23], [4.25, 4.84, 1.54], [4.0, 6.07, 1.55], [3.51, 3.54, 1.67], [3.86, 2.18, 1.37]]
19:38:22.152 XYZ [[4.12, 0.96, 1.27], [4.23, 4.85, 1.52], [3.97, 6.05, 1.53], [3.55, 3.52, 1.74], [3.92, 2.15, 1.4]]
19:38:22.236 XYZ [[4.15, 0.96, 1.27], [4.23, 4.85, 1.53], [4.03, 6.04, 1.52], [3.56, 3.51, 1.85], [3.88, 2.13, 1.4]]
19:38:22.319 XYZ [[4.15, 0.97, 1.29], [4.23, 4.85, 1.53], [4.03, 6.04, 1.52], [3.58, 3.54, 1.86], [3.92, 2.12, 1.4]]
19:38:22.403 XYZ [[4.19, 0.98, 1.3], [4.23, 4.86, 1.53], [4.08, 6.04, 1.54], [3.55, 3.59, 1.86], [3.95, 2.09, 1.32]]
19:38:22.486 XYZ [[4.19, 0.98, 1.31], [4.22, 4.86, 1.54], [4.1, 6.05, 1.55], [3.56, 3.6, 1.88], [3.95, 2.07, 1.29]]
19:38:22.569 XYZ [[4.2, 0.96, 1.32], [4.24, 4.87, 1.53], [4.13, 6.06, 1.56], [3.65, 3.63, 1.81], [3.98, 2.1, 1.28]]
19:38:22.653 XYZ [[4.19, 0.96, 1.33], [4.23, 4.86, 1.53], [4.16, 6.05, 1.56], [3.66, 3.68, 1.8], [3.99, 2.08, 1.24]]
19:38:22.736 XYZ [[4.2, 0.96, 1.34], [4.24, 4.86, 1.55], [4.18, 6.05, 1.57], [3.66, 3.68, 1.8], [4.03, 2.09, 1.25]]
19:38:22.820 XYZ [[4.17, 0.96, 1.33], [4.26, 4.87, 1.55], [4.2, 6.04, 1.59], [3.66, 3.72, 1.78], [3.97, 2.12, 1.27]]
19:38:22.903 XYZ [[4.19, 0.94, 1.35], [4.25, 4.87, 1.57], [4.19, 6.05, 1.6], [3.71, 3.75, 1.75], [3.98, 2.14, 1.3]]
19:38:22.988 XYZ [[4.19, 0.93, 1.32], [4.25, 4.88, 1.58], [4.2, 6.05, 1.6], [3.7, 3.76, 1.73], [3.93, 2.15, 1.34]]
19:38:23.071 XYZ [[4.19, 0.93, 1.32], [4.24, 4.87, 1.57], [4.21, 6.04, 1.61], [3.74, 3.76, 1.74], [3.91, 2.16, 1.34]]
19:38:23.155 XYZ [[4.17, 0.92, 1.31], [4.23, 4.87, 1.56], [4.22, 6.02, 1.61], [3.77, 3.75, 1.73], [3.9, 2.21, 1.38]]
19:38:23.238 XYZ [[4.15, 0.91, 1.3], [4.22, 4.86, 1.57], [4.24, 6.01, 1.6], [3.78, 3.76, 1.73], [3.87, 2.28, 1.39]]
19:38:23.321 XYZ [[4.14, 0.89, 1.3], [4.21, 4.86, 1.57], [4.24, 6.01, 1.59], [3.8, 3.76, 1.73], [3.89, 2.31, 1.37]]
19:38:23.405 XYZ [[4.13, 0.92, 1.33], [4.22, 4.87, 1.58], [4.21, 6.04, 1.62], [3.8, 3.77, 1.71], [3.91, 2.37, 1.35]]
19:38:23.489 XYZ [[4.13, 0.91, 1.32], [4.22, 4.87, 1.6], [4.2, 6.03, 1.6], [3.81, 3.77, 1.69], [3.94, 2.4, 1.37]]
19:38:23.572 XYZ [[4.13, 0.91, 1.33], [4.22, 4.87, 1.59], [4.22, 6.02, 1.59], [3.8, 3.78, 1.66], [3.95, 2.4, 1.39]]
19:38:23.656 XYZ [[4.14, 0.92, 1.34], [4.21, 4.86, 1.59], [4.23, 6.02, 1.56], [3.79, 3.78, 1.65], [3.96, 2.42, 1.38]]
19:38:23.739 XYZ [[4.13, 0.95, 1.37], [4.2, 4.86, 1.6], [4.21, 6.01, 1.55], [3.81, 3.77, 1.66], [3.97, 2.44, 1.38]]
19:38:23.823 XYZ [[4.14, 0.95, 1.35], [4.2, 4.87, 1.62], [4.22, 6.01, 1.54], [3.83, 3.75, 1.62], [3.95, 2.44, 1.38]]
19:38:23.906 XYZ [[4.16, 0.93, 1.36], [4.2, 4.87, 1.62], [4.22, 6.01, 1.52], [3.86, 3.72, 1.63], [3.95, 2.44, 1.39]]
19:38:23.989 XYZ [[4.16, 0.92, 1.37], [4.19, 4.87, 1.62], [4.22, 6.02, 1.5], [3.88, 3.71, 1.63], [3.96, 2.45, 1.37]]
19:38:24.073 XYZ [[4.16, 0.94, 1.37], [4.18, 4.87, 1.61], [4.2, 6.01, 1.47], [3.87, 3.66, 1.61], [3.97, 2.45, 1.37]]
19:38:24.156 XYZ [[4.14, 0.95, 1.36], [4.17, 4.86, 1.59], [4.17, 6.04, 1.44], [3.86, 3.62, 1.59], [3.96, 2.44, 1.36]]
19:38:24.240 XYZ [[4.14, 0.95, 1.34], [4.17, 4.86, 1.59], [4.14, 6.03, 1.46], [3.86, 3.6, 1.59], [3.96, 2.43, 1.37]]
19:38:24.323 XYZ [[4.14, 0.94, 1.33], [4.19, 4.89, 1.59], [4.14, 6.03, 1.47], [3.85, 3.58, 1.6], [3.97, 2.42, 1.4]]
19:38:24.407 XYZ [[4.13, 0.93, 1.34], [4.18, 4.89, 1.59], [4.14, 6.06, 1.47], [3.83, 3.57, 1.59], [3.96, 2.41, 1.41]]
19:38:24.494 XYZ [[4.12, 0.93, 1.33], [4.18, 4.87, 1.59], [4.14, 6.05, 1.49], [3.82, 3.58, 1.6], [3.93, 2.38, 1.42]]
19:38:24.578 XYZ [[4.11, 0.93, 1.33], [4.19, 4.86, 1.59], [4.14, 6.05, 1.51], [3.78, 3.59, 1.6], [3.92, 2.37, 1.41]]
19:38:24.661 XYZ [[4.09, 0.93, 1.36], [4.2, 4.86, 1.59], [4.15, 6.05, 1.5], [3.77, 3.63, 1.61], [3.89, 2.33, 1.42]]
19:38:24.745 XYZ [[4.07, 0.96, 1.36], [4.17, 4.84, 1.6], [4.15, 6.03, 1.49], [3.75, 3.65, 1.6], [3.85, 2.32, 1.42]]
19:38:24.828 XYZ [[4.08, 0.96, 1.35], [4.18, 4.8, 1.63], [4.14, 6.01, 1.48], [3.71, 3.66, 1.58], [3.82, 2.3, 1.42]]
19:38:24.912 XYZ [[4.05, 0.97, 1.37], [4.17, 4.79, 1.63], [4.11, 5.99, 1.49], [3.67, 3.71, 1.57], [3.75, 2.27, 1.42]]
19:38:24.995 XYZ [[4.02, 0.97, 1.35], [4.15, 4.75, 1.66], [4.08, 5.98, 1.47], [3.66, 3.73, 1.56], [3.7, 2.27, 1.38]]
19:38:25.079 XYZ [[4.01, 0.98, 1.35], [4.14, 4.73, 1.66], [4.07, 5.98, 1.48], [3.64, 3.79, 1.51], [3.69, 2.28, 1.39]]
19:38:25.162 XYZ [[3.94, 0.99, 1.35], [4.13, 4.72, 1.67], [4.05, 5.97, 1.49], [3.63, 3.83, 1.46], [3.61, 2.3, 1.36]]
19:38:25.246 XYZ [[3.88, 1.01, 1.35], [4.09, 4.7, 1.66], [4.01, 5.95, 1.52], [3.61, 3.86, 1.41], [3.53, 2.34, 1.37]]
19:38:25.329 XYZ [[3.83, 1.02, 1.35], [4.06, 4.71, 1.68], [4.01, 5.96, 1.54], [3.61, 3.87, 1.4], [3.48, 2.35, 1.36]]
19:38:25.412 XYZ [[3.75, 1.02, 1.34], [4.03, 4.75, 1.64], [3.95, 5.99, 1.58], [3.58, 3.88, 1.39], [3.43, 2.37, 1.38]]
19:38:25.496 XYZ [[3.66, 1.04, 1.38], [3.99, 4.75, 1.6], [3.88, 6.02, 1.62], [3.57, 3.87, 1.37], [3.36, 2.41, 1.37]]
19:38:25.579 XYZ [[3.58, 1.04, 1.38], [3.99, 4.75, 1.58], [3.84, 6.02, 1.64], [3.54, 3.88, 1.36], [3.33, 2.42, 1.36]]
19:38:25.663 XYZ [[3.54, 1.09, 1.39], [3.95, 4.78, 1.52], [3.78, 6.02, 1.65], [3.52, 3.91, 1.34], [3.28, 2.43, 1.34]]
19:38:25.746 XYZ [[3.48, 1.06, 1.39], [3.96, 4.79, 1.52], [3.71, 6.02, 1.68], [3.53, 3.92, 1.35], [3.22, 2.43, 1.35]]
19:38:25.830 XYZ [[3.44, 1.07, 1.39], [3.92, 4.81, 1.49], [3.65, 6.0, 1.68], [3.52, 3.92, 1.37], [3.2, 2.44, 1.36]]
19:38:25.913 XYZ [[3.37, 1.07, 1.38], [3.91, 4.81, 1.47], [3.63, 6.0, 1.69], [3.5, 3.89, 1.33], [3.14, 2.42, 1.37]]
19:38:25.997 XYZ [[3.33, 1.1, 1.38], [3.85, 4.84, 1.42], [3.57, 6.0, 1.68], [3.5, 3.87, 1.32], [3.08, 2.4, 1.39]]
19:38:26.080 XYZ [[3.31, 1.09, 1.36], [3.81, 4.86, 1.43], [3.52, 5.99, 1.65], [3.49, 3.82, 1.34], [3.05, 2.41, 1.4]]
19:38:26.164 XYZ [[3.27, 1.09, 1.33], [3.76, 4.86, 1.41], [3.42, 5.97, 1.61], [3.42, 3.77, 1.31], [2.98, 2.4, 1.42]]
19:38:26.248 XYZ [[3.23, 1.08, 1.31], [3.66, 4.86, 1.35], [3.33, 5.96, 1.53], [3.39, 3.76, 1.31], [2.95, 2.38, 1.41]]
19:38:26.331 XYZ [[3.18, 1.08, 1.32], [3.55, 4.87, 1.36], [3.24, 5.93, 1.49], [3.31, 3.72, 1.34], [2.9, 2.35, 1.44]]
19:38:26.414 XYZ [[3.1, 1.04, 1.33], [3.38, 4.85, 1.31], [3.18, 5.92, 1.46], [3.22, 3.66, 1.4], [2.87, 2.35, 1.45]]
19:38:26.498 XYZ [[3.02, 1.01, 1.31], [3.32, 4.85, 1.32], [3.07, 5.9, 1.41], [3.16, 3.64, 1.42], [2.81, 2.33, 1.44]]
19:38:26.581 XYZ [[2.96, 1.01, 1.29], [3.22, 4.87, 1.31], [3.0, 5.89, 1.4], [3.0, 3.59, 1.46], [2.76, 2.35, 1.43]]
19:38:26.665 XYZ [[2.91, 1.0, 1.29], [3.11, 4.84, 1.36], [2.96, 5.89, 1.38], [2.89, 3.57, 1.48], [2.75, 2.37, 1.42]]
19:38:26.748 XYZ [[2.83, 0.98, 1.26], [3.06, 4.83, 1.38], [2.88, 5.92, 1.37], [2.83, 3.58, 1.49], [2.69, 2.39, 1.41]]
19:38:26.832 XYZ [[2.78, 0.96, 1.24], [2.95, 4.82, 1.37], [2.81, 5.93, 1.33], [2.7, 3.58, 1.47], [2.58, 2.34, 1.37]]
19:38:26.915 XYZ [[2.69, 0.9, 1.23], [2.89, 4.82, 1.36], [2.76, 5.95, 1.33], [2.48, 3.6, 1.46], [2.52, 2.34, 1.39]]
19:38:26.999 XYZ [[2.63, 0.87, 1.24], [2.76, 4.81, 1.35], [2.66, 5.98, 1.3], [2.33, 3.6, 1.49], [2.4, 2.37, 1.42]]
19:38:27.082 XYZ [[2.57, 0.87, 1.25], [2.65, 4.8, 1.35], [2.56, 6.03, 1.31], [2.26, 3.6, 1.51], [2.29, 2.39, 1.43]]
19:38:27.166 XYZ [[2.52, 0.87, 1.24], [2.6, 4.79, 1.36], [2.5, 6.05, 1.3], [2.21, 3.6, 1.52], [2.26, 2.4, 1.42]]
19:38:27.249 XYZ [[2.45, 0.88, 1.32], [2.49, 4.77, 1.37], [2.41, 6.1, 1.29], [2.05, 3.68, 1.56], [2.19, 2.44, 1.42]]
19:38:27.333 XYZ [[2.34, 0.92, 1.31], [2.41, 4.76, 1.39], [2.34, 6.12, 1.31], [2.01, 3.74, 1.55], [2.1, 2.46, 1.38]]
19:38:27.416 XYZ [[2.3, 0.94, 1.29], [2.32, 4.76, 1.39], [2.3, 6.14, 1.29], [1.9, 3.82, 1.5], [2.07, 2.47, 1.35]]
19:38:27.500 XYZ [[2.23, 1.01, 1.24], [2.28, 4.75, 1.4], [2.21, 6.14, 1.26], [1.82, 3.87, 1.48], [2.03, 2.48, 1.35]]
19:38:27.583 XYZ [[2.19, 1.01, 1.23], [2.16, 4.76, 1.39], [2.17, 6.14, 1.27], [1.77, 3.89, 1.49], [2.0, 2.48, 1.35]]
19:38:27.667 XYZ [[2.13, 1.06, 1.18], [2.02, 4.76, 1.37], [2.08, 6.09, 1.28], [1.68, 3.92, 1.48], [1.93, 2.48, 1.35]]
19:38:27.750 XYZ [[2.08, 1.05, 1.17], [1.99, 4.75, 1.4], [1.98, 6.1, 1.28], [1.55, 3.93, 1.45], [1.82, 2.46, 1.31]]
19:38:27.834 XYZ [[2.05, 1.06, 1.18], [1.9, 4.75, 1.44], [1.88, 6.14, 1.26], [1.5, 3.94, 1.46], [1.78, 2.45, 1.32]]
19:38:27.917 XYZ [[1.97, 1.11, 1.16], [1.81, 4.77, 1.5], [1.83, 6.13, 1.25], [1.44, 3.94, 1.4], [1.71, 2.44, 1.3]]
19:38:28.001 XYZ [[1.86, 1.14, 1.12], [1.76, 4.77, 1.51], [1.68, 6.14, 1.28], [1.42, 3.91, 1.37], [1.63, 2.44, 1.26]]
19:38:28.084 XYZ [[1.8, 1.16, 1.1], [1.64, 4.79, 1.56], [1.55, 6.16, 1.3], [1.37, 3.89, 1.33], [1.57, 2.43, 1.24]]
19:38:28.169 XYZ [[1.7, 1.18, 1.06], [1.58, 4.75, 1.57], [1.49, 6.17, 1.33], [1.28, 3.89, 1.3], [1.47, 2.42, 1.21]]
19:38:28.252 XYZ [[1.6, 1.21, 1.04], [1.54, 4.75, 1.59], [1.37, 6.19, 1.37], [1.23, 3.87, 1.24], [1.4, 2.4, 1.2]]
19:38:28.336 XYZ [[1.49, 1.23, 1.02], [1.44, 4.74, 1.62], [1.26, 6.19, 1.37], [1.21, 3.85, 1.25], [1.29, 2.39, 1.2]]
19:38:28.419 XYZ [[1.41, 1.26, 1.01], [1.33, 4.73, 1.66], [1.21, 6.18, 1.39], [1.12, 3.83, 1.27], [1.24, 2.39, 1.2]]
19:38:28.503 XYZ [[1.28, 1.27, 1.01], [1.3, 4.72, 1.65], [1.17, 6.21, 1.42], [1.06, 3.83, 1.27], [1.15, 2.39, 1.22]]
19:38:28.586 XYZ [[1.22, 1.27, 1.09], [1.22, 4.69, 1.62], [1.12, 6.23, 1.41], [1.01, 3.84, 1.26], [1.07, 2.4, 1.24]]
19:38:28.670 XYZ [[1.22, 1.27, 1.11], [1.13, 4.74, 1.58], [1.12, 6.23, 1.41], [0.96, 3.83, 1.27], [1.03, 2.4, 1.23]]
19:38:28.753 XYZ [[1.15, 1.27, 1.08], [1.07, 4.75, 1.56], [1.09, 6.21, 1.42], [0.92, 3.81, 1.29], [0.95, 2.38, 1.24]]
19:38:28.837 XYZ [[1.13, 1.24, 1.07], [1.03, 4.76, 1.49], [1.07, 6.15, 1.44], [0.9, 3.79, 1.29], [0.88, 2.36, 1.27]]
19:38:28.920 XYZ [[1.1, 1.22, 1.09], [0.95, 4.77, 1.45], [1.02, 6.12, 1.45], [0.86, 3.79, 1.31], [0.84, 2.36, 1.3]]
19:38:29.004 XYZ [[1.02, 1.21, 1.09], [0.89, 4.78, 1.45], [0.92, 6.09, 1.48], [0.79, 3.79, 1.3], [0.75, 2.36, 1.34]]
19:38:29.087 XYZ [[0.96, 1.18, 1.11], [0.78, 4.8, 1.46], [0.82, 6.02, 1.47], [0.76, 3.77, 1.29], [0.67, 2.36, 1.38]]
19:38:29.171 XYZ [[0.91, 1.16, 1.12], [0.7, 4.83, 1.48], [0.76, 6.0, 1.48], [0.68, 3.77, 1.34], [0.62, 2.35, 1.4]]
19:38:29.254 XYZ [[0.83, 1.08, 1.18], [0.66, 4.84, 1.49], [0.68, 5.98, 1.5], [0.63, 3.77, 1.36], [0.53, 2.35, 1.42]]
19:38:29.337 XYZ [[0.76, 1.01, 1.25], [0.57, 4.86, 1.46], [0.6, 5.92, 1.53], [0.54, 3.76, 1.39], [0.43, 2.35, 1.42]]
19:38:29.421 XYZ [[0.73, 0.99, 1.27], [0.52, 4.88, 1.49], [0.56, 5.89, 1.51], [0.45, 3.74, 1.4], [0.44, 2.34, 1.41]]
19:38:29.504 XYZ [[0.65, 0.94, 1.29], [0.48, 4.89, 1.49], [0.49, 5.87, 1.53], [0.37, 3.7, 1.41], [0.4, 2.35, 1.44]]
19:38:29.588 XYZ [[0.62, 0.92, 1.31], [0.39, 4.9, 1.51], [0.44, 5.85, 1.58], [0.31, 3.7, 1.41], [0.33, 2.37, 1.44]]
19:38:29.671 XYZ [[0.62, 0.92, 1.31], [0.36, 4.91, 1.51], [0.44, 5.85, 1.58], [0.25, 3.69, 1.41], [0.33, 2.37, 1.44]]
19:38:29.755 XYZ [[0.51, 0.87, 1.42], [0.28, 4.91, 1.52], [0.39, 5.84, 1.64], [0.12, 3.65, 1.5], [0.21, 2.36, 1.45]]
19:38:29.838 XYZ [[0.39, 0.8, 1.46], [0.21, 4.91, 1.55], [0.35, 5.84, 1.64], [0.09, 3.65, 1.51], [0.15, 2.36, 1.47]]
19:38:29.922 XYZ [[0.39, 0.8, 1.46], [0.11, 4.9, 1.58], [0.35, 5.84, 1.64], [0.01, 3.62, 1.51], [0.1, 2.35, 1.47]]
19:38:30.006 XYZ [[0.25, 0.8, 1.54], [0.07, 4.91, 1.6], [0.35, 5.84, 1.64], [-0.06, 3.58, 1.53], [0.02, 2.36, 1.47]]
19:38:30.089 XYZ [[0.17, 0.82, 1.57], [0.02, 4.94, 1.62], [0.08, 5.78, 1.7], [-0.09, 3.58, 1.58], [-0.03, 2.35, 1.5]]
19:38:30.173 XYZ [[0.17, 0.82, 1.57], [-0.04, 4.96, 1.68], [-0.01, 5.81, 1.73], [-0.12, 3.56, 1.62], [-0.02, 2.39, 1.53]]
19:38:30.256 XYZ [[0.08, 0.86, 1.62], [-0.02, 4.97, 1.67], [-0.01, 5.79, 1.73], [-0.15, 3.54, 1.6], [-0.03, 2.39, 1.55]]
19:38:30.340 XYZ [[0.03, 0.89, 1.64], [-0.04, 4.97, 1.65], [-0.01, 5.82, 1.74], [-0.17, 3.51, 1.59], [-0.06, 2.36, 1.56]]
19:38:30.423 XYZ [[0.03, 0.88, 1.64], [-0.08, 4.98, 1.64], [-0.01, 5.84, 1.78], [-0.19, 3.52, 1.61], [-0.05, 2.36, 1.54]]
19:38:30.507 XYZ [[0.01, 0.88, 1.66], [-0.07, 4.97, 1.6], [0.08, 5.88, 1.82], [-0.19, 3.51, 1.58], [-0.0, 2.41, 1.51]]
19:38:30.590 XYZ [[-0.01, 0.89, 1.7], [-0.05, 4.96, 1.6], [0.15, 5.93, 1.72], [-0.2, 3.49, 1.6], [-0.0, 2.44, 1.47]]
19:38:30.674 XYZ [[0.01, 0.9, 1.71], [-0.03, 4.98, 1.61], [0.2, 5.96, 1.72], [-0.18, 3.53, 1.63], [0.02, 2.46, 1.46]]
19:38:30.757 XYZ [[0.06, 0.93, 1.74], [-0.0, 4.99, 1.6], [0.27, 5.98, 1.65], [-0.15, 3.56, 1.6], [0.02, 2.51, 1.46]]
19:38:30.841 XYZ [[0.12, 0.96, 1.72], [0.0, 4.98, 1.61], [0.31, 6.0, 1.59], [-0.12, 3.57, 1.58], [0.05, 2.56, 1.46]]
19:38:30.924 XYZ [[0.18, 0.98, 1.71], [0.04, 4.99, 1.57], [0.34, 6.0, 1.56], [-0.07, 3.59, 1.58], [0.08, 2.57, 1.49]]
19:38:31.007 XYZ [[0.27, 0.97, 1.71], [0.09, 4.99, 1.57], [0.38, 6.01, 1.51], [0.07, 3.57, 1.53], [0.15, 2.63, 1.52]]
19:38:31.091 XYZ [[0.38, 0.94, 1.7], [0.11, 5.0, 1.57], [0.45, 6.04, 1.46], [0.08, 3.61, 1.54], [0.25, 2.64, 1.51]]
19:38:31.174 XYZ [[0.45, 0.95, 1.72], [0.2, 5.01, 1.56], [0.46, 6.05, 1.46], [0.11, 3.62, 1.53], [0.25, 2.63, 1.52]]
19:38:31.258 XYZ [[0.56, 0.97, 1.72], [0.22, 5.01, 1.55], [0.49, 6.08, 1.45], [0.22, 3.67, 1.51], [0.34, 2.64, 1.46]]
19:38:31.341 XYZ [[0.65, 0.96, 1.71], [0.27, 5.03, 1.53], [0.6, 6.1, 1.47], [0.25, 3.69, 1.52], [0.39, 2.66, 1.46]]
19:38:31.425 XYZ [[0.7, 0.94, 1.69], [0.36, 5.05, 1.49], [0.72, 6.1, 1.5], [0.34, 3.74, 1.46], [0.42, 2.65, 1.46]]
19:38:31.508 XYZ [[0.77, 0.98, 1.66], [0.41, 5.06, 1.48], [0.78, 6.1, 1.52], [0.39, 3.8, 1.43], [0.49, 2.62, 1.51]]
19:38:31.592 XYZ [[0.86, 1.01, 1.67], [0.49, 5.09, 1.49], [0.89, 6.08, 1.55], [0.42, 3.81, 1.43], [0.54, 2.57, 1.5]]
19:38:31.675 XYZ [[0.9, 1.03, 1.69], [0.62, 5.1, 1.51], [0.93, 6.06, 1.57], [0.51, 3.84, 1.43], [0.59, 2.57, 1.49]]
19:38:31.759 XYZ [[1.0, 1.06, 1.67], [0.69, 5.08, 1.5], [1.02, 6.0, 1.56], [0.57, 3.84, 1.43], [0.63, 2.5, 1.51]]
19:38:31.842 XYZ [[1.09, 1.09, 1.65], [0.79, 5.08, 1.49], [1.09, 5.97, 1.57], [0.61, 3.84, 1.44], [0.68, 2.44, 1.53]]
19:38:31.926 XYZ [[1.17, 1.14, 1.62], [0.89, 5.04, 1.47], [1.14, 5.91, 1.54], [0.7, 3.8, 1.46], [0.74, 2.43, 1.52]]
19:38:32.012 XYZ [[1.19, 1.15, 1.61], [0.95, 5.02, 1.47], [1.15, 5.87, 1.53], [0.78, 3.76, 1.48], [0.86, 2.34, 1.47]]
19:38:32.095 XYZ [[1.25, 1.18, 1.59], [1.08, 5.0, 1.47], [1.19, 5.85, 1.52], [0.83, 3.75, 1.47], [0.95, 2.29, 1.42]]
19:38:32.178 XYZ [[1.29, 1.19, 1.58], [1.19, 4.98, 1.47], [1.2, 5.85, 1.5], [0.96, 3.7, 1.46], [0.99, 2.29, 1.4]]
19:38:32.262 XYZ [[1.39, 1.21, 1.55], [1.31, 4.96, 1.46], [1.21, 5.86, 1.51], [1.09, 3.67, 1.46], [1.06, 2.25, 1.37]]
19:38:32.345 XYZ [[1.45, 1.25, 1.55], [1.36, 4.95, 1.47], [1.28, 5.86, 1.54], [1.2, 3.64, 1.48], [1.13, 2.24, 1.36]]
19:38:32.429 XYZ [[1.53, 1.25, 1.55], [1.47, 4.92, 1.47], [1.35, 5.84, 1.55], [1.25, 3.64, 1.5], [1.21, 2.25, 1.35]]
19:38:32.512 XYZ [[1.58, 1.23, 1.56], [1.59, 4.89, 1.46], [1.4, 5.85, 1.54], [1.36, 3.62, 1.53], [1.2, 2.27, 1.33]]
19:38:32.596 XYZ [[1.67, 1.23, 1.57], [1.63, 4.88, 1.45], [1.47, 5.83, 1.51], [1.42, 3.62, 1.54], [1.32, 2.31, 1.35]]
19:38:32.679 XYZ [[1.73, 1.22, 1.57], [1.75, 4.86, 1.43], [1.52, 5.83, 1.5], [1.53, 3.63, 1.57], [1.37, 2.3, 1.34]]
19:38:32.763 XYZ [[1.83, 1.23, 1.56], [1.75, 4.86, 1.43], [1.63, 5.84, 1.49], [1.64, 3.62, 1.57], [1.5, 2.33, 1.32]]
19:38:32.846 XYZ [[1.92, 1.23, 1.51], [1.93, 4.84, 1.41], [1.75, 5.83, 1.5], [1.74, 3.63, 1.55], [1.61, 2.4, 1.3]]
19:38:32.929 XYZ [[2.01, 1.24, 1.48], [2.03, 4.82, 1.41], [1.88, 5.83, 1.5], [1.79, 3.64, 1.56], [1.72, 2.44, 1.3]]
19:38:33.013 XYZ [[2.04, 1.22, 1.48], [2.13, 4.79, 1.43], [1.94, 5.84, 1.51], [1.9, 3.64, 1.52], [1.78, 2.46, 1.31]]
19:38:33.096 XYZ [[2.11, 1.25, 1.46], [2.16, 4.78, 1.43], [2.04, 5.81, 1.51], [2.01, 3.64, 1.55], [1.9, 2.48, 1.3]]
19:38:33.180 XYZ [[2.15, 1.25, 1.46], [2.26, 4.77, 1.41], [2.12, 5.82, 1.47], [2.05, 3.65, 1.58], [1.94, 2.48, 1.31]]
19:38:33.263 XYZ [[2.24, 1.27, 1.45], [2.37, 4.75, 1.42], [2.16, 5.81, 1.46], [2.14, 3.65, 1.61], [2.04, 2.49, 1.3]]
19:38:33.347 XYZ [[2.32, 1.3, 1.4], [2.43, 4.74, 1.42], [2.22, 5.8, 1.43], [2.21, 3.64, 1.61], [2.12, 2.47, 1.28]]
19:38:33.432 XYZ [[2.41, 1.33, 1.35], [2.55, 4.71, 1.4], [2.29, 5.81, 1.39], [2.25, 3.62, 1.61], [2.2, 2.45, 1.24]]
19:38:33.515 XYZ [[2.46, 1.34, 1.32], [2.64, 4.71, 1.42], [2.32, 5.82, 1.39], [2.31, 3.6, 1.6], [2.25, 2.45, 1.21]]
19:38:33.599 XYZ [[2.53, 1.34, 1.31], [2.71, 4.72, 1.41], [2.37, 5.82, 1.36], [2.36, 3.59, 1.6], [2.35, 2.45, 1.16]]
19:38:33.682 XYZ [[2.57, 1.31, 1.34], [2.81, 4.71, 1.41], [2.42, 5.83, 1.39], [2.42, 3.59, 1.6], [2.41, 2.44, 1.16]]
19:38:33.766 XYZ [[2.59, 1.3, 1.33], [2.88, 4.71, 1.46], [2.47, 5.82, 1.38], [2.49, 3.59, 1.59], [2.45, 2.45, 1.17]]
19:38:33.849 XYZ [[2.68, 1.27, 1.32], [2.94, 4.71, 1.46], [2.6, 5.83, 1.38], [2.56, 3.6, 1.59], [2.53, 2.47, 1.18]]
19:38:33.933 XYZ [[2.73, 1.23, 1.33], [3.01, 4.73, 1.47], [2.7, 5.84, 1.36], [2.6, 3.62, 1.6], [2.62, 2.49, 1.23]]
19:38:34.016 XYZ [[2.78, 1.23, 1.32], [3.09, 4.75, 1.51], [2.76, 5.84, 1.35], [2.68, 3.63, 1.6], [2.65, 2.49, 1.26]]
19:38:34.099 XYZ [[2.85, 1.19, 1.31], [3.14, 4.76, 1.51], [2.88, 5.83, 1.33], [2.71, 3.64, 1.58], [2.75, 2.5, 1.28]]
19:38:34.183 XYZ [[2.9, 1.12, 1.29], [3.17, 4.76, 1.54], [2.95, 5.84, 1.33], [2.78, 3.64, 1.58], [2.81, 2.52, 1.26]]
19:38:34.266 XYZ [[2.96, 1.11, 1.27], [3.29, 4.81, 1.54], [2.99, 5.85, 1.34], [2.84, 3.65, 1.52], [2.86, 2.52, 1.24]]
19:38:34.350 XYZ [[3.03, 1.06, 1.29], [3.32, 4.81, 1.56], [3.11, 5.83, 1.34], [2.87, 3.66, 1.49], [2.96, 2.54, 1.25]]
19:38:34.435 XYZ [[3.11, 1.03, 1.3], [3.41, 4.81, 1.57], [3.21, 5.83, 1.35], [2.94, 3.65, 1.44], [3.06, 2.52, 1.25]]
19:38:34.518 XYZ [[3.13, 1.02, 1.3], [3.53, 4.81, 1.56], [3.26, 5.84, 1.35], [3.01, 3.63, 1.4], [3.08, 2.51, 1.27]]
19:38:34.602 XYZ [[3.2, 1.03, 1.32], [3.57, 4.81, 1.56], [3.33, 5.85, 1.35], [3.04, 3.62, 1.38], [3.14, 2.51, 1.26]]
19:38:34.685 XYZ [[3.24, 1.03, 1.31], [3.67, 4.81, 1.59], [3.41, 5.86, 1.33], [3.11, 3.6, 1.37], [3.22, 2.49, 1.27]]
19:38:34.768 XYZ [[3.27, 1.02, 1.33], [3.76, 4.84, 1.61], [3.45, 5.87, 1.32], [3.21, 3.58, 1.4], [3.27, 2.49, 1.27]]
19:38:34.853 XYZ [[3.33, 1.02, 1.36], [3.8, 4.87, 1.59], [3.51, 5.89, 1.34], [3.32, 3.57, 1.39], [3.34, 2.47, 1.26]]
19:38:34.936 XYZ [[3.39, 1.02, 1.37], [3.89, 4.89, 1.57], [3.58, 5.92, 1.42], [3.36, 3.57, 1.36], [3.4, 2.45, 1.21]]
19:38:35.020 XYZ [[3.42, 1.02, 1.38], [3.97, 4.91, 1.57], [3.63, 5.92, 1.41], [3.42, 3.55, 1.35], [3.43, 2.45, 1.2]]
19:38:35.110 XYZ [[3.48, 1.01, 1.4], [4.05, 4.93, 1.58], [3.73, 5.91, 1.43], [3.49, 3.55, 1.33], [3.5, 2.42, 1.21]]
19:38:35.193 XYZ [[3.54, 1.0, 1.4], [4.09, 4.94, 1.59], [3.83, 5.89, 1.43], [3.53, 3.56, 1.32], [3.57, 2.42, 1.23]]
19:38:35.277 XYZ [[3.57, 0.99, 1.4], [4.15, 4.96, 1.6], [3.94, 5.9, 1.47], [3.61, 3.58, 1.33], [3.61, 2.43, 1.23]]
19:38:35.360 XYZ [[3.65, 1.0, 1.38], [4.17, 4.97, 1.64], [3.99, 5.91, 1.45], [3.68, 3.57, 1.34], [3.71, 2.38, 1.25]]
19:38:35.444 XYZ [[3.72, 1.0, 1.35], [4.25, 5.0, 1.64], [4.07, 5.88, 1.43], [3.73, 3.57, 1.39], [3.77, 2.37, 1.25]]
19:38:35.527 XYZ [[3.79, 1.0, 1.35], [4.29, 5.01, 1.63], [4.15, 5.86, 1.45], [3.75, 3.57, 1.42], [3.85, 2.34, 1.24]]
19:38:35.611 XYZ [[3.84, 1.01, 1.35], [4.34, 5.01, 1.62], [4.2, 5.85, 1.46], [3.85, 3.6, 1.47], [3.89, 2.33, 1.25]]
19:38:35.694 XYZ [[3.93, 1.04, 1.36], [4.38, 5.01, 1.62], [4.28, 5.83, 1.47], [3.9, 3.62, 1.5], [3.96, 2.3, 1.25]]
19:38:35.778 XYZ [[3.96, 1.04, 1.37], [4.43, 5.02, 1.62], [4.34, 5.82, 1.51], [3.98, 3.63, 1.56], [4.01, 2.3, 1.28]]
19:38:35.861 XYZ [[4.05, 1.06, 1.42], [4.43, 5.02, 1.62], [4.36, 5.82, 1.53], [4.07, 3.66, 1.61], [4.11, 2.29, 1.27]]
19:38:35.944 XYZ [[4.14, 1.06, 1.47], [4.54, 5.03, 1.64], [4.4, 5.83, 1.57], [4.15, 3.67, 1.64], [4.17, 2.3, 1.25]]
19:38:36.028 XYZ [[4.22, 1.06, 1.46], [4.62, 5.03, 1.68], [4.42, 5.83, 1.59], [4.17, 3.67, 1.68], [4.21, 2.28, 1.26]]
19:38:36.111 XYZ [[4.27, 1.07, 1.46], [4.7, 5.02, 1.69], [4.41, 5.83, 1.62], [4.22, 3.69, 1.72], [4.21, 2.3, 1.35]]
19:38:36.196 XYZ [[4.39, 1.1, 1.47], [4.73, 5.0, 1.7], [4.47, 5.83, 1.66], [4.25, 3.69, 1.74], [4.26, 2.31, 1.43]]
19:38:36.279 XYZ [[4.49, 1.12, 1.47], [4.78, 4.97, 1.71], [4.49, 5.84, 1.64], [4.27, 3.71, 1.73], [4.24, 2.26, 1.47]]
19:38:36.374 XYZ [[4.54, 1.12, 1.47], [4.82, 4.98, 1.72], [4.5, 5.84, 1.67], [4.31, 3.71, 1.76], [4.26, 2.23, 1.48]]
19:38:36.457 XYZ [[4.64, 1.15, 1.45], [4.84, 4.97, 1.73], [4.51, 5.85, 1.68], [4.36, 3.71, 1.82], [4.32, 2.32, 1.46]]
19:38:36.541 XYZ [[4.68, 1.18, 1.41], [4.86, 5.01, 1.76], [4.52, 5.85, 1.69], [4.39, 3.71, 1.83], [4.34, 2.35, 1.46]]
19:38:36.624 XYZ [[4.75, 1.19, 1.38], [4.81, 5.01, 1.74], [4.54, 5.87, 1.68], [4.43, 3.69, 1.89], [4.38, 2.38, 1.55]]
19:38:36.708 XYZ [[4.78, 1.2, 1.38], [4.82, 5.01, 1.75], [4.53, 5.89, 1.68], [4.45, 3.67, 1.95], [4.4, 2.39, 1.59]]
19:38:36.791 XYZ [[4.8, 1.17, 1.36], [4.83, 5.01, 1.76], [4.52, 5.91, 1.66], [4.45, 3.67, 1.95], [4.39, 2.41, 1.6]]
19:38:36.874 XYZ [[4.81, 1.18, 1.37], [4.82, 5.0, 1.75], [4.51, 5.93, 1.64], [4.4, 3.7, 1.96], [4.38, 2.41, 1.62]]
19:38:36.958 XYZ [[4.8, 1.15, 1.37], [4.79, 4.99, 1.72], [4.53, 5.96, 1.65], [4.37, 3.71, 1.97], [4.31, 2.43, 1.6]]
19:38:37.041 XYZ [[4.76, 1.11, 1.36], [4.71, 4.97, 1.71], [4.5, 6.07, 1.74], [4.35, 3.7, 1.95], [4.23, 2.42, 1.58]]
19:38:37.125 XYZ [[4.74, 1.12, 1.33], [4.74, 4.94, 1.72], [4.51, 6.13, 1.75], [4.36, 3.7, 1.95], [4.18, 2.41, 1.59]]
19:38:37.209 XYZ [[4.75, 1.13, 1.31], [4.76, 4.93, 1.73], [4.5, 6.14, 1.73], [4.37, 3.7, 1.97], [4.15, 2.41, 1.56]]
19:38:37.293 XYZ [[4.72, 1.11, 1.31], [4.75, 4.93, 1.76], [4.5, 6.12, 1.73], [4.33, 3.67, 2.01], [4.12, 2.38, 1.51]]
19:38:37.377 XYZ [[4.65, 1.08, 1.34], [4.72, 4.92, 1.78], [4.46, 6.09, 1.78], [4.3, 3.64, 2.01], [4.1, 2.37, 1.5]]
19:38:37.460 XYZ [[4.6, 1.06, 1.31], [4.7, 4.92, 1.76], [4.42, 6.07, 1.75], [4.29, 3.57, 2.05], [4.09, 2.32, 1.47]]
19:38:37.544 XYZ [[4.47, 1.07, 1.33], [4.65, 4.92, 1.75], [4.39, 6.05, 1.77], [4.2, 3.54, 2.05], [4.06, 2.28, 1.41]]
19:38:37.635 XYZ [[4.36, 1.07, 1.33], [4.5, 4.93, 1.74], [4.27, 6.02, 1.71], [4.18, 3.5, 2.05], [4.02, 2.28, 1.36]]
19:38:37.718 XYZ [[4.28, 1.07, 1.3], [4.4, 4.94, 1.74], [4.24, 5.99, 1.68], [4.09, 3.49, 1.99], [4.0, 2.27, 1.34]]
19:38:37.802 XYZ [[4.15, 1.09, 1.29], [4.31, 4.95, 1.74], [4.18, 5.94, 1.64], [4.03, 3.5, 2.0], [3.97, 2.26, 1.3]]
19:38:37.885 XYZ [[4.05, 1.08, 1.28], [4.27, 4.95, 1.73], [4.1, 5.91, 1.62], [3.99, 3.5, 2.02], [3.92, 2.25, 1.33]]
19:38:37.968 XYZ [[3.97, 1.09, 1.26], [4.21, 4.93, 1.68], [4.06, 5.9, 1.62], [3.93, 3.52, 1.99], [3.88, 2.23, 1.3]]
19:38:38.052 XYZ [[3.83, 1.09, 1.24], [4.17, 4.92, 1.67], [3.97, 5.87, 1.62], [3.87, 3.5, 2.02], [3.84, 2.25, 1.3]]
19:38:38.135 XYZ [[3.72, 1.09, 1.21], [4.09, 4.92, 1.63], [3.86, 5.88, 1.63], [3.83, 3.5, 2.03], [3.78, 2.24, 1.28]]
19:38:38.219 XYZ [[3.66, 1.09, 1.22], [4.01, 4.92, 1.61], [3.8, 5.88, 1.62], [3.74, 3.52, 1.97], [3.76, 2.25, 1.26]]
19:38:38.302 XYZ [[3.58, 1.11, 1.22], [3.91, 4.91, 1.62], [3.73, 5.87, 1.58], [3.7, 3.53, 1.93], [3.71, 2.27, 1.22]]
19:38:38.386 XYZ [[3.5, 1.13, 1.22], [3.87, 4.91, 1.6], [3.66, 5.89, 1.54], [3.6, 3.55, 1.89], [3.66, 2.32, 1.18]]
19:38:38.470 XYZ [[3.4, 1.12, 1.23], [3.82, 4.88, 1.59], [3.59, 5.89, 1.49], [3.55, 3.57, 1.86], [3.63, 2.32, 1.16]]
19:38:38.553 XYZ [[3.35, 1.11, 1.22], [3.78, 4.88, 1.58], [3.54, 5.89, 1.47], [3.5, 3.57, 1.83], [3.56, 2.3, 1.15]]
19:38:38.637 XYZ [[3.26, 1.11, 1.24], [3.74, 4.88, 1.55], [3.5, 5.89, 1.47], [3.46, 3.56, 1.84], [3.52, 2.29, 1.1]]
19:38:38.720 XYZ [[3.23, 1.1, 1.23], [3.64, 4.87, 1.55], [3.46, 5.88, 1.46], [3.39, 3.56, 1.85], [3.51, 2.32, 1.14]]
19:38:38.827 XYZ [[3.14, 1.08, 1.21], [3.54, 4.88, 1.54], [3.36, 5.81, 1.48], [3.3, 3.55, 1.8], [3.39, 2.36, 1.16]]
19:38:38.910 XYZ [[3.04, 1.08, 1.2], [3.49, 4.88, 1.55], [3.32, 5.79, 1.47], [3.19, 3.55, 1.77], [3.36, 2.38, 1.16]]
19:38:38.994 XYZ [[2.97, 1.09, 1.22], [3.38, 4.9, 1.54], [3.25, 5.74, 1.44], [3.09, 3.55, 1.75], [3.3, 2.39, 1.19]]
19:38:39.077 XYZ [[2.87, 1.07, 1.21], [3.25, 4.9, 1.51], [3.19, 5.73, 1.44], [3.04, 3.55, 1.73], [3.25, 2.4, 1.2]]
19:38:39.161 XYZ [[2.82, 1.06, 1.21], [3.2, 4.91, 1.51], [3.09, 5.7, 1.39], [2.95, 3.56, 1.62], [3.21, 2.41, 1.2]]
19:38:39.244 XYZ [[2.72, 1.06, 1.23], [3.09, 4.9, 1.48], [2.96, 5.65, 1.32], [2.86, 3.56, 1.54], [3.1, 2.42, 1.2]]
19:38:39.328 XYZ [[2.61, 1.06, 1.22], [3.09, 4.9, 1.48], [2.84, 5.64, 1.28], [2.74, 3.58, 1.5], [2.98, 2.45, 1.21]]
19:38:39.411 XYZ [[2.57, 1.07, 1.21], [2.93, 4.91, 1.45], [2.81, 5.65, 1.28], [2.62, 3.61, 1.49], [2.93, 2.46, 1.22]]
19:38:39.494 XYZ [[2.49, 1.07, 1.2], [2.83, 4.92, 1.46], [2.72, 5.67, 1.3], [2.54, 3.64, 1.45], [2.85, 2.48, 1.24]]
19:38:39.578 XYZ [[2.45, 1.09, 1.2], [2.77, 4.93, 1.46], [2.6, 5.69, 1.26], [2.52, 3.66, 1.43], [2.8, 2.5, 1.25]]
19:38:39.661 XYZ [[2.36, 1.09, 1.19], [2.62, 4.92, 1.44], [2.58, 5.69, 1.24], [2.45, 3.71, 1.41], [2.72, 2.51, 1.28]]
19:38:39.748 XYZ [[2.28, 1.04, 1.21], [2.62, 4.92, 1.44], [2.51, 5.7, 1.25], [2.47, 3.66, 1.49], [2.62, 2.52, 1.29]]
19:38:39.832 XYZ [[2.23, 1.0, 1.2], [2.6, 4.89, 1.48], [2.44, 5.7, 1.25], [2.39, 3.65, 1.51], [2.52, 2.52, 1.32]]
19:38:39.915 XYZ [[2.19, 1.0, 1.19], [2.51, 4.83, 1.47], [2.4, 5.7, 1.25], [2.28, 3.67, 1.48], [2.45, 2.51, 1.31]]
19:38:39.998 XYZ [[2.11, 0.99, 1.13], [2.46, 4.82, 1.47], [2.34, 5.69, 1.23], [2.21, 3.62, 1.5], [2.35, 2.52, 1.3]]
19:38:40.082 XYZ [[2.01, 0.97, 1.11], [2.36, 4.81, 1.49], [2.27, 5.68, 1.24], [2.19, 3.62, 1.52], [2.23, 2.49, 1.33]]
19:38:40.165 XYZ [[1.97, 0.96, 1.11], [2.26, 4.79, 1.5], [2.19, 5.68, 1.23], [2.13, 3.64, 1.5], [2.18, 2.47, 1.35]]
19:38:40.249 XYZ [[1.9, 0.98, 1.15], [2.21, 4.77, 1.48], [2.11, 5.69, 1.24], [2.03, 3.68, 1.45], [2.12, 2.45, 1.34]]
19:38:40.332 XYZ [[1.8, 0.98, 1.14], [2.07, 4.73, 1.45], [1.98, 5.69, 1.25], [1.98, 3.72, 1.4], [2.03, 2.49, 1.34]]
19:38:40.416 XYZ [[1.75, 0.98, 1.13], [1.98, 4.74, 1.45], [1.91, 5.68, 1.27], [1.88, 3.74, 1.38], [1.97, 2.48, 1.33]]
19:38:40.499 XYZ [[1.65, 0.97, 1.11], [1.94, 4.76, 1.39], [1.77, 5.7, 1.29], [1.84, 3.74, 1.35], [1.87, 2.48, 1.3]]
19:38:40.583 XYZ [[1.55, 0.97, 1.13], [1.82, 4.73, 1.38], [1.68, 5.66, 1.29], [1.75, 3.78, 1.29], [1.75, 2.49, 1.3]]
19:38:40.666 XYZ [[1.55, 0.97, 1.13], [1.75, 4.72, 1.39], [1.58, 5.66, 1.28], [1.68, 3.79, 1.24], [1.73, 2.49, 1.28]]
19:38:40.754 XYZ [[1.44, 0.98, 1.14], [1.68, 4.74, 1.42], [1.56, 5.68, 1.3], [1.62, 3.8, 1.25], [1.67, 2.49, 1.27]]
19:38:40.837 XYZ [[1.35, 0.99, 1.14], [1.57, 4.76, 1.48], [1.46, 5.71, 1.33], [1.56, 3.81, 1.25], [1.59, 2.49, 1.29]]
19:38:40.921 XYZ [[1.33, 0.97, 1.15], [1.48, 4.8, 1.56], [1.43, 5.7, 1.34], [1.46, 3.82, 1.24], [1.53, 2.48, 1.3]]
19:38:41.004 XYZ [[1.3, 0.94, 1.17], [1.35, 4.83, 1.61], [1.34, 5.69, 1.36], [1.39, 3.83, 1.22], [1.47, 2.49, 1.31]]
19:38:41.088 XYZ [[1.23, 0.92, 1.21], [1.29, 4.84, 1.62], [1.25, 5.68, 1.36], [1.34, 3.83, 1.21], [1.43, 2.48, 1.31]]
19:38:41.171 XYZ [[1.16, 0.94, 1.23], [1.24, 4.8, 1.64], [1.16, 5.69, 1.36], [1.25, 3.83, 1.18], [1.3, 2.48, 1.31]]
19:38:41.255 XYZ [[1.14, 0.95, 1.2], [1.21, 4.79, 1.64], [1.12, 5.67, 1.37], [1.18, 3.84, 1.17], [1.26, 2.47, 1.32]]
19:38:41.338 XYZ [[1.1, 0.96, 1.18], [1.18, 4.78, 1.62], [1.03, 5.67, 1.37], [1.13, 3.83, 1.15], [1.2, 2.46, 1.32]]
19:38:41.421 XYZ [[1.08, 0.96, 1.17], [1.17, 4.72, 1.57], [1.0, 5.65, 1.37], [1.1, 3.78, 1.17], [1.15, 2.48, 1.3]]
19:38:41.505 XYZ [[1.05, 0.98, 1.17], [1.1, 4.72, 1.55], [0.92, 5.65, 1.4], [1.01, 3.74, 1.2], [1.05, 2.55, 1.17]]
19:38:41.595 XYZ [[1.0, 0.98, 1.2], [1.06, 4.71, 1.54], [0.83, 5.66, 1.39], [0.93, 3.73, 1.22], [0.92, 2.6, 1.1]]
19:38:41.679 XYZ [[0.94, 0.97, 1.25], [0.94, 4.69, 1.51], [0.71, 5.66, 1.39], [0.89, 3.73, 1.21], [0.86, 2.59, 1.09]]
19:38:41.762 XYZ [[0.91, 0.96, 1.27], [0.81, 4.71, 1.52], [0.65, 5.67, 1.39], [0.82, 3.69, 1.22], [0.83, 2.57, 1.09]]
19:38:41.847 XYZ [[0.84, 0.96, 1.34], [0.77, 4.71, 1.5], [0.54, 5.66, 1.4], [0.75, 3.67, 1.24], [0.8, 2.54, 1.11]]
19:38:41.930 XYZ [[0.79, 0.96, 1.37], [0.66, 4.72, 1.48], [0.45, 5.64, 1.43], [0.71, 3.65, 1.27], [0.77, 2.52, 1.13]]
19:38:42.013 XYZ [[0.76, 0.95, 1.39], [0.55, 4.73, 1.47], [0.42, 5.62, 1.44], [0.61, 3.66, 1.3], [0.75, 2.5, 1.12]]
19:38:42.097 XYZ [[0.66, 0.95, 1.44], [0.48, 4.72, 1.48], [0.36, 5.62, 1.44], [0.52, 3.65, 1.32], [0.76, 2.46, 1.14]]
19:38:42.180 XYZ [[0.57, 0.96, 1.49], [0.35, 4.72, 1.46], [0.29, 5.62, 1.5], [0.46, 3.64, 1.33], [0.72, 2.42, 1.17]]
19:38:42.263 XYZ [[0.49, 0.96, 1.53], [0.23, 4.72, 1.47], [0.22, 5.63, 1.52], [0.38, 3.61, 1.36], [0.71, 2.41, 1.2]]
19:38:42.347 XYZ [[0.44, 0.94, 1.57], [0.19, 4.71, 1.47], [0.2, 5.65, 1.54], [0.31, 3.58, 1.41], [0.69, 2.36, 1.22]]
19:38:42.430 XYZ [[0.37, 0.94, 1.62], [0.11, 4.72, 1.49], [0.16, 5.69, 1.58], [0.28, 3.57, 1.43], [0.7, 2.34, 1.2]]
19:38:42.514 XYZ [[0.34, 0.92, 1.63], [0.04, 4.72, 1.56], [0.12, 5.72, 1.59], [0.23, 3.57, 1.48], [0.7, 2.34, 1.2]]
19:38:42.597 XYZ [[0.26, 0.93, 1.65], [0.02, 4.72, 1.58], [0.09, 5.73, 1.65], [0.2, 3.57, 1.51], [0.71, 2.32, 1.22]]
19:38:42.681 XYZ [[0.23, 0.92, 1.66], [-0.02, 4.73, 1.6], [0.08, 5.76, 1.65], [0.19, 3.56, 1.53], [0.7, 2.31, 1.28]]
19:38:42.764 XYZ [[0.24, 0.9, 1.69], [-0.07, 4.75, 1.63], [-0.02, 5.77, 1.68], [0.14, 3.57, 1.58], [0.7, 2.3, 1.33]]
19:38:42.848 XYZ [[0.2, 0.84, 1.72], [-0.04, 4.76, 1.65], [0.03, 5.78, 1.7], [0.16, 3.6, 1.64], [0.71, 2.3, 1.38]]
19:38:42.931 XYZ [[0.2, 0.83, 1.72], [-0.02, 4.77, 1.66], [0.09, 5.83, 1.82], [0.15, 3.61, 1.66], [0.71, 2.28, 1.41]]
19:38:43.015 XYZ [[0.19, 0.84, 1.71], [-0.03, 4.78, 1.67], [0.08, 5.82, 1.83], [0.11, 3.63, 1.67], [0.71, 2.28, 1.41]]
19:38:43.099 XYZ [[0.18, 0.84, 1.72], [-0.05, 4.79, 1.66], [0.09, 5.83, 1.84], [0.08, 3.64, 1.65], [0.71, 2.25, 1.4]]
19:38:43.184 XYZ [[0.18, 0.85, 1.73], [-0.06, 4.81, 1.64], [0.08, 5.83, 1.85], [0.08, 3.65, 1.64], [0.7, 2.27, 1.43]]
19:38:43.268 XYZ [[0.21, 0.85, 1.72], [-0.07, 4.82, 1.63], [0.15, 5.85, 1.86], [0.1, 3.66, 1.68], [0.69, 2.27, 1.44]]
19:38:43.351 XYZ [[0.25, 0.84, 1.72], [-0.01, 4.8, 1.58], [0.19, 5.84, 1.88], [0.09, 3.67, 1.66], [0.71, 2.29, 1.44]]
19:38:43.434 XYZ [[0.29, 0.82, 1.71], [-0.02, 4.82, 1.61], [0.26, 5.82, 1.91], [0.12, 3.67, 1.67], [0.75, 2.31, 1.46]]
19:38:43.518 XYZ [[0.34, 0.83, 1.7], [-0.01, 4.85, 1.64], [0.26, 5.83, 1.93], [0.09, 3.69, 1.65], [0.77, 2.3, 1.45]]
19:38:43.601 XYZ [[0.4, 0.81, 1.72], [-0.0, 4.87, 1.66], [0.33, 5.86, 1.94], [0.13, 3.66, 1.71], [0.76, 2.32, 1.35]]
19:38:43.685 XYZ [[0.49, 0.79, 1.7], [0.03, 4.89, 1.66], [0.39, 5.84, 1.92], [0.15, 3.64, 1.73], [0.78, 2.33, 1.34]]
19:38:43.768 XYZ [[0.57, 0.78, 1.68], [0.07, 4.9, 1.65], [0.44, 5.83, 1.89], [0.23, 3.63, 1.71], [0.77, 2.35, 1.34]]
19:38:43.852 XYZ [[0.62, 0.78, 1.66], [0.17, 4.89, 1.6], [0.46, 5.84, 1.86], [0.3, 3.63, 1.67], [0.77, 2.37, 1.38]]
19:38:43.935 XYZ [[0.76, 0.8, 1.66], [0.19, 4.9, 1.6], [0.53, 5.86, 1.85], [0.34, 3.64, 1.64], [0.8, 2.38, 1.43]]
19:38:44.019 XYZ [[0.83, 0.82, 1.65], [0.28, 4.9, 1.58], [0.55, 5.84, 1.84], [0.42, 3.64, 1.62], [0.8, 2.38, 1.43]]
19:38:44.102 XYZ [[0.91, 0.84, 1.64], [0.33, 4.9, 1.56], [0.63, 5.84, 1.81], [0.48, 3.66, 1.6], [0.82, 2.42, 1.41]]
19:38:44.186 XYZ [[1.05, 0.84, 1.62], [0.4, 4.88, 1.53], [0.72, 5.83, 1.81], [0.56, 3.66, 1.59], [0.87, 2.43, 1.42]]
19:38:44.269 XYZ [[1.14, 0.84, 1.59], [0.5, 4.88, 1.54], [0.79, 5.78, 1.82], [0.61, 3.65, 1.58], [0.96, 2.42, 1.42]]
19:38:44.353 XYZ [[1.2, 0.82, 1.58], [0.58, 4.88, 1.54], [0.84, 5.77, 1.81], [0.7, 3.64, 1.6], [0.97, 2.44, 1.42]]
19:38:44.436 XYZ [[1.29, 0.82, 1.58], [0.64, 4.87, 1.54], [0.92, 5.72, 1.77], [0.74, 3.63, 1.59], [0.97, 2.45, 1.42]]
19:38:44.520 XYZ [[1.32, 0.83, 1.58], [0.73, 4.85, 1.53], [0.94, 5.71, 1.79], [0.83, 3.62, 1.6], [1.01, 2.46, 1.41]]
19:38:44.603 XYZ [[1.41, 0.86, 1.59], [0.8, 4.83, 1.52], [1.04, 5.7, 1.77], [0.91, 3.62, 1.61], [1.05, 2.47, 1.38]]
19:38:44.695 XYZ [[1.51, 0.88, 1.57], [0.86, 4.82, 1.51], [1.13, 5.68, 1.74], [0.96, 3.61, 1.6], [1.09, 2.48, 1.36]]
19:38:44.779 XYZ [[1.62, 0.9, 1.54], [0.95, 4.8, 1.49], [1.18, 5.64, 1.7], [1.09, 3.61, 1.61], [1.18, 2.48, 1.35]]
19:38:44.862 XYZ [[1.67, 0.91, 1.53], [1.02, 4.8, 1.46], [1.25, 5.63, 1.67], [1.18, 3.63, 1.6], [1.22, 2.48, 1.36]]
19:38:44.946 XYZ [[1.74, 0.97, 1.5], [1.07, 4.79, 1.46], [1.27, 5.6, 1.63], [1.29, 3.64, 1.62], [1.27, 2.52, 1.28]]
19:38:45.029 XYZ [[1.78, 1.0, 1.48], [1.17, 4.78, 1.45], [1.33, 5.6, 1.63], [1.36, 3.64, 1.65], [1.34, 2.56, 1.27]]
19:38:45.113 XYZ [[1.87, 1.04, 1.47], [1.27, 4.78, 1.45], [1.38, 5.6, 1.62], [1.49, 3.63, 1.66], [1.37, 2.57, 1.27]]
19:38:45.196 XYZ [[1.95, 1.07, 1.47], [1.32, 4.76, 1.45], [1.49, 5.59, 1.62], [1.59, 3.64, 1.65], [1.45, 2.57, 1.26]]
19:38:45.279 XYZ [[2.01, 1.12, 1.48], [1.42, 4.74, 1.47], [1.55, 5.6, 1.6], [1.64, 3.66, 1.68], [1.54, 2.56, 1.28]]
19:38:45.363 XYZ [[2.1, 1.15, 1.46], [1.54, 4.74, 1.47], [1.61, 5.57, 1.53], [1.74, 3.66, 1.69], [1.6, 2.56, 1.28]]
19:38:45.447 XYZ [[2.12, 1.16, 1.45], [1.61, 4.73, 1.46], [1.68, 5.59, 1.51], [1.82, 3.65, 1.7], [1.7, 2.56, 1.27]]
19:38:45.537 XYZ [[2.24, 1.19, 1.43], [1.71, 4.71, 1.45], [1.76, 5.61, 1.48], [1.87, 3.66, 1.69], [1.82, 2.57, 1.25]]
19:38:45.621 XYZ [[2.29, 1.2, 1.42], [1.81, 4.68, 1.46], [1.8, 5.62, 1.47], [1.95, 3.66, 1.65], [1.88, 2.56, 1.23]]
19:38:45.704 XYZ [[2.35, 1.19, 1.41], [1.91, 4.67, 1.5], [1.91, 5.67, 1.48], [2.05, 3.66, 1.66], [2.0, 2.53, 1.2]]
19:38:45.788 XYZ [[2.42, 1.18, 1.4], [1.95, 4.65, 1.49], [2.02, 5.66, 1.46], [2.15, 3.66, 1.65], [2.09, 2.52, 1.2]]
19:38:45.871 XYZ [[2.5, 1.21, 1.38], [2.05, 4.64, 1.48], [2.12, 5.65, 1.44], [2.18, 3.67, 1.64], [2.21, 2.5, 1.2]]
19:38:45.954 XYZ [[2.53, 1.22, 1.37], [2.15, 4.63, 1.49], [2.17, 5.64, 1.43], [2.23, 3.68, 1.65], [2.27, 2.48, 1.21]]
19:38:46.038 XYZ [[2.58, 1.22, 1.36], [2.2, 4.62, 1.48], [2.26, 5.64, 1.39], [2.27, 3.68, 1.64], [2.37, 2.46, 1.23]]
19:38:46.121 XYZ [[2.64, 1.22, 1.34], [2.3, 4.61, 1.47], [2.31, 5.63, 1.37], [2.34, 3.67, 1.61], [2.42, 2.45, 1.24]]
19:38:46.205 XYZ [[2.69, 1.21, 1.33], [2.39, 4.61, 1.47], [2.38, 5.66, 1.34], [2.41, 3.68, 1.57], [2.53, 2.43, 1.27]]
19:38:46.288 XYZ [[2.77, 1.17, 1.3], [2.44, 4.61, 1.47], [2.46, 5.69, 1.32], [2.48, 3.68, 1.54], [2.61, 2.42, 1.26]]
19:38:46.372 XYZ [[2.85, 1.15, 1.26], [2.54, 4.6, 1.47], [2.53, 5.71, 1.33], [2.53, 3.69, 1.52], [2.66, 2.43, 1.24]]
19:38:46.455 XYZ [[2.89, 1.15, 1.27], [2.61, 4.6, 1.48], [2.6, 5.71, 1.35], [2.61, 3.7, 1.51], [2.68, 2.43, 1.27]]
19:38:46.539 XYZ [[2.97, 1.16, 1.26], [2.67, 4.61, 1.48], [2.69, 5.7, 1.33], [2.62, 3.71, 1.47], [2.73, 2.41, 1.26]]
19:38:46.622 XYZ [[3.03, 1.16, 1.26], [2.74, 4.59, 1.49], [2.79, 5.73, 1.29], [2.68, 3.7, 1.42], [2.75, 2.4, 1.25]]
19:38:46.706 XYZ [[3.11, 1.14, 1.28], [2.82, 4.59, 1.49], [2.83, 5.74, 1.3], [2.74, 3.7, 1.41], [2.83, 2.41, 1.26]]
19:38:46.789 XYZ [[3.19, 1.11, 1.27], [2.86, 4.59, 1.5], [2.94, 5.74, 1.26], [2.78, 3.66, 1.38], [2.88, 2.41, 1.27]]
19:38:46.873 XYZ [[3.27, 1.09, 1.25], [2.97, 4.6, 1.48], [2.99, 5.73, 1.24], [2.8, 3.65, 1.36], [2.99, 2.39, 1.23]]
19:38:46.956 XYZ [[3.32, 1.08, 1.24], [3.04, 4.64, 1.54], [2.99, 5.73, 1.24], [2.87, 3.63, 1.29], [3.03, 2.39, 1.24]]
19:38:47.040 XYZ [[3.41, 1.07, 1.24], [3.08, 4.64, 1.59], [3.13, 5.72, 1.17], [2.92, 3.61, 1.28], [3.14, 2.38, 1.26]]
19:38:47.124 XYZ [[3.5, 1.06, 1.26], [3.15, 4.64, 1.61], [3.27, 5.68, 1.21], [3.0, 3.57, 1.22], [3.25, 2.38, 1.26]]
19:38:47.207 XYZ [[3.53, 1.06, 1.28], [3.15, 4.64, 1.61], [3.32, 5.67, 1.2], [3.07, 3.54, 1.19], [3.29, 2.38, 1.27]]
19:38:47.294 XYZ [[3.59, 1.09, 1.29], [3.33, 4.7, 1.6], [3.4, 5.68, 1.21], [3.15, 3.52, 1.18], [3.37, 2.36, 1.28]]
19:38:47.377 XYZ [[3.65, 1.11, 1.3], [3.47, 4.73, 1.57], [3.46, 5.67, 1.21], [3.21, 3.51, 1.16], [3.45, 2.34, 1.26]]
19:38:47.460 XYZ [[3.66, 1.13, 1.33], [3.59, 4.74, 1.55], [3.46, 5.67, 1.21], [3.3, 3.5, 1.14], [3.47, 2.34, 1.26]]
19:38:47.545 XYZ [[3.7, 1.17, 1.35], [3.68, 4.76, 1.54], [3.58, 5.73, 1.23], [3.37, 3.47, 1.17], [3.57, 2.38, 1.24]]
19:38:47.628 XYZ [[3.76, 1.18, 1.36], [3.8, 4.76, 1.52], [3.67, 5.78, 1.3], [3.4, 3.46, 1.2], [3.65, 2.38, 1.21]]
19:38:47.712 XYZ [[3.81, 1.18, 1.37], [3.87, 4.75, 1.58], [3.72, 5.79, 1.32], [3.46, 3.45, 1.21], [3.69, 2.39, 1.21]]
19:38:47.795 XYZ [[3.84, 1.18, 1.37], [3.92, 4.77, 1.58], [3.86, 5.82, 1.4], [3.49, 3.44, 1.24], [3.77, 2.4, 1.2]]
19:38:47.878 XYZ [[3.88, 1.16, 1.39], [4.0, 4.8, 1.59], [3.98, 5.82, 1.41], [3.51, 3.44, 1.27], [3.86, 2.42, 1.2]]
19:38:47.962 XYZ [[3.94, 1.16, 1.41], [4.05, 4.82, 1.58], [4.09, 5.81, 1.42], [3.56, 3.45, 1.32], [3.89, 2.42, 1.21]]
19:38:48.045 XYZ [[4.0, 1.19, 1.43], [4.11, 4.85, 1.6], [4.15, 5.8, 1.43], [3.65, 3.46, 1.35], [3.96, 2.44, 1.22]]
19:38:48.129 XYZ [[4.09, 1.22, 1.45], [4.15, 4.87, 1.59], [4.27, 5.79, 1.43], [3.7, 3.47, 1.37], [4.03, 2.48, 1.23]]
19:38:48.213 XYZ [[4.19, 1.23, 1.47], [4.18, 4.91, 1.6], [4.29, 5.81, 1.43], [3.83, 3.51, 1.44], [4.07, 2.48, 1.22]]
19:38:48.296 XYZ [[4.23, 1.24, 1.45], [4.19, 4.92, 1.56], [4.33, 5.82, 1.46], [3.93, 3.56, 1.49], [4.15, 2.47, 1.23]]
19:38:48.399 XYZ [[4.31, 1.24, 1.44], [4.27, 4.95, 1.58], [4.39, 5.85, 1.52], [4.01, 3.57, 1.52], [4.24, 2.48, 1.25]]
19:38:48.483 XYZ [[4.36, 1.23, 1.44], [4.29, 4.96, 1.59], [4.41, 5.85, 1.59], [4.06, 3.57, 1.56], [4.28, 2.51, 1.29]]
19:38:48.566 XYZ [[4.43, 1.21, 1.46], [4.3, 4.95, 1.58], [4.44, 5.88, 1.63], [4.1, 3.57, 1.59], [4.3, 2.52, 1.31]]
19:38:48.650 XYZ [[4.48, 1.19, 1.48], [4.32, 4.95, 1.61], [4.46, 5.89, 1.63], [4.15, 3.6, 1.68], [4.33, 2.52, 1.37]]
19:38:48.733 XYZ [[4.54, 1.15, 1.46], [4.36, 4.95, 1.64], [4.54, 5.88, 1.67], [4.18, 3.63, 1.7], [4.38, 2.51, 1.4]]
19:38:48.816 XYZ [[4.56, 1.14, 1.46], [4.39, 4.95, 1.65], [4.61, 5.89, 1.68], [4.26, 3.68, 1.74], [4.39, 2.51, 1.42]]
19:38:48.900 XYZ [[4.61, 1.13, 1.41], [4.43, 4.94, 1.67], [4.64, 5.88, 1.69], [4.3, 3.7, 1.8], [4.38, 2.52, 1.47]]
19:38:48.983 XYZ [[4.65, 1.09, 1.42], [4.48, 4.93, 1.68], [4.64, 5.89, 1.71], [4.34, 3.71, 1.8], [4.43, 2.53, 1.49]]
19:38:49.067 XYZ [[4.7, 1.05, 1.45], [4.51, 4.94, 1.69], [4.61, 5.92, 1.71], [4.34, 3.69, 1.82], [4.47, 2.53, 1.5]]
19:38:49.150 XYZ [[4.71, 1.02, 1.45], [4.56, 4.98, 1.73], [4.61, 5.94, 1.71], [4.33, 3.67, 1.93], [4.48, 2.56, 1.54]]
19:38:49.234 XYZ [[4.68, 0.98, 1.46], [4.58, 5.0, 1.71], [4.59, 5.97, 1.7], [4.35, 3.68, 1.96], [4.47, 2.52, 1.55]]
19:38:49.317 XYZ [[4.69, 0.96, 1.45], [4.62, 4.99, 1.68], [4.59, 5.99, 1.7], [4.36, 3.69, 1.94], [4.46, 2.49, 1.55]]
19:38:49.400 XYZ [[4.69, 0.96, 1.44], [4.64, 4.98, 1.68], [4.53, 6.03, 1.69], [4.38, 3.66, 1.96], [4.37, 2.41, 1.55]]
19:38:49.484 XYZ [[4.71, 0.94, 1.45], [4.65, 4.99, 1.67], [4.5, 6.07, 1.71], [4.43, 3.63, 1.96], [4.34, 2.34, 1.56]]
19:38:49.569 XYZ [[4.72, 0.93, 1.39], [4.66, 4.99, 1.63], [4.49, 6.11, 1.71], [4.45, 3.63, 1.94], [4.27, 2.34, 1.53]]
19:38:49.652 XYZ [[4.72, 0.91, 1.39], [4.65, 4.99, 1.6], [4.53, 6.12, 1.66], [4.46, 3.63, 1.92], [4.25, 2.36, 1.52]]
19:38:49.735 XYZ [[4.67, 0.9, 1.37], [4.63, 4.99, 1.62], [4.56, 6.14, 1.58], [4.47, 3.61, 1.96], [4.23, 2.33, 1.51]]
19:38:49.819 XYZ [[4.66, 0.89, 1.38], [4.62, 4.98, 1.62], [4.56, 6.16, 1.6], [4.47, 3.61, 1.97], [4.23, 2.33, 1.5]]
19:38:49.902 XYZ [[4.64, 0.9, 1.36], [4.59, 4.99, 1.62], [4.61, 6.2, 1.57], [4.46, 3.59, 2.01], [4.22, 2.35, 1.47]]
19:38:49.986 XYZ [[4.59, 0.9, 1.36], [4.55, 4.99, 1.6], [4.62, 6.2, 1.47], [4.46, 3.55, 1.98], [4.21, 2.33, 1.45]]
19:38:50.069 XYZ [[4.58, 0.89, 1.35], [4.5, 5.01, 1.57], [4.64, 6.2, 1.45], [4.48, 3.55, 1.98], [4.18, 2.33, 1.45]]
19:38:50.153 XYZ [[4.59, 0.89, 1.36], [4.44, 5.03, 1.58], [4.59, 6.21, 1.46], [4.44, 3.57, 1.96], [4.15, 2.33, 1.43]]
19:38:50.239 XYZ [[4.58, 0.92, 1.38], [4.44, 5.03, 1.58], [4.58, 6.23, 1.47], [4.44, 3.57, 1.96], [4.12, 2.32, 1.44]]
19:38:50.323 XYZ [[4.56, 0.9, 1.35], [4.37, 5.04, 1.61], [4.4, 6.19, 1.46], [4.4, 3.56, 1.99], [4.08, 2.31, 1.47]]
19:38:50.406 XYZ [[4.53, 0.89, 1.32], [4.31, 5.03, 1.62], [4.35, 6.2, 1.47], [4.3, 3.54, 2.01], [4.02, 2.28, 1.5]]
19:38:50.489 XYZ [[4.48, 0.89, 1.33], [4.28, 5.02, 1.6], [4.27, 6.2, 1.52], [4.28, 3.54, 1.97], [3.99, 2.24, 1.52]]
19:38:50.573 XYZ [[4.43, 0.89, 1.29], [4.2, 5.01, 1.59], [4.19, 6.13, 1.52], [4.23, 3.52, 1.96], [3.93, 2.21, 1.53]]
19:38:50.656 XYZ [[4.42, 0.89, 1.28], [4.15, 4.98, 1.59], [4.1, 6.09, 1.55], [4.18, 3.53, 1.95], [3.91, 2.2, 1.59]]
19:38:50.740 XYZ [[4.36, 0.89, 1.28], [4.12, 4.97, 1.59], [3.99, 6.04, 1.55], [4.16, 3.53, 1.98], [3.87, 2.19, 1.61]]
19:38:50.823 XYZ [[4.29, 0.92, 1.3], [4.04, 4.97, 1.62], [3.87, 6.01, 1.57], [4.12, 3.55, 1.98], [3.85, 2.19, 1.65]]
19:38:50.906 XYZ [[4.24, 0.93, 1.3], [3.97, 4.98, 1.62], [3.82, 5.99, 1.57], [4.08, 3.56, 1.95], [3.79, 2.19, 1.65]]
19:38:50.992 XYZ [[4.19, 0.95, 1.31], [3.91, 4.98, 1.59], [3.72, 5.98, 1.56], [4.01, 3.57, 1.93], [3.74, 2.2, 1.67]]
19:38:51.075 XYZ [[4.12, 0.93, 1.3], [3.81, 5.0, 1.57], [3.64, 5.96, 1.55], [3.99, 3.6, 1.9], [3.73, 2.2, 1.67]]
19:38:51.158 XYZ [[4.09, 0.95, 1.29], [3.71, 5.01, 1.53], [3.59, 5.96, 1.56], [3.95, 3.63, 1.89], [3.72, 2.22, 1.65]]
19:38:51.242 XYZ [[4.02, 0.95, 1.24], [3.66, 5.01, 1.51], [3.47, 5.93, 1.51], [3.89, 3.65, 1.85], [3.67, 2.23, 1.65]]
19:38:51.344 XYZ [[3.93, 0.97, 1.25], [3.55, 5.03, 1.49], [3.42, 5.92, 1.5], [3.87, 3.7, 1.82], [3.66, 2.25, 1.61]]
19:38:51.427 XYZ [[3.85, 0.99, 1.25], [3.47, 5.02, 1.49], [3.34, 5.89, 1.47], [3.83, 3.7, 1.78], [3.68, 2.27, 1.56]]
19:38:51.511 XYZ [[3.76, 1.0, 1.25], [3.37, 5.01, 1.5], [3.25, 5.86, 1.47], [3.77, 3.72, 1.78], [3.63, 2.26, 1.54]]
19:38:51.594 XYZ [[3.73, 1.02, 1.26], [3.27, 5.0, 1.51], [3.21, 5.85, 1.48], [3.69, 3.73, 1.78], [3.61, 2.19, 1.54]]
19:38:51.677 XYZ [[3.62, 1.03, 1.25], [3.22, 4.98, 1.51], [3.09, 5.84, 1.48], [3.66, 3.73, 1.77], [3.53, 2.19, 1.54]]
19:38:51.761 XYZ [[3.57, 1.04, 1.24], [3.12, 4.96, 1.5], [3.01, 5.84, 1.46], [3.55, 3.72, 1.67], [3.48, 2.19, 1.53]]
19:38:51.845 XYZ [[3.47, 1.03, 1.22], [3.07, 4.95, 1.47], [2.9, 5.86, 1.39], [3.44, 3.71, 1.62], [3.42, 2.19, 1.49]]
19:38:51.928 XYZ [[3.35, 0.96, 1.21], [3.0, 4.93, 1.42], [2.82, 5.86, 1.32], [3.35, 3.73, 1.59], [3.34, 2.2, 1.47]]
19:38:52.012 XYZ [[3.24, 0.96, 1.17], [2.92, 4.92, 1.44], [2.67, 5.85, 1.25], [3.3, 3.73, 1.55], [3.3, 2.2, 1.46]]
19:38:52.095 XYZ [[3.19, 0.95, 1.17], [2.87, 4.9, 1.45], [2.63, 5.85, 1.23], [3.17, 3.71, 1.48], [3.23, 2.2, 1.44]]
19:38:52.179 XYZ [[3.11, 0.96, 1.19], [2.76, 4.91, 1.4], [2.5, 5.84, 1.22], [3.12, 3.68, 1.46], [3.09, 2.18, 1.39]]
19:38:52.262 XYZ [[3.05, 0.98, 1.2], [2.65, 4.89, 1.4], [2.44, 5.86, 1.22], [3.01, 3.64, 1.42], [3.04, 2.17, 1.37]]
19:38:52.346 XYZ [[2.93, 0.98, 1.21], [2.6, 4.89, 1.39], [2.32, 5.86, 1.23], [2.9, 3.6, 1.42], [2.94, 2.17, 1.36]]
19:38:52.429 XYZ [[2.81, 0.96, 1.21], [2.46, 4.88, 1.3], [2.24, 5.82, 1.29], [2.8, 3.58, 1.44], [2.83, 2.18, 1.32]]
19:38:52.512 XYZ [[2.72, 0.94, 1.22], [2.34, 4.85, 1.31], [2.21, 5.77, 1.28], [2.74, 3.55, 1.44], [2.73, 2.22, 1.29]]
19:38:52.596 XYZ [[2.67, 0.94, 1.21], [2.24, 4.83, 1.31], [2.2, 5.77, 1.24], [2.65, 3.56, 1.48], [2.69, 2.24, 1.27]]
19:38:52.679 XYZ [[2.56, 0.93, 1.18], [2.17, 4.83, 1.32], [2.13, 5.75, 1.22], [2.62, 3.55, 1.53], [2.6, 2.27, 1.26]]
19:38:52.763 XYZ [[2.51, 0.92, 1.16], [2.07, 4.81, 1.33], [2.11, 5.73, 1.2], [2.52, 3.55, 1.53], [2.56, 2.27, 1.24]]
19:38:52.846 XYZ [[2.42, 0.92, 1.16], [2.02, 4.83, 1.35], [2.04, 5.74, 1.22], [2.41, 3.56, 1.53], [2.47, 2.28, 1.2]]
19:38:52.930 XYZ [[2.32, 0.89, 1.15], [1.98, 4.79, 1.36], [1.93, 5.74, 1.24], [2.29, 3.57, 1.5], [2.4, 2.26, 1.21]]
19:38:53.013 XYZ [[2.17, 0.82, 1.14], [1.96, 4.71, 1.37], [1.82, 5.74, 1.28], [2.24, 3.57, 1.48], [2.33, 2.22, 1.23]]
19:38:53.097 XYZ [[2.13, 0.76, 1.14], [1.9, 4.68, 1.37], [1.77, 5.74, 1.29], [2.15, 3.62, 1.47], [2.28, 2.22, 1.22]]
19:38:53.180 XYZ [[2.05, 0.71, 1.12], [1.89, 4.65, 1.37], [1.65, 5.74, 1.26], [2.09, 3.65, 1.47], [2.18, 2.2, 1.23]]
19:38:53.264 XYZ [[2.0, 0.69, 1.12], [1.84, 4.61, 1.35], [1.61, 5.76, 1.26], [2.03, 3.69, 1.48], [2.13, 2.19, 1.24]]
19:38:53.347 XYZ [[1.92, 0.71, 1.2], [1.79, 4.6, 1.38], [1.52, 5.78, 1.28], [1.95, 3.75, 1.49], [2.02, 2.19, 1.28]]
19:38:53.430 XYZ [[1.81, 0.74, 1.19], [1.75, 4.6, 1.41], [1.44, 5.78, 1.25], [1.89, 3.79, 1.47], [1.97, 2.19, 1.26]]
19:38:53.514 XYZ [[1.71, 0.73, 1.19], [1.68, 4.59, 1.44], [1.33, 5.78, 1.27], [1.86, 3.8, 1.48], [1.9, 2.16, 1.22]]
19:38:53.597 XYZ [[1.67, 0.73, 1.19], [1.6, 4.6, 1.48], [1.31, 5.8, 1.28], [1.85, 3.8, 1.42], [1.86, 2.18, 1.2]]
19:38:53.681 XYZ [[1.59, 0.72, 1.22], [1.43, 4.65, 1.51], [1.23, 5.82, 1.28], [1.79, 3.83, 1.38], [1.77, 2.19, 1.16]]
19:38:53.764 XYZ [[1.56, 0.73, 1.24], [1.37, 4.67, 1.58], [1.16, 5.8, 1.3], [1.78, 3.83, 1.39], [1.72, 2.2, 1.17]]
19:38:53.848 XYZ [[1.46, 0.74, 1.23], [1.33, 4.67, 1.59], [1.13, 5.82, 1.32], [1.73, 3.85, 1.4], [1.57, 2.25, 1.18]]
19:38:53.931 XYZ [[1.36, 0.79, 1.24], [1.22, 4.72, 1.57], [1.06, 5.83, 1.34], [1.63, 3.85, 1.41], [1.43, 2.28, 1.13]]
19:38:54.015 XYZ [[1.33, 0.82, 1.24], [1.13, 4.75, 1.59], [1.0, 5.79, 1.41], [1.59, 3.85, 1.41], [1.25, 2.27, 1.09]]
19:38:54.099 XYZ [[1.24, 0.86, 1.2], [1.07, 4.8, 1.57], [0.97, 5.77, 1.43], [1.54, 3.85, 1.43], [1.17, 2.26, 1.06]]
19:38:54.183 XYZ [[1.15, 0.88, 1.21], [1.04, 4.81, 1.54], [0.96, 5.69, 1.35], [1.39, 3.85, 1.41], [1.04, 2.25, 1.09]]
19:38:54.266 XYZ [[1.13, 0.88, 1.25], [1.01, 4.84, 1.45], [0.96, 5.69, 1.35], [1.36, 3.85, 1.42], [0.97, 2.25, 1.07]]
19:38:54.350 XYZ [[1.05, 0.91, 1.26], [0.95, 4.83, 1.4], [0.84, 5.67, 1.33], [1.27, 3.84, 1.36], [0.85, 2.28, 1.05]]
19:38:54.434 XYZ [[0.97, 0.89, 1.29], [0.91, 4.83, 1.41], [0.73, 5.65, 1.33], [1.15, 3.77, 1.37], [0.72, 2.31, 1.01]]
19:38:54.518 XYZ [[0.93, 0.87, 1.31], [0.84, 4.84, 1.39], [0.73, 5.65, 1.33], [1.11, 3.73, 1.42], [0.6, 2.33, 0.97]]
19:38:54.601 XYZ [[0.93, 0.85, 1.32], [0.82, 4.84, 1.39], [0.55, 5.58, 1.36], [0.99, 3.72, 1.44], [0.52, 2.34, 0.95]]
19:38:54.684 XYZ [[0.91, 0.84, 1.32], [0.77, 4.83, 1.41], [0.43, 5.54, 1.38], [0.91, 3.7, 1.45], [0.41, 2.34, 0.91]]
19:38:54.768 XYZ [[0.88, 0.81, 1.32], [0.73, 4.83, 1.38], [0.4, 5.51, 1.43], [0.93, 3.68, 1.46], [0.39, 2.33, 0.93]]
19:38:54.851 XYZ [[0.86, 0.79, 1.32], [0.69, 4.82, 1.38], [0.32, 5.53, 1.49], [0.88, 3.62, 1.54], [0.31, 2.29, 1.01]]
19:38:54.935 XYZ [[0.82, 0.76, 1.32], [0.66, 4.82, 1.39], [0.23, 5.54, 1.51], [0.8, 3.61, 1.53], [0.26, 2.3, 1.05]]
19:38:55.033 XYZ [[0.77, 0.73, 1.36], [0.57, 4.8, 1.45], [0.07, 5.55, 1.55], [0.75, 3.59, 1.55], [0.15, 2.31, 1.09]]
19:38:55.116 XYZ [[0.7, 0.72, 1.39], [0.49, 4.78, 1.48], [-0.06, 5.55, 1.56], [0.67, 3.56, 1.58], [0.09, 2.32, 1.1]]
19:38:55.200 XYZ [[0.67, 0.74, 1.41], [0.44, 4.76, 1.52], [-0.11, 5.55, 1.57], [0.55, 3.55, 1.56], [0.06, 2.35, 1.11]]
19:38:55.283 XYZ [[0.6, 0.68, 1.46], [0.4, 4.76, 1.53], [-0.19, 5.57, 1.62], [0.48, 3.55, 1.58], [-0.01, 2.36, 1.16]]
19:38:55.366 XYZ [[0.5, 0.68, 1.48], [0.37, 4.73, 1.63], [-0.19, 5.62, 1.61], [0.44, 3.53, 1.6], [0.03, 2.32, 1.25]]
19:38:55.450 XYZ [[0.45, 0.67, 1.5], [0.35, 4.72, 1.67], [-0.15, 5.69, 1.58], [0.4, 3.53, 1.63], [0.03, 2.3, 1.26]]
19:38:55.533 XYZ [[0.42, 0.65, 1.55], [0.34, 4.72, 1.68], [-0.16, 5.73, 1.6], [0.37, 3.52, 1.68], [0.15, 2.27, 1.39]]
19:38:55.617 XYZ [[0.33, 0.67, 1.59], [0.29, 4.74, 1.67], [-0.07, 5.82, 1.67], [0.35, 3.51, 1.68], [0.15, 2.23, 1.43]]
19:38:55.700 XYZ [[0.29, 0.7, 1.6], [0.25, 4.76, 1.67], [-0.04, 5.85, 1.68], [0.29, 3.52, 1.71], [0.19, 2.19, 1.47]]
19:38:55.784 XYZ [[0.23, 0.71, 1.63], [0.24, 4.76, 1.67], [0.05, 5.9, 1.71], [0.24, 3.5, 1.8], [0.21, 2.16, 1.5]]
19:38:55.867 XYZ [[0.16, 0.74, 1.68], [0.21, 4.79, 1.69], [0.1, 5.95, 1.75], [0.2, 3.5, 1.82], [0.28, 2.11, 1.57]]
19:38:55.950 XYZ [[0.14, 0.74, 1.69], [0.2, 4.82, 1.71], [0.13, 5.95, 1.77], [0.14, 3.54, 1.88], [0.33, 2.1, 1.6]]
19:38:56.034 XYZ [[0.15, 0.73, 1.72], [0.19, 4.84, 1.71], [0.18, 5.98, 1.78], [0.1, 3.58, 1.87], [0.41, 2.09, 1.63]]
19:38:56.117 XYZ [[0.14, 0.73, 1.73], [0.19, 4.85, 1.72], [0.24, 5.98, 1.74], [0.07, 3.58, 1.88], [0.45, 2.07, 1.64]]
19:38:56.201 XYZ [[0.15, 0.74, 1.72], [0.2, 4.86, 1.71], [0.28, 6.0, 1.72], [0.03, 3.62, 1.87], [0.51, 2.07, 1.66]]
19:38:56.284 XYZ [[0.2, 0.73, 1.72], [0.2, 4.86, 1.71], [0.33, 6.05, 1.73], [0.01, 3.68, 1.85], [0.53, 2.06, 1.67]]
19:38:56.368 XYZ [[0.24, 0.75, 1.7], [0.22, 4.86, 1.66], [0.43, 6.06, 1.7], [0.01, 3.67, 1.84], [0.56, 2.06, 1.66]]
19:38:56.451 XYZ [[0.27, 0.74, 1.71], [0.24, 4.86, 1.64], [0.47, 6.07, 1.7], [0.06, 3.66, 1.83], [0.54, 2.07, 1.64]]
19:38:56.535 XYZ [[0.3, 0.76, 1.72], [0.25, 4.85, 1.62], [0.54, 6.09, 1.69], [0.07, 3.69, 1.81], [0.56, 2.08, 1.65]]
19:38:56.618 XYZ [[0.34, 0.73, 1.72], [0.26, 4.86, 1.62], [0.61, 6.12, 1.69], [0.08, 3.68, 1.82], [0.58, 2.09, 1.65]]
19:38:56.701 XYZ [[0.37, 0.72, 1.71], [0.3, 4.87, 1.62], [0.63, 6.14, 1.68], [0.15, 3.68, 1.8], [0.59, 2.1, 1.64]]
19:38:56.785 XYZ [[0.49, 0.72, 1.69], [0.35, 4.86, 1.59], [0.7, 6.16, 1.7], [0.17, 3.72, 1.75], [0.53, 2.14, 1.59]]
19:38:56.868 XYZ [[0.61, 0.76, 1.75], [0.39, 4.87, 1.57], [0.78, 6.13, 1.69], [0.18, 3.74, 1.73], [0.51, 2.18, 1.55]]
19:38:56.952 XYZ [[0.63, 0.75, 1.73], [0.44, 4.84, 1.54], [0.86, 6.12, 1.72], [0.24, 3.78, 1.72], [0.51, 2.2, 1.56]]
19:38:57.035 XYZ [[0.64, 0.74, 1.7], [0.5, 4.84, 1.5], [0.92, 6.06, 1.77], [0.33, 3.8, 1.68], [0.55, 2.22, 1.55]]
19:38:57.119 XYZ [[0.72, 0.75, 1.69], [0.59, 4.84, 1.46], [1.0, 6.02, 1.79], [0.36, 3.82, 1.64], [0.59, 2.2, 1.49]]
19:38:57.202 XYZ [[0.76, 0.74, 1.68], [0.64, 4.83, 1.46], [1.05, 6.0, 1.79], [0.46, 3.83, 1.59], [0.64, 2.19, 1.47]]
19:38:57.285 XYZ [[0.81, 0.76, 1.63], [0.68, 4.82, 1.46], [1.12, 5.95, 1.79], [0.56, 3.84, 1.55], [0.75, 2.17, 1.44]]
19:38:57.369 XYZ [[0.89, 0.77, 1.59], [0.73, 4.8, 1.47], [1.17, 5.84, 1.79], [0.64, 3.83, 1.55], [0.86, 2.16, 1.4]]
19:38:57.452 XYZ [[0.93, 0.78, 1.57], [0.8, 4.78, 1.48], [1.19, 5.8, 1.77], [0.76, 3.79, 1.55], [0.9, 2.16, 1.38]]
19:38:57.536 XYZ [[1.03, 0.77, 1.52], [0.83, 4.77, 1.47], [1.25, 5.75, 1.73], [0.84, 3.79, 1.57], [0.98, 2.17, 1.39]]
19:38:57.620 XYZ [[1.13, 0.76, 1.52], [0.87, 4.75, 1.48], [1.25, 5.78, 1.69], [0.87, 3.76, 1.58], [1.14, 2.15, 1.39]]
19:38:57.704 XYZ [[1.15, 0.77, 1.53], [0.93, 4.75, 1.47], [1.26, 5.78, 1.7], [0.87, 3.76, 1.58], [1.21, 2.12, 1.39]]
19:38:57.787 XYZ [[1.2, 0.8, 1.53], [0.96, 4.76, 1.46], [1.29, 5.8, 1.69], [1.12, 3.69, 1.57], [1.33, 2.11, 1.39]]
19:38:57.871 XYZ [[1.27, 0.83, 1.5], [1.03, 4.77, 1.46], [1.35, 5.82, 1.67], [1.18, 3.67, 1.57], [1.41, 2.09, 1.34]]
19:38:57.986 XYZ [[1.35, 0.87, 1.49], [1.11, 4.78, 1.48], [1.43, 5.86, 1.65], [1.33, 3.62, 1.55], [1.5, 2.09, 1.31]]
19:38:58.070 XYZ [[1.4, 0.89, 1.48], [1.19, 4.78, 1.49], [1.49, 5.9, 1.58], [1.37, 3.63, 1.55], [1.58, 2.07, 1.27]]
19:38:58.153 XYZ [[1.44, 0.89, 1.47], [1.24, 4.78, 1.5], [1.53, 5.92, 1.56], [1.46, 3.62, 1.58], [1.6, 2.06, 1.27]]
19:38:58.259 XYZ [[1.56, 0.93, 1.44], [1.39, 4.78, 1.52], [1.68, 5.91, 1.46], [1.58, 3.6, 1.57], [1.75, 2.05, 1.28]]
19:38:58.342 XYZ [[1.61, 0.95, 1.43], [1.47, 4.79, 1.53], [1.73, 5.91, 1.47], [1.66, 3.61, 1.57], [1.79, 2.04, 1.27]]
19:38:58.426 XYZ [[1.71, 0.97, 1.41], [1.52, 4.78, 1.52], [1.83, 5.91, 1.47], [1.75, 3.63, 1.56], [1.88, 2.03, 1.25]]
19:38:58.509 XYZ [[1.8, 0.97, 1.42], [1.61, 4.77, 1.51], [1.94, 5.9, 1.49], [1.79, 3.62, 1.57], [1.92, 2.01, 1.26]]
19:38:58.593 XYZ [[1.86, 0.97, 1.41], [1.65, 4.76, 1.53], [2.01, 5.9, 1.5], [1.87, 3.62, 1.56], [2.02, 2.0, 1.28]]
19:38:58.676 XYZ [[1.96, 0.97, 1.42], [1.76, 4.76, 1.53], [2.11, 5.87, 1.54], [1.94, 3.64, 1.56], [2.09, 2.01, 1.3]]
19:38:58.760 XYZ [[2.06, 0.99, 1.4], [1.87, 4.73, 1.54], [2.18, 5.88, 1.53], [1.99, 3.64, 1.57], [2.16, 2.02, 1.31]]
19:38:58.843 XYZ [[2.11, 1.0, 1.38], [1.97, 4.71, 1.54], [2.22, 5.89, 1.5], [2.08, 3.66, 1.55], [2.22, 2.0, 1.29]]
19:38:58.926 XYZ [[2.2, 0.99, 1.37], [2.04, 4.72, 1.53], [2.26, 5.88, 1.44], [2.12, 3.67, 1.55], [2.28, 1.98, 1.24]]
19:38:59.012 XYZ [[2.3, 1.0, 1.36], [2.15, 4.74, 1.52], [2.28, 5.89, 1.41], [2.2, 3.67, 1.53], [2.31, 1.98, 1.21]]
19:38:59.095 XYZ [[2.35, 1.0, 1.35], [2.26, 4.74, 1.49], [2.32, 5.88, 1.34], [2.27, 3.65, 1.54], [2.42, 1.95, 1.2]]
19:38:59.178 XYZ [[2.44, 1.02, 1.34], [2.32, 4.75, 1.49], [2.35, 5.87, 1.27], [2.36, 3.63, 1.53], [2.49, 1.95, 1.17]]
19:38:59.262 XYZ [[2.53, 1.04, 1.33], [2.44, 4.78, 1.49], [2.44, 5.89, 1.24], [2.41, 3.62, 1.51], [2.56, 1.97, 1.12]]
19:38:59.345 XYZ [[2.56, 1.05, 1.32], [2.54, 4.8, 1.49], [2.46, 5.9, 1.22], [2.48, 3.62, 1.48], [2.6, 1.99, 1.12]]
19:38:59.429 XYZ [[2.65, 1.08, 1.32], [2.59, 4.81, 1.49], [2.56, 5.92, 1.19], [2.52, 3.62, 1.48], [2.69, 1.98, 1.14]]
19:38:59.518 XYZ [[2.76, 1.1, 1.3], [2.71, 4.82, 1.5], [2.68, 5.96, 1.21], [2.59, 3.61, 1.48], [2.76, 1.98, 1.16]]
19:38:59.601 XYZ [[2.84, 1.11, 1.29], [2.79, 4.84, 1.51], [2.8, 5.96, 1.21], [2.66, 3.58, 1.51], [2.79, 1.98, 1.18]]
19:38:59.684 XYZ [[2.89, 1.12, 1.28], [2.82, 4.81, 1.51], [2.87, 5.97, 1.2], [2.68, 3.58, 1.46], [2.87, 2.0, 1.2]]
19:38:59.768 XYZ [[2.98, 1.11, 1.29], [2.9, 4.78, 1.53], [2.98, 5.98, 1.28], [2.72, 3.56, 1.47], [2.98, 2.02, 1.24]]
19:38:59.859 XYZ [[3.08, 1.09, 1.27], [3.03, 4.79, 1.55], [3.1, 5.96, 1.26], [2.77, 3.53, 1.44], [3.08, 2.05, 1.3]]
19:38:59.942 XYZ [[3.11, 1.07, 1.28], [3.11, 4.78, 1.6], [3.17, 5.95, 1.28], [2.78, 3.52, 1.39], [3.12, 2.05, 1.3]]
19:39:00.026 XYZ [[3.2, 1.08, 1.29], [3.15, 4.78, 1.62], [3.27, 5.94, 1.31], [2.82, 3.5, 1.31], [3.19, 2.07, 1.32]]
19:39:00.109 XYZ [[3.3, 1.07, 1.31], [3.27, 4.76, 1.64], [3.36, 5.93, 1.31], [2.85, 3.49, 1.29], [3.24, 2.06, 1.32]]
19:39:00.193 XYZ [[3.33, 1.04, 1.33], [3.32, 4.75, 1.68], [3.4, 5.92, 1.31], [2.91, 3.46, 1.26], [3.33, 2.06, 1.31]]
19:39:00.277 XYZ [[3.42, 1.01, 1.29], [3.43, 4.75, 1.73], [3.49, 5.9, 1.32], [2.96, 3.45, 1.26], [3.41, 2.11, 1.35]]
19:39:00.360 XYZ [[3.5, 1.01, 1.27], [3.57, 4.76, 1.65], [3.53, 5.9, 1.37], [3.08, 3.44, 1.32], [3.55, 2.13, 1.39]]
19:39:00.443 XYZ [[3.55, 1.03, 1.25], [3.63, 4.81, 1.7], [3.56, 5.91, 1.4], [3.18, 3.44, 1.35], [3.61, 2.15, 1.38]]
19:39:00.527 XYZ [[3.66, 1.03, 1.25], [3.67, 4.83, 1.68], [3.63, 5.91, 1.41], [3.29, 3.41, 1.36], [3.7, 2.15, 1.38]]
19:39:00.610 XYZ [[3.71, 0.98, 1.24], [3.73, 4.89, 1.67], [3.73, 5.91, 1.43], [3.36, 3.42, 1.39], [3.73, 2.15, 1.37]]
19:39:00.710 XYZ [[3.77, 0.95, 1.27], [3.79, 4.91, 1.68], [3.81, 5.91, 1.42], [3.45, 3.42, 1.43], [3.81, 2.16, 1.37]]
19:39:00.794 XYZ [[3.78, 0.95, 1.3], [3.88, 4.92, 1.66], [3.85, 5.91, 1.43], [3.54, 3.42, 1.44], [3.91, 2.17, 1.36]]
19:39:00.877 XYZ [[3.84, 0.94, 1.31], [3.91, 4.94, 1.64], [3.91, 5.91, 1.41], [3.61, 3.44, 1.47], [4.01, 2.2, 1.33]]
19:39:00.961 XYZ [[3.89, 0.94, 1.31], [3.97, 4.98, 1.64], [4.01, 5.93, 1.45], [3.65, 3.47, 1.49], [4.1, 2.24, 1.35]]
19:39:01.049 XYZ [[3.92, 0.95, 1.31], [4.01, 5.01, 1.64], [4.05, 5.93, 1.47], [3.7, 3.48, 1.5], [4.13, 2.24, 1.35]]
19:39:01.132 XYZ [[3.98, 0.94, 1.32], [4.04, 5.02, 1.64], [4.15, 5.94, 1.48], [3.78, 3.52, 1.53], [4.21, 2.26, 1.35]]
19:39:01.216 XYZ [[4.02, 0.94, 1.35], [4.11, 5.04, 1.61], [4.26, 5.95, 1.42], [3.82, 3.53, 1.54], [4.24, 2.25, 1.34]]
19:39:01.304 XYZ [[4.09, 0.95, 1.39], [4.15, 5.04, 1.59], [4.34, 5.94, 1.43], [3.93, 3.55, 1.58], [4.28, 2.25, 1.34]]
19:39:01.387 XYZ [[4.13, 0.96, 1.41], [4.16, 5.04, 1.58], [4.37, 5.93, 1.42], [4.01, 3.55, 1.63], [4.33, 2.24, 1.36]]
19:39:01.471 XYZ [[4.19, 0.97, 1.42], [4.17, 5.02, 1.58], [4.44, 5.95, 1.43], [4.05, 3.55, 1.64], [4.4, 2.24, 1.36]]
19:39:01.554 XYZ [[4.28, 0.98, 1.43], [4.21, 5.0, 1.63], [4.49, 5.94, 1.45], [4.12, 3.55, 1.67], [4.43, 2.22, 1.36]]
19:39:01.638 XYZ [[4.3, 0.98, 1.45], [4.26, 4.99, 1.62], [4.53, 5.92, 1.5], [4.17, 3.59, 1.7], [4.46, 2.23, 1.4]]
19:39:01.721 XYZ [[4.38, 0.98, 1.47], [4.26, 4.98, 1.62], [4.56, 5.89, 1.55], [4.22, 3.63, 1.74], [4.48, 2.26, 1.43]]
19:39:01.805 XYZ [[4.46, 1.0, 1.51], [4.3, 4.99, 1.65], [4.61, 5.88, 1.57], [4.23, 3.64, 1.76], [4.49, 2.26, 1.45]]
19:39:01.888 XYZ [[4.5, 1.01, 1.52], [4.33, 5.0, 1.65], [4.63, 5.87, 1.57], [4.26, 3.67, 1.79], [4.55, 2.31, 1.46]]
19:39:01.972 XYZ [[4.58, 1.03, 1.53], [4.36, 4.98, 1.64], [4.65, 5.87, 1.58], [4.27, 3.68, 1.82], [4.51, 2.34, 1.5]]
19:39:02.055 XYZ [[4.65, 1.07, 1.53], [4.35, 4.99, 1.64], [4.64, 5.86, 1.57], [4.29, 3.68, 1.86], [4.5, 2.34, 1.48]]
19:39:02.138 XYZ [[4.69, 1.07, 1.53], [4.31, 5.01, 1.62], [4.64, 5.88, 1.56], [4.31, 3.68, 1.88], [4.54, 2.37, 1.45]]
19:39:02.222 XYZ [[4.75, 1.07, 1.51], [4.29, 5.0, 1.62], [4.67, 5.91, 1.54], [4.34, 3.66, 1.89], [4.53, 2.38, 1.45]]
19:39:02.305 XYZ [[4.81, 1.08, 1.51], [4.27, 5.0, 1.63], [4.66, 5.93, 1.56], [4.35, 3.65, 1.9], [4.49, 2.36, 1.45]]
19:39:02.389 XYZ [[4.83, 1.1, 1.5], [4.25, 5.0, 1.63], [4.64, 5.94, 1.55], [4.38, 3.66, 1.92], [4.43, 2.32, 1.49]]
19:39:02.472 XYZ [[4.82, 1.11, 1.47], [4.22, 4.99, 1.61], [4.65, 5.95, 1.55], [4.4, 3.66, 1.93], [4.35, 2.3, 1.5]]
19:39:02.555 XYZ [[4.82, 1.11, 1.45], [4.19, 5.0, 1.61], [4.65, 5.99, 1.56], [4.4, 3.68, 1.93], [4.32, 2.32, 1.51]]
19:39:02.639 XYZ [[4.81, 1.11, 1.46], [4.19, 5.03, 1.58], [4.66, 5.99, 1.55], [4.41, 3.69, 1.9], [4.23, 2.37, 1.48]]
19:39:02.722 XYZ [[4.79, 1.12, 1.46], [4.2, 5.04, 1.58], [4.65, 5.98, 1.52], [4.4, 3.7, 1.88], [4.12, 2.38, 1.52]]
19:39:02.808 XYZ [[4.79, 1.12, 1.46], [4.19, 5.06, 1.58], [4.67, 5.97, 1.53], [4.4, 3.7, 1.86], [4.1, 2.37, 1.53]]
19:39:02.891 XYZ [[4.78, 1.13, 1.45], [4.23, 5.05, 1.56], [4.68, 5.97, 1.53], [4.36, 3.73, 1.77], [4.08, 2.37, 1.58]]
19:39:02.974 XYZ [[4.74, 1.12, 1.44], [4.31, 5.03, 1.56], [4.69, 5.99, 1.53], [4.32, 3.71, 1.76], [4.15, 2.36, 1.57]]
19:39:03.058 XYZ [[4.72, 1.12, 1.42], [4.32, 5.0, 1.53], [4.65, 6.0, 1.54], [4.29, 3.72, 1.77], [4.18, 2.35, 1.56]]
19:39:03.142 XYZ [[4.72, 1.08, 1.43], [4.34, 4.98, 1.52], [4.6, 6.04, 1.56], [4.26, 3.68, 1.76], [4.14, 2.35, 1.58]]
19:39:03.225 XYZ [[4.65, 1.05, 1.43], [4.35, 4.96, 1.53], [4.58, 6.04, 1.56], [4.16, 3.64, 1.79], [4.11, 2.3, 1.58]]
19:39:03.309 XYZ [[4.61, 1.03, 1.41], [4.35, 4.97, 1.5], [4.55, 6.01, 1.53], [4.11, 3.66, 1.77], [4.09, 2.29, 1.59]]
19:39:03.392 XYZ [[4.56, 1.01, 1.4], [4.36, 4.95, 1.48], [4.53, 6.07, 1.58], [4.05, 3.65, 1.71], [4.03, 2.25, 1.56]]
19:39:03.476 XYZ [[4.44, 0.97, 1.39], [4.36, 4.91, 1.49], [4.43, 6.06, 1.59], [3.97, 3.66, 1.71], [4.02, 2.25, 1.52]]
19:39:03.559 XYZ [[4.35, 0.93, 1.4], [4.35, 4.92, 1.48], [4.32, 6.05, 1.58], [3.93, 3.65, 1.72], [3.96, 2.26, 1.48]]
19:39:03.651 XYZ [[4.3, 0.9, 1.4], [4.25, 4.9, 1.46], [4.27, 6.06, 1.57], [3.94, 3.62, 1.75], [3.96, 2.25, 1.48]]
19:39:03.735 XYZ [[4.2, 0.88, 1.4], [4.19, 4.88, 1.44], [4.2, 6.03, 1.57], [3.9, 3.6, 1.81], [3.91, 2.24, 1.45]]
19:39:03.818 XYZ [[4.11, 0.84, 1.38], [4.14, 4.87, 1.43], [4.11, 6.05, 1.57], [3.87, 3.59, 1.83], [3.87, 2.23, 1.42]]
19:39:03.903 XYZ [[4.06, 0.83, 1.37], [4.09, 4.86, 1.42], [4.07, 6.05, 1.57], [3.81, 3.56, 1.83], [3.85, 2.23, 1.4]]
19:39:03.986 XYZ [[3.95, 0.8, 1.35], [4.01, 4.84, 1.44], [4.02, 6.02, 1.56], [3.77, 3.57, 1.8], [3.8, 2.23, 1.38]]
19:39:04.070 XYZ [[3.82, 0.77, 1.29], [3.98, 4.84, 1.44], [3.92, 6.01, 1.53], [3.65, 3.59, 1.75], [3.71, 2.28, 1.37]]
19:39:04.153 XYZ [[3.76, 0.78, 1.29], [3.9, 4.84, 1.44], [3.88, 6.01, 1.53], [3.57, 3.62, 1.7], [3.66, 2.28, 1.35]]
19:39:04.236 XYZ [[3.65, 0.76, 1.26], [3.76, 4.87, 1.43], [3.81, 5.98, 1.5], [3.44, 3.61, 1.67], [3.57, 2.28, 1.36]]
19:39:04.320 XYZ [[3.52, 0.76, 1.25], [3.7, 4.88, 1.43], [3.74, 5.97, 1.45], [3.41, 3.61, 1.63], [3.56, 2.25, 1.33]]
19:39:04.403 XYZ [[3.4, 0.74, 1.26], [3.59, 4.87, 1.41], [3.63, 5.97, 1.41], [3.37, 3.61, 1.64], [3.52, 2.26, 1.34]]
19:39:04.515 XYZ [[3.29, 0.73, 1.22], [3.52, 4.85, 1.44], [3.56, 5.9, 1.39], [3.28, 3.62, 1.66], [3.42, 2.24, 1.32]]
19:39:04.599 XYZ [[3.2, 0.73, 1.2], [3.42, 4.84, 1.44], [3.48, 5.84, 1.39], [3.18, 3.62, 1.64], [3.37, 2.24, 1.33]]
19:39:04.683 XYZ [[3.14, 0.72, 1.19], [3.33, 4.81, 1.44], [3.41, 5.82, 1.38], [3.07, 3.63, 1.63], [3.28, 2.25, 1.35]]
19:39:04.766 XYZ [[3.07, 0.73, 1.16], [3.31, 4.8, 1.45], [3.3, 5.76, 1.35], [3.04, 3.64, 1.61], [3.15, 2.28, 1.35]]
19:39:04.849 XYZ [[3.01, 0.74, 1.16], [3.22, 4.79, 1.45], [3.26, 5.72, 1.33], [2.98, 3.64, 1.58], [3.15, 2.28, 1.35]]
19:39:04.933 XYZ [[2.91, 0.72, 1.14], [3.18, 4.79, 1.45], [3.14, 5.69, 1.31], [2.93, 3.63, 1.58], [3.06, 2.26, 1.31]]
19:39:05.016 XYZ [[2.81, 0.77, 1.11], [3.08, 4.79, 1.43], [3.02, 5.67, 1.25], [2.83, 3.6, 1.57], [2.95, 2.25, 1.29]]
19:39:05.104 XYZ [[2.72, 0.79, 1.15], [2.96, 4.79, 1.43], [2.91, 5.64, 1.21], [2.73, 3.62, 1.52], [2.91, 2.24, 1.29]]
19:39:05.187 XYZ [[2.65, 0.78, 1.14], [2.85, 4.8, 1.44], [2.86, 5.63, 1.18], [2.65, 3.64, 1.52], [2.82, 2.23, 1.27]]
19:39:05.271 XYZ [[2.56, 0.78, 1.12], [2.8, 4.81, 1.45], [2.79, 5.64, 1.18], [2.6, 3.65, 1.51], [2.74, 2.21, 1.28]]
19:39:05.391 XYZ [[2.45, 0.78, 1.1], [2.64, 4.81, 1.46], [2.65, 5.71, 1.18], [2.43, 3.66, 1.55], [2.63, 2.19, 1.26]]
19:39:05.474 XYZ [[2.34, 0.82, 1.08], [2.58, 4.81, 1.48], [2.54, 5.76, 1.18], [2.37, 3.66, 1.54], [2.51, 2.18, 1.31]]
19:39:05.557 XYZ [[2.2, 0.8, 1.05], [2.47, 4.83, 1.5], [2.42, 5.8, 1.16], [2.25, 3.65, 1.53], [2.4, 2.15, 1.34]]
19:39:05.641 XYZ [[2.15, 0.79, 1.03], [2.4, 4.84, 1.51], [2.38, 5.83, 1.14], [2.2, 3.57, 1.54], [2.35, 2.14, 1.36]]
19:39:05.724 XYZ [[2.05, 0.8, 1.05], [2.39, 4.84, 1.49], [2.31, 5.84, 1.14], [2.16, 3.58, 1.49], [2.23, 2.14, 1.36]]
19:39:05.808 XYZ [[1.98, 0.8, 1.07], [2.32, 4.81, 1.49], [2.22, 5.84, 1.15], [2.09, 3.6, 1.44], [2.13, 2.13, 1.37]]
19:39:05.891 XYZ [[1.94, 0.82, 1.12], [2.21, 4.79, 1.51], [2.17, 5.85, 1.16], [2.02, 3.62, 1.44], [2.05, 2.14, 1.38]]
19:39:05.975 XYZ [[1.84, 0.84, 1.13], [2.15, 4.78, 1.53], [2.05, 5.86, 1.2], [1.92, 3.64, 1.41], [1.97, 2.13, 1.38]]
19:39:06.058 XYZ [[1.74, 0.82, 1.14], [2.06, 4.72, 1.62], [1.93, 5.87, 1.21], [1.87, 3.65, 1.39], [1.91, 2.13, 1.38]]
19:39:06.141 XYZ [[1.71, 0.81, 1.15], [2.01, 4.72, 1.62], [1.88, 5.88, 1.2], [1.79, 3.66, 1.37], [1.87, 2.12, 1.38]]
19:39:06.241 XYZ [[1.63, 0.8, 1.14], [1.91, 4.7, 1.57], [1.76, 5.89, 1.18], [1.72, 3.67, 1.36], [1.77, 2.14, 1.38]]
19:39:06.324 XYZ [[1.57, 0.78, 1.15], [1.87, 4.71, 1.56], [1.64, 5.91, 1.16], [1.64, 3.69, 1.33], [1.64, 2.11, 1.37]]
19:39:06.408 XYZ [[1.54, 0.82, 1.18], [1.82, 4.72, 1.49], [1.58, 5.93, 1.17], [1.6, 3.68, 1.31], [1.57, 2.12, 1.4]]
19:39:06.492 XYZ [[1.47, 0.85, 1.19], [1.72, 4.74, 1.52], [1.48, 5.93, 1.18], [1.51, 3.67, 1.3], [1.43, 2.08, 1.43]]
19:39:06.576 XYZ [[1.42, 0.86, 1.19], [1.66, 4.78, 1.52], [1.41, 5.9, 1.23], [1.41, 3.67, 1.28], [1.33, 2.07, 1.41]]
19:39:06.659 XYZ [[1.29, 0.88, 1.17], [1.59, 4.77, 1.49], [1.35, 5.9, 1.25], [1.36, 3.67, 1.28], [1.24, 2.04, 1.41]]
19:39:06.743 XYZ [[1.25, 0.87, 1.19], [1.48, 4.79, 1.45], [1.31, 5.9, 1.25], [1.27, 3.68, 1.26], [1.19, 2.04, 1.42]]
19:39:06.827 XYZ [[1.14, 0.87, 1.21], [1.32, 4.85, 1.43], [1.25, 5.91, 1.25], [1.23, 3.67, 1.25], [1.11, 2.02, 1.39]]
19:39:06.910 XYZ [[1.04, 0.89, 1.21], [1.26, 4.86, 1.38], [1.2, 5.9, 1.32], [1.14, 3.67, 1.24], [1.05, 2.06, 1.34]]
19:39:07.025 XYZ [[0.99, 0.89, 1.2], [1.19, 4.88, 1.32], [1.16, 5.89, 1.37], [1.05, 3.66, 1.27], [1.02, 2.13, 1.32]]
19:39:07.108 XYZ [[0.92, 0.89, 1.22], [1.11, 4.9, 1.28], [1.15, 5.87, 1.37], [1.01, 3.67, 1.27], [0.93, 2.17, 1.25]]
19:39:07.192 XYZ [[0.87, 0.86, 1.24], [1.05, 4.89, 1.26], [1.13, 5.84, 1.42], [0.94, 3.67, 1.27], [0.77, 2.27, 1.21]]
19:39:07.284 XYZ [[0.81, 0.84, 1.27], [0.97, 4.85, 1.23], [1.06, 5.81, 1.46], [0.86, 3.67, 1.26], [0.65, 2.27, 1.18]]
19:39:07.367 XYZ [[0.78, 0.84, 1.3], [0.91, 4.82, 1.2], [1.03, 5.8, 1.46], [0.76, 3.66, 1.26], [0.58, 2.32, 1.07]]
19:39:07.451 XYZ [[0.75, 0.84, 1.31], [0.84, 4.8, 1.24], [0.93, 5.77, 1.45], [0.7, 3.66, 1.28], [0.56, 2.32, 1.07]]
19:39:07.534 XYZ [[0.74, 0.83, 1.32], [0.77, 4.8, 1.27], [0.88, 5.76, 1.45], [0.6, 3.67, 1.32], [0.51, 2.36, 1.07]]
19:39:07.618 XYZ [[0.71, 0.82, 1.33], [0.73, 4.8, 1.28], [0.79, 5.75, 1.47], [0.49, 3.67, 1.33], [0.5, 2.39, 1.06]]
19:39:07.701 XYZ [[0.69, 0.8, 1.33], [0.65, 4.82, 1.31], [0.73, 5.72, 1.5], [0.44, 3.67, 1.33], [0.5, 2.38, 1.04]]
19:39:07.785 XYZ [[0.64, 0.79, 1.37], [0.58, 4.81, 1.32], [0.62, 5.71, 1.54], [0.33, 3.66, 1.35], [0.51, 2.38, 1.14]]
19:39:07.879 XYZ [[0.57, 0.8, 1.42], [0.53, 4.81, 1.33], [0.53, 5.7, 1.56], [0.29, 3.64, 1.41], [0.48, 2.38, 1.15]]
19:39:07.963 XYZ [[0.49, 0.82, 1.46], [0.44, 4.8, 1.35], [0.47, 5.67, 1.59], [0.28, 3.64, 1.43], [0.43, 2.37, 1.14]]
19:39:08.046 XYZ [[0.43, 0.82, 1.51], [0.36, 4.8, 1.41], [0.39, 5.66, 1.61], [0.24, 3.59, 1.52], [0.43, 2.35, 1.17]]
19:39:08.167 XYZ [[0.39, 0.85, 1.55], [0.29, 4.8, 1.44], [0.37, 5.71, 1.65], [0.26, 3.59, 1.62], [0.44, 2.35, 1.31]]
19:39:08.250 XYZ [[0.37, 0.85, 1.57], [0.21, 4.79, 1.47], [0.35, 5.71, 1.67], [0.28, 3.59, 1.64], [0.46, 2.35, 1.33]]
19:39:08.334 XYZ [[0.34, 0.85, 1.6], [0.17, 4.79, 1.5], [0.3, 5.75, 1.72], [0.29, 3.59, 1.67], [0.45, 2.34, 1.39]]
19:39:08.417 XYZ [[0.32, 0.84, 1.6], [0.15, 4.8, 1.52], [0.24, 5.8, 1.72], [0.26, 3.6, 1.68], [0.39, 2.33, 1.41]]
19:39:08.500 XYZ [[0.29, 0.85, 1.62], [0.1, 4.83, 1.54], [0.2, 5.84, 1.72], [0.25, 3.64, 1.67], [0.38, 2.35, 1.42]]
19:39:08.584 XYZ [[0.3, 0.86, 1.62], [0.05, 4.86, 1.53], [0.21, 5.84, 1.71], [0.25, 3.64, 1.66], [0.37, 2.32, 1.45]]
19:39:08.667 XYZ [[0.3, 0.87, 1.63], [0.03, 4.88, 1.53], [0.2, 5.87, 1.74], [0.25, 3.65, 1.65], [0.34, 2.35, 1.5]]
19:39:08.751 XYZ [[0.32, 0.86, 1.65], [0.02, 4.91, 1.56], [0.25, 5.91, 1.8], [0.28, 3.66, 1.63], [0.3, 2.34, 1.48]]
19:39:08.834 XYZ [[0.33, 0.86, 1.66], [0.02, 4.94, 1.58], [0.26, 5.93, 1.82], [0.33, 3.67, 1.65], [0.3, 2.36, 1.5]]
19:39:08.917 XYZ [[0.36, 0.85, 1.69], [0.03, 4.95, 1.58], [0.24, 5.94, 1.82], [0.35, 3.69, 1.65], [0.3, 2.35, 1.53]]
19:39:09.001 XYZ [[0.42, 0.87, 1.66], [0.07, 4.95, 1.57], [0.28, 5.94, 1.82], [0.38, 3.71, 1.67], [0.31, 2.35, 1.52]]
19:39:09.084 XYZ [[0.44, 0.85, 1.66], [0.08, 4.95, 1.58], [0.3, 5.95, 1.78], [0.4, 3.72, 1.67], [0.31, 2.35, 1.51]]
19:39:09.174 XYZ [[0.5, 0.87, 1.66], [0.17, 4.97, 1.6], [0.37, 5.96, 1.77], [0.43, 3.73, 1.67], [0.3, 2.36, 1.47]]
19:39:09.258 XYZ [[0.54, 0.89, 1.63], [0.24, 4.96, 1.56], [0.42, 5.98, 1.72], [0.44, 3.73, 1.68], [0.31, 2.34, 1.42]]
19:39:09.341 XYZ [[0.58, 0.91, 1.62], [0.31, 4.95, 1.58], [0.44, 6.0, 1.7], [0.48, 3.73, 1.67], [0.32, 2.33, 1.39]]
19:39:09.425 XYZ [[0.61, 0.92, 1.6], [0.38, 4.95, 1.61], [0.53, 5.98, 1.64], [0.55, 3.75, 1.6], [0.38, 2.34, 1.38]]
19:39:09.508 XYZ [[0.67, 0.94, 1.59], [0.49, 4.94, 1.58], [0.64, 5.98, 1.59], [0.59, 3.75, 1.6], [0.44, 2.3, 1.37]]
19:39:09.591 XYZ [[0.71, 0.94, 1.59], [0.58, 4.91, 1.55], [0.69, 5.97, 1.6], [0.67, 3.73, 1.59], [0.48, 2.28, 1.38]]
19:39:09.675 XYZ [[0.75, 0.94, 1.58], [0.66, 4.89, 1.55], [0.8, 5.98, 1.58], [0.76, 3.71, 1.63], [0.57, 2.25, 1.4]]
19:39:09.764 XYZ [[0.8, 0.93, 1.57], [0.78, 4.86, 1.56], [0.89, 5.97, 1.62], [0.82, 3.69, 1.66], [0.68, 2.21, 1.4]]
19:39:09.848 XYZ [[0.84, 0.95, 1.58], [0.86, 4.82, 1.56], [0.96, 5.89, 1.58], [0.86, 3.69, 1.67], [0.75, 2.21, 1.41]]
19:39:09.931 XYZ [[0.93, 0.95, 1.59], [0.95, 4.78, 1.57], [1.02, 5.87, 1.6], [0.97, 3.68, 1.67], [0.88, 2.21, 1.42]]
19:39:10.015 XYZ [[1.02, 0.97, 1.57], [1.01, 4.76, 1.57], [1.07, 5.81, 1.59], [1.04, 3.67, 1.68], [0.97, 2.2, 1.41]]
19:39:10.098 XYZ [[1.08, 0.97, 1.58], [1.1, 4.72, 1.55], [1.09, 5.75, 1.58], [1.15, 3.66, 1.65], [1.07, 2.2, 1.41]]
19:39:10.182 XYZ [[1.12, 0.99, 1.58], [1.19, 4.7, 1.51], [1.12, 5.74, 1.57], [1.25, 3.63, 1.62], [1.12, 2.21, 1.42]]
19:39:10.285 XYZ [[1.21, 1.0, 1.55], [1.28, 4.69, 1.48], [1.19, 5.73, 1.54], [1.35, 3.62, 1.6], [1.23, 2.22, 1.42]]
19:39:10.369 XYZ [[1.29, 1.04, 1.51], [1.32, 4.68, 1.47], [1.25, 5.75, 1.53], [1.46, 3.59, 1.59], [1.3, 2.22, 1.43]]
19:39:10.452 XYZ [[1.4, 1.07, 1.53], [1.42, 4.67, 1.47], [1.37, 5.77, 1.53], [1.51, 3.59, 1.6], [1.35, 2.22, 1.41]]
19:39:10.542 XYZ [[1.49, 1.12, 1.55], [1.47, 4.68, 1.48], [1.42, 5.76, 1.53], [1.61, 3.57, 1.63], [1.42, 2.23, 1.36]]
19:39:10.626 XYZ [[1.54, 1.14, 1.57], [1.54, 4.68, 1.48], [1.53, 5.75, 1.54], [1.72, 3.55, 1.65], [1.5, 2.25, 1.31]]
19:39:10.709 XYZ [[1.63, 1.18, 1.57], [1.64, 4.69, 1.49], [1.61, 5.74, 1.54], [1.78, 3.54, 1.66], [1.56, 2.3, 1.27]]
19:39:10.793 XYZ [[1.67, 1.18, 1.57], [1.75, 4.67, 1.48], [1.64, 5.72, 1.55], [1.88, 3.54, 1.65], [1.59, 2.33, 1.25]]
19:39:10.877 XYZ [[1.78, 1.18, 1.57], [1.84, 4.66, 1.48], [1.77, 5.69, 1.54], [1.97, 3.56, 1.65], [1.68, 2.35, 1.23]]
19:39:10.960 XYZ [[1.9, 1.17, 1.56], [1.9, 4.64, 1.48], [1.91, 5.64, 1.5], [1.97, 3.56, 1.65], [1.76, 2.35, 1.25]]
19:39:11.043 XYZ [[1.95, 1.15, 1.56], [2.01, 4.63, 1.48], [1.96, 5.61, 1.52], [2.13, 3.55, 1.59], [1.82, 2.36, 1.26]]
19:39:11.127 XYZ [[2.06, 1.14, 1.56], [2.12, 4.62, 1.49], [2.05, 5.58, 1.53], [2.21, 3.55, 1.59], [1.91, 2.38, 1.27]]
19:39:11.210 XYZ [[2.18, 1.14, 1.54], [2.16, 4.62, 1.49], [2.16, 5.59, 1.53], [2.26, 3.55, 1.61], [2.0, 2.39, 1.26]]
19:39:11.294 XYZ [[2.29, 1.14, 1.53], [2.24, 4.62, 1.48], [2.27, 5.57, 1.54], [2.34, 3.54, 1.59], [2.05, 2.38, 1.24]]
19:39:11.377 XYZ [[2.34, 1.14, 1.51], [2.33, 4.62, 1.48], [2.29, 5.57, 1.56], [2.44, 3.55, 1.59], [2.17, 2.37, 1.24]]
19:39:11.461 XYZ [[2.47, 1.13, 1.48], [2.37, 4.62, 1.48], [2.37, 5.57, 1.56], [2.48, 3.57, 1.57], [2.26, 2.35, 1.26]]
19:39:11.545 XYZ [[2.58, 1.12, 1.46], [2.46, 4.63, 1.46], [2.44, 5.57, 1.52], [2.56, 3.58, 1.52], [2.32, 2.35, 1.27]]
19:39:11.628 XYZ [[2.63, 1.1, 1.46], [2.52, 4.63, 1.46], [2.47, 5.57, 1.51], [2.64, 3.59, 1.48], [2.43, 2.33, 1.28]]
19:39:11.711 XYZ [[2.73, 1.1, 1.48], [2.59, 4.64, 1.44], [2.57, 5.58, 1.5], [2.68, 3.59, 1.47], [2.52, 2.32, 1.3]]
19:39:11.804 XYZ [[2.85, 1.09, 1.48], [2.68, 4.66, 1.45], [2.64, 5.61, 1.51], [2.76, 3.61, 1.45], [2.57, 2.32, 1.3]]
19:39:11.887 XYZ [[2.91, 1.08, 1.49], [2.77, 4.66, 1.45], [2.68, 5.62, 1.52], [2.83, 3.62, 1.45], [2.65, 2.3, 1.25]]
19:39:11.971 XYZ [[3.02, 1.05, 1.48], [2.8, 4.67, 1.46], [2.76, 5.64, 1.49], [2.83, 3.62, 1.45], [2.75, 2.27, 1.21]]
19:39:12.054 XYZ [[3.11, 1.04, 1.44], [2.87, 4.68, 1.45], [2.83, 5.66, 1.44], [2.93, 3.63, 1.42], [2.83, 2.25, 1.19]]
19:39:12.137 XYZ [[3.15, 1.04, 1.41], [2.95, 4.67, 1.44], [2.88, 5.66, 1.42], [3.0, 3.62, 1.38], [2.86, 2.23, 1.19]]
19:39:12.221 XYZ [[3.24, 1.0, 1.4], [3.01, 4.66, 1.43], [2.99, 5.65, 1.37], [3.1, 3.63, 1.36], [2.97, 2.23, 1.2]]
19:39:12.325 XYZ [[3.32, 0.98, 1.36], [3.13, 4.67, 1.42], [3.07, 5.66, 1.29], [3.19, 3.63, 1.32], [3.09, 2.22, 1.25]]
19:39:12.408 XYZ [[3.38, 0.97, 1.35], [3.27, 4.69, 1.43], [3.16, 5.66, 1.27], [3.23, 3.63, 1.29], [3.19, 2.22, 1.27]]
19:39:12.492 XYZ [[3.41, 0.96, 1.35], [3.33, 4.7, 1.55], [3.26, 5.65, 1.28], [3.28, 3.58, 1.25], [3.25, 2.22, 1.3]]
19:39:12.575 XYZ [[3.44, 0.97, 1.36], [3.38, 4.72, 1.54], [3.3, 5.64, 1.26], [3.35, 3.54, 1.25], [3.36, 2.21, 1.32]]
19:39:12.659 XYZ [[3.52, 0.98, 1.34], [3.48, 4.73, 1.57], [3.35, 5.66, 1.27], [3.39, 3.53, 1.27], [3.46, 2.24, 1.32]]
19:39:12.746 XYZ [[3.57, 0.95, 1.34], [3.6, 4.73, 1.53], [3.44, 5.66, 1.24], [3.51, 3.53, 1.3], [3.51, 2.26, 1.31]]
19:39:12.829 XYZ [[3.6, 0.96, 1.34], [3.65, 4.73, 1.52], [3.47, 5.66, 1.24], [3.63, 3.53, 1.31], [3.63, 2.29, 1.32]]
19:39:12.913 XYZ [[3.7, 0.96, 1.34], [3.73, 4.73, 1.52], [3.53, 5.64, 1.25], [3.73, 3.51, 1.29], [3.69, 2.32, 1.33]]
19:39:12.996 XYZ [[3.77, 0.97, 1.32], [3.83, 4.75, 1.48], [3.6, 5.62, 1.22], [3.78, 3.51, 1.28], [3.72, 2.32, 1.32]]
19:39:13.080 XYZ [[3.82, 1.01, 1.33], [3.89, 4.8, 1.47], [3.64, 5.61, 1.23], [3.87, 3.51, 1.28], [3.78, 2.33, 1.32]]
19:39:13.163 XYZ [[3.88, 1.03, 1.34], [3.94, 4.8, 1.48], [3.76, 5.6, 1.28], [3.98, 3.52, 1.31], [3.86, 2.36, 1.33]]
19:39:13.247 XYZ [[3.97, 1.06, 1.32], [4.01, 4.81, 1.43], [3.82, 5.59, 1.3], [4.03, 3.55, 1.36], [3.91, 2.38, 1.3]]
19:39:13.330 XYZ [[3.99, 1.07, 1.32], [4.06, 4.82, 1.43], [3.96, 5.59, 1.29], [4.12, 3.58, 1.4], [4.0, 2.41, 1.31]]
19:39:13.418 XYZ [[4.08, 1.08, 1.29], [4.15, 4.83, 1.46], [4.09, 5.62, 1.32], [4.2, 3.62, 1.46], [4.11, 2.45, 1.34]]
19:39:13.501 XYZ [[4.2, 1.03, 1.3], [4.2, 4.82, 1.48], [4.18, 5.62, 1.35], [4.24, 3.64, 1.52], [4.16, 2.48, 1.37]]
19:39:13.585 XYZ [[4.24, 1.03, 1.32], [4.25, 4.81, 1.47], [4.23, 5.63, 1.38], [4.3, 3.67, 1.57], [4.17, 2.48, 1.38]]
19:39:13.668 XYZ [[4.31, 1.05, 1.35], [4.28, 4.8, 1.46], [4.29, 5.64, 1.41], [4.36, 3.72, 1.62], [4.2, 2.49, 1.4]]
19:39:13.752 XYZ [[4.35, 1.06, 1.39], [4.35, 4.81, 1.46], [4.34, 5.62, 1.46], [4.35, 3.74, 1.65], [4.16, 2.5, 1.41]]
19:39:13.853 XYZ [[4.41, 1.09, 1.43], [4.38, 4.8, 1.51], [4.38, 5.63, 1.52], [4.4, 3.77, 1.7], [4.16, 2.51, 1.39]]
19:39:13.936 XYZ [[4.5, 1.12, 1.41], [4.41, 4.82, 1.58], [4.36, 5.64, 1.56], [4.4, 3.79, 1.74], [4.15, 2.5, 1.38]]
19:39:14.020 XYZ [[4.58, 1.12, 1.45], [4.44, 4.82, 1.6], [4.42, 5.62, 1.57], [4.41, 3.83, 1.79], [4.11, 2.48, 1.39]]
19:39:14.103 XYZ [[4.63, 1.13, 1.44], [4.52, 4.81, 1.61], [4.47, 5.6, 1.56], [4.42, 3.84, 1.81], [4.11, 2.46, 1.41]]
19:39:14.187 XYZ [[4.62, 1.12, 1.42], [4.56, 4.78, 1.63], [4.47, 5.6, 1.56], [4.39, 3.82, 1.87], [4.05, 2.39, 1.41]]
19:39:14.270 XYZ [[4.62, 1.09, 1.41], [4.58, 4.77, 1.63], [4.57, 5.61, 1.56], [4.36, 3.81, 1.92], [4.03, 2.32, 1.39]]
19:39:14.354 XYZ [[4.61, 1.04, 1.41], [4.57, 4.73, 1.71], [4.63, 5.6, 1.56], [4.35, 3.81, 1.93], [3.99, 2.26, 1.39]]
19:39:14.437 XYZ [[4.63, 1.02, 1.38], [4.57, 4.7, 1.73], [4.66, 5.61, 1.57], [4.33, 3.77, 1.99], [3.99, 2.24, 1.39]]
19:39:14.520 XYZ [[4.65, 0.98, 1.35], [4.56, 4.69, 1.73], [4.7, 5.58, 1.58], [4.33, 3.75, 2.04], [3.98, 2.22, 1.39]]
19:39:14.604 XYZ [[4.65, 0.91, 1.34], [4.56, 4.69, 1.73], [4.71, 5.57, 1.57], [4.32, 3.73, 2.03], [3.96, 2.17, 1.41]]
19:39:14.707 XYZ [[4.65, 0.91, 1.33], [4.55, 4.67, 1.76], [4.65, 5.59, 1.59], [4.31, 3.7, 2.05], [3.96, 2.16, 1.43]]
19:39:14.791 XYZ [[4.64, 0.89, 1.33], [4.54, 4.65, 1.75], [4.62, 5.59, 1.6], [4.28, 3.68, 2.02], [3.96, 2.14, 1.46]]
19:39:14.874 XYZ [[4.62, 0.87, 1.35], [4.5, 4.63, 1.73], [4.6, 5.61, 1.63], [4.25, 3.65, 2.04], [4.03, 2.16, 1.49]]
19:39:14.957 XYZ [[4.56, 0.85, 1.31], [4.48, 4.61, 1.75], [4.58, 5.61, 1.65], [4.25, 3.63, 2.05], [4.01, 2.11, 1.51]]
19:39:15.043 XYZ [[4.55, 0.85, 1.32], [4.46, 4.59, 1.77], [4.56, 5.61, 1.66], [4.2, 3.62, 2.03], [4.01, 2.1, 1.52]]
19:39:15.127 XYZ [[4.49, 0.83, 1.34], [4.47, 4.58, 1.81], [4.57, 5.64, 1.66], [4.19, 3.61, 2.01], [4.02, 2.13, 1.52]]
19:39:15.210 XYZ [[4.42, 0.82, 1.35], [4.47, 4.56, 1.81], [4.57, 5.65, 1.66], [4.19, 3.61, 2.09], [4.02, 2.13, 1.53]]
19:39:15.293 XYZ [[4.36, 0.83, 1.32], [4.43, 4.56, 1.77], [4.59, 5.64, 1.67], [4.18, 3.61, 2.1], [3.99, 2.15, 1.56]]
19:39:15.377 XYZ [[4.33, 0.82, 1.32], [4.42, 4.57, 1.78], [4.6, 5.65, 1.66], [4.17, 3.58, 2.13], [4.0, 2.19, 1.55]]
19:39:15.496 XYZ [[4.31, 0.8, 1.29], [4.33, 4.56, 1.78], [4.59, 5.65, 1.61], [4.14, 3.57, 2.13], [3.96, 2.22, 1.53]]
19:39:15.579 XYZ [[4.24, 0.79, 1.29], [4.27, 4.55, 1.77], [4.54, 5.63, 1.57], [4.13, 3.56, 2.13], [3.93, 2.22, 1.53]]
19:39:15.662 XYZ [[4.18, 0.74, 1.32], [4.25, 4.55, 1.75], [4.42, 5.63, 1.54], [4.11, 3.55, 2.12], [3.86, 2.21, 1.51]]
19:39:15.746 XYZ [[4.15, 0.69, 1.33], [4.19, 4.55, 1.74], [4.37, 5.6, 1.51], [4.11, 3.55, 2.12], [3.84, 2.19, 1.5]]
19:39:15.829 XYZ [[4.11, 0.66, 1.32], [4.11, 4.56, 1.71], [4.33, 5.58, 1.5], [4.0, 3.6, 1.94], [3.8, 2.18, 1.52]]
19:39:15.913 XYZ [[4.04, 0.67, 1.32], [4.05, 4.57, 1.72], [4.22, 5.59, 1.52], [3.96, 3.63, 1.91], [3.72, 2.14, 1.52]]
19:39:15.996 XYZ [[4.03, 0.68, 1.32], [3.95, 4.6, 1.7], [4.18, 5.59, 1.54], [3.94, 3.62, 1.87], [3.7, 2.14, 1.53]]
19:39:16.079 XYZ [[3.96, 0.74, 1.3], [3.91, 4.6, 1.7], [4.01, 5.63, 1.55], [3.86, 3.63, 1.87], [3.66, 2.14, 1.52]]
19:39:16.172 XYZ [[3.9, 0.75, 1.28], [3.8, 4.6, 1.7], [3.94, 5.62, 1.57], [3.84, 3.64, 1.86], [3.63, 2.15, 1.5]]
19:39:16.255 XYZ [[3.82, 0.79, 1.3], [3.69, 4.6, 1.67], [3.84, 5.67, 1.53], [3.79, 3.66, 1.83], [3.58, 2.18, 1.52]]
19:39:16.358 XYZ [[3.71, 0.83, 1.29], [3.62, 4.61, 1.62], [3.8, 5.66, 1.5], [3.72, 3.66, 1.79], [3.53, 2.21, 1.51]]
19:39:16.441 XYZ [[3.65, 0.84, 1.28], [3.52, 4.62, 1.58], [3.77, 5.67, 1.46], [3.67, 3.66, 1.73], [3.5, 2.22, 1.49]]
19:39:16.536 XYZ [[3.57, 0.89, 1.27], [3.43, 4.64, 1.56], [3.7, 5.68, 1.4], [3.59, 3.68, 1.67], [3.42, 2.23, 1.49]]
19:39:16.620 XYZ [[3.5, 0.95, 1.25], [3.34, 4.63, 1.54], [3.63, 5.65, 1.36], [3.47, 3.62, 1.65], [3.35, 2.23, 1.5]]
19:39:16.703 XYZ [[3.42, 0.99, 1.22], [3.27, 4.64, 1.53], [3.53, 5.62, 1.36], [3.41, 3.61, 1.64], [3.25, 2.21, 1.49]]
19:39:16.787 XYZ [[3.34, 1.03, 1.22], [3.17, 4.63, 1.51], [3.47, 5.62, 1.37], [3.3, 3.59, 1.61], [3.2, 2.2, 1.48]]
19:39:16.870 XYZ [[3.28, 1.05, 1.23], [3.13, 4.63, 1.51], [3.37, 5.58, 1.38], [3.16, 3.57, 1.6], [3.07, 2.19, 1.5]]
19:39:16.956 XYZ [[3.18, 1.06, 1.25], [3.01, 4.63, 1.48], [3.31, 5.57, 1.36], [3.1, 3.56, 1.61], [2.98, 2.22, 1.48]]
19:39:17.040 XYZ [[3.07, 1.08, 1.27], [2.94, 4.63, 1.43], [3.18, 5.5, 1.37], [2.94, 3.55, 1.6], [2.92, 2.22, 1.47]]
19:39:17.124 XYZ [[3.03, 1.09, 1.27], [2.84, 4.62, 1.41], [3.03, 5.45, 1.33], [2.81, 3.53, 1.54], [2.8, 2.2, 1.46]]
19:39:17.207 XYZ [[2.92, 1.09, 1.24], [2.79, 4.63, 1.41], [2.88, 5.42, 1.31], [2.68, 3.55, 1.51], [2.64, 2.17, 1.5]]
19:39:17.290 XYZ [[2.82, 1.08, 1.19], [2.7, 4.66, 1.38], [2.81, 5.42, 1.31], [2.61, 3.57, 1.5], [2.58, 2.16, 1.5]]
19:39:17.374 XYZ [[2.78, 1.06, 1.18], [2.66, 4.66, 1.37], [2.66, 5.41, 1.32], [2.49, 3.56, 1.55], [2.45, 2.11, 1.51]]
19:39:17.457 XYZ [[2.71, 1.03, 1.2], [2.59, 4.63, 1.35], [2.52, 5.41, 1.31], [2.43, 3.56, 1.59], [2.37, 2.08, 1.5]]
19:39:17.546 XYZ [[2.58, 1.05, 1.2], [2.48, 4.61, 1.32], [2.43, 5.38, 1.27], [2.33, 3.57, 1.55], [2.31, 2.06, 1.51]]
19:39:17.629 XYZ [[2.52, 1.05, 1.19], [2.38, 4.57, 1.3], [2.36, 5.37, 1.25], [2.25, 3.59, 1.53], [2.18, 2.04, 1.49]]
19:39:17.713 XYZ [[2.4, 1.04, 1.13], [2.35, 4.55, 1.28], [2.25, 5.39, 1.23], [2.18, 3.61, 1.51], [2.07, 2.02, 1.47]]
19:39:17.796 XYZ [[2.28, 1.02, 1.09], [2.27, 4.49, 1.24], [2.15, 5.39, 1.24], [2.13, 3.62, 1.49], [2.03, 2.02, 1.47]]
19:39:17.880 XYZ [[2.23, 1.02, 1.07], [2.21, 4.44, 1.27], [2.08, 5.41, 1.25], [2.05, 3.62, 1.44], [1.95, 2.0, 1.46]]
19:39:17.979 XYZ [[2.12, 1.05, 1.06], [2.17, 4.41, 1.26], [1.93, 5.43, 1.29], [1.96, 3.61, 1.41], [1.85, 1.97, 1.44]]
19:39:18.062 XYZ [[2.03, 1.07, 1.04], [2.09, 4.36, 1.26], [1.77, 5.47, 1.31], [1.88, 3.62, 1.44], [1.74, 1.96, 1.44]]
19:39:18.149 XYZ [[1.91, 1.11, 1.03], [2.03, 4.34, 1.32], [1.64, 5.51, 1.3], [1.83, 3.63, 1.46], [1.62, 1.94, 1.44]]
19:39:18.232 XYZ [[1.86, 1.11, 1.03], [1.95, 4.34, 1.36], [1.56, 5.5, 1.3], [1.74, 3.64, 1.45], [1.58, 1.97, 1.46]]
19:39:18.316 XYZ [[1.76, 1.11, 1.03], [1.92, 4.35, 1.35], [1.44, 5.53, 1.31], [1.65, 3.66, 1.41], [1.48, 1.99, 1.43]]
19:39:18.399 XYZ [[1.66, 1.09, 1.03], [1.83, 4.36, 1.36], [1.32, 5.57, 1.31], [1.59, 3.66, 1.39], [1.37, 2.02, 1.42]]
19:39:18.482 XYZ [[1.57, 1.08, 1.02], [1.69, 4.43, 1.46], [1.29, 5.58, 1.33], [1.5, 3.64, 1.34], [1.29, 2.0, 1.42]]
19:39:18.575 XYZ [[1.51, 1.09, 1.0], [1.57, 4.44, 1.48], [1.21, 5.6, 1.33], [1.38, 3.65, 1.32], [1.2, 2.02, 1.43]]
19:39:18.658 XYZ [[1.42, 1.13, 1.04], [1.5, 4.45, 1.48], [1.1, 5.62, 1.33], [1.33, 3.67, 1.31], [1.12, 2.0, 1.46]]
19:39:18.748 XYZ [[1.36, 1.12, 1.11], [1.39, 4.47, 1.46], [0.98, 5.65, 1.32], [1.23, 3.7, 1.31], [1.05, 2.0, 1.42]]
19:39:18.832 XYZ [[1.31, 1.12, 1.13], [1.27, 4.49, 1.48], [0.9, 5.65, 1.33], [1.13, 3.69, 1.29], [1.01, 2.02, 1.41]]
19:39:18.915 XYZ [[1.24, 1.09, 1.15], [1.19, 4.51, 1.47], [0.85, 5.65, 1.36], [1.05, 3.68, 1.3], [0.88, 2.11, 1.32]]
19:39:19.014 XYZ [[1.17, 1.11, 1.15], [1.07, 4.54, 1.46], [0.8, 5.66, 1.39], [0.98, 3.68, 1.34], [0.77, 2.12, 1.25]]
19:39:19.098 XYZ [[1.09, 1.11, 1.13], [0.96, 4.56, 1.44], [0.78, 5.67, 1.41], [0.96, 3.69, 1.32], [0.68, 2.13, 1.19]]
19:39:19.181 XYZ [[1.01, 1.09, 1.14], [0.86, 4.55, 1.44], [0.79, 5.61, 1.3], [0.88, 3.68, 1.32], [0.57, 2.15, 1.12]]
19:39:19.265 XYZ [[0.98, 1.06, 1.15], [0.8, 4.55, 1.45], [0.73, 5.59, 1.3], [0.81, 3.66, 1.29], [0.51, 2.2, 1.06]]
19:39:19.349 XYZ [[0.92, 1.02, 1.19], [0.69, 4.54, 1.46], [0.62, 5.55, 1.32], [0.77, 3.64, 1.29], [0.43, 2.23, 1.08]]
19:39:19.433 XYZ [[0.88, 1.01, 1.19], [0.62, 4.57, 1.5], [0.56, 5.54, 1.33], [0.69, 3.63, 1.35], [0.38, 2.26, 1.07]]
19:39:19.516 XYZ [[0.8, 1.01, 1.23], [0.58, 4.57, 1.51], [0.5, 5.54, 1.36], [0.62, 3.63, 1.35], [0.36, 2.3, 1.05]]
19:39:19.657 XYZ [[0.7, 0.97, 1.27], [0.52, 4.57, 1.6], [0.38, 5.52, 1.41], [0.52, 3.58, 1.37], [0.28, 2.29, 1.07]]
19:39:19.741 XYZ [[0.63, 0.96, 1.27], [0.49, 4.57, 1.67], [0.35, 5.53, 1.43], [0.42, 3.56, 1.41], [0.25, 2.3, 1.1]]
19:39:19.824 XYZ [[0.59, 0.95, 1.28], [0.42, 4.58, 1.69], [0.29, 5.54, 1.46], [0.35, 3.53, 1.46], [0.19, 2.33, 1.14]]
19:39:19.907 XYZ [[0.52, 0.89, 1.31], [0.41, 4.56, 1.74], [0.24, 5.57, 1.47], [0.28, 3.51, 1.48], [0.17, 2.36, 1.18]]
19:39:19.993 XYZ [[0.5, 0.84, 1.37], [0.39, 4.54, 1.79], [0.16, 5.59, 1.48], [0.23, 3.51, 1.49], [0.13, 2.36, 1.18]]
19:39:20.077 XYZ [[0.46, 0.82, 1.39], [0.36, 4.52, 1.82], [0.15, 5.6, 1.51], [0.15, 3.5, 1.53], [0.07, 2.36, 1.2]]
19:39:20.169 XYZ [[0.43, 0.8, 1.45], [0.35, 4.5, 1.85], [0.18, 5.66, 1.57], [0.12, 3.5, 1.55], [0.05, 2.34, 1.23]]
19:39:20.252 XYZ [[0.41, 0.76, 1.51], [0.35, 4.51, 1.91], [0.16, 5.71, 1.61], [0.08, 3.5, 1.59], [0.0, 2.31, 1.26]]
19:39:20.336 XYZ [[0.39, 0.74, 1.55], [0.38, 4.54, 1.92], [0.16, 5.73, 1.64], [0.05, 3.51, 1.62], [-0.03, 2.29, 1.26]]
19:39:20.435 XYZ [[0.39, 0.71, 1.56], [0.42, 4.54, 1.91], [0.19, 5.75, 1.67], [-0.01, 3.5, 1.65], [-0.05, 2.28, 1.25]]
19:39:20.519 XYZ [[0.38, 0.67, 1.59], [0.4, 4.55, 1.9], [0.23, 5.83, 1.72], [-0.05, 3.52, 1.65], [-0.06, 2.24, 1.23]]
19:39:20.602 XYZ [[0.41, 0.66, 1.61], [0.38, 4.56, 1.89], [0.31, 5.85, 1.76], [-0.06, 3.53, 1.64], [-0.04, 2.22, 1.25]]
19:39:20.686 XYZ [[0.44, 0.69, 1.63], [0.35, 4.58, 1.88], [0.3, 5.84, 1.73], [-0.09, 3.55, 1.63], [-0.02, 2.21, 1.26]]
19:39:20.769 XYZ [[0.45, 0.69, 1.63], [0.34, 4.59, 1.9], [0.38, 5.83, 1.74], [-0.09, 3.56, 1.65], [-0.0, 2.18, 1.25]]
19:39:20.853 XYZ [[0.45, 0.66, 1.65], [0.33, 4.57, 1.88], [0.44, 5.78, 1.7], [-0.09, 3.57, 1.65], [0.04, 2.14, 1.24]]
19:39:20.936 XYZ [[0.49, 0.65, 1.69], [0.37, 4.54, 1.84], [0.48, 5.76, 1.69], [-0.09, 3.57, 1.62], [0.06, 2.12, 1.25]]
19:39:21.019 XYZ [[0.52, 0.64, 1.73], [0.38, 4.54, 1.84], [0.53, 5.75, 1.69], [-0.1, 3.58, 1.63], [0.12, 2.08, 1.26]]
19:39:21.103 XYZ [[0.54, 0.67, 1.75], [0.39, 4.55, 1.82], [0.6, 5.76, 1.68], [-0.1, 3.58, 1.67], [0.14, 2.07, 1.3]]
19:39:21.208 XYZ [[0.55, 0.71, 1.75], [0.39, 4.58, 1.77], [0.65, 5.74, 1.61], [-0.06, 3.59, 1.66], [0.23, 2.04, 1.3]]
19:39:21.291 XYZ [[0.56, 0.82, 1.74], [0.41, 4.56, 1.75], [0.7, 5.77, 1.63], [-0.03, 3.59, 1.62], [0.26, 2.01, 1.31]]
19:39:21.375 XYZ [[0.58, 0.85, 1.73], [0.43, 4.56, 1.74], [0.72, 5.77, 1.64], [-0.02, 3.56, 1.64], [0.33, 2.0, 1.32]]
19:39:21.458 XYZ [[0.59, 0.93, 1.7], [0.46, 4.56, 1.68], [0.77, 5.79, 1.64], [-0.01, 3.57, 1.66], [0.43, 2.0, 1.31]]
19:39:21.541 XYZ [[0.62, 0.98, 1.67], [0.49, 4.56, 1.63], [0.85, 5.81, 1.63], [0.04, 3.59, 1.66], [0.51, 2.0, 1.33]]
19:39:21.625 XYZ [[0.63, 1.01, 1.66], [0.52, 4.56, 1.59], [0.87, 5.81, 1.63], [0.08, 3.61, 1.65], [0.57, 2.01, 1.3]]
19:39:21.708 XYZ [[0.65, 1.04, 1.64], [0.54, 4.56, 1.57], [0.98, 5.81, 1.61], [0.1, 3.62, 1.61], [0.63, 2.01, 1.31]]
19:39:21.792 XYZ [[0.73, 1.08, 1.65], [0.6, 4.56, 1.54], [1.08, 5.81, 1.6], [0.17, 3.63, 1.53], [0.65, 2.03, 1.31]]
19:39:21.875 XYZ [[0.76, 1.09, 1.66], [0.67, 4.56, 1.54], [1.15, 5.82, 1.61], [0.24, 3.64, 1.47], [0.77, 2.04, 1.28]]
19:39:21.960 XYZ [[0.82, 1.08, 1.64], [0.7, 4.57, 1.55], [1.24, 5.8, 1.61], [0.3, 3.64, 1.45], [0.83, 2.06, 1.28]]
19:39:22.043 XYZ [[0.89, 1.04, 1.54], [0.79, 4.57, 1.53], [1.29, 5.75, 1.65], [0.45, 3.62, 1.38], [0.91, 2.05, 1.32]]
19:39:22.127 XYZ [[0.95, 1.03, 1.55], [0.89, 4.58, 1.51], [1.3, 5.72, 1.64], [0.56, 3.58, 1.42], [1.05, 2.1, 1.34]]
19:39:22.210 XYZ [[1.02, 1.01, 1.5], [0.93, 4.58, 1.49], [1.34, 5.67, 1.63], [0.56, 3.58, 1.42], [1.16, 2.12, 1.35]]
19:39:22.294 XYZ [[1.02, 1.01, 1.5], [1.02, 4.6, 1.48], [1.41, 5.66, 1.62], [0.75, 3.58, 1.44], [1.22, 2.13, 1.36]]
19:39:22.377 XYZ [[1.13, 1.03, 1.47], [1.14, 4.62, 1.46], [1.45, 5.66, 1.63], [0.89, 3.56, 1.44], [1.28, 2.16, 1.39]]
19:39:22.460 XYZ [[1.23, 1.04, 1.43], [1.19, 4.64, 1.47], [1.52, 5.65, 1.61], [0.89, 3.56, 1.44], [1.34, 2.2, 1.39]]
19:39:22.544 XYZ [[1.31, 1.02, 1.42], [1.31, 4.65, 1.52], [1.61, 5.63, 1.62], [1.04, 3.54, 1.45], [1.4, 2.23, 1.42]]
19:39:22.627 XYZ [[1.35, 1.04, 1.42], [1.44, 4.67, 1.54], [1.66, 5.62, 1.62], [1.17, 3.52, 1.41], [1.45, 2.24, 1.42]]
19:39:22.712 XYZ [[1.44, 1.06, 1.41], [1.5, 4.68, 1.54], [1.76, 5.59, 1.62], [1.21, 3.52, 1.41], [1.46, 2.28, 1.36]]
19:39:22.808 XYZ [[1.55, 1.11, 1.41], [1.62, 4.69, 1.55], [1.87, 5.54, 1.59], [1.33, 3.52, 1.43], [1.51, 2.33, 1.34]]
19:39:22.892 XYZ [[1.66, 1.16, 1.41], [1.74, 4.69, 1.57], [1.98, 5.52, 1.54], [1.45, 3.52, 1.49], [1.58, 2.37, 1.35]]
19:39:22.975 XYZ [[1.7, 1.18, 1.41], [1.85, 4.7, 1.57], [2.05, 5.5, 1.52], [1.59, 3.49, 1.52], [1.63, 2.39, 1.36]]
19:39:23.059 XYZ [[1.81, 1.22, 1.39], [1.9, 4.7, 1.58], [2.15, 5.46, 1.49], [1.73, 3.47, 1.55], [1.72, 2.44, 1.34]]
19:39:23.142 XYZ [[1.9, 1.23, 1.37], [2.02, 4.71, 1.59], [2.24, 5.43, 1.47], [1.79, 3.45, 1.57], [1.8, 2.44, 1.36]]
19:39:23.226 XYZ [[1.96, 1.24, 1.35], [2.15, 4.74, 1.6], [2.29, 5.41, 1.45], [1.88, 3.45, 1.55], [1.84, 2.45, 1.37]]
19:39:23.309 XYZ [[2.07, 1.26, 1.3], [2.21, 4.76, 1.61], [2.34, 5.42, 1.45], [1.95, 3.47, 1.55], [1.94, 2.46, 1.32]]
19:39:23.393 XYZ [[2.18, 1.27, 1.28], [2.32, 4.76, 1.64], [2.41, 5.42, 1.41], [1.99, 3.49, 1.58], [2.05, 2.48, 1.32]]
19:39:23.476 XYZ [[2.23, 1.26, 1.27], [2.42, 4.74, 1.6], [2.44, 5.41, 1.39], [2.05, 3.52, 1.59], [2.12, 2.46, 1.3]]
19:39:23.560 XYZ [[2.34, 1.24, 1.3], [2.47, 4.73, 1.58], [2.53, 5.39, 1.35], [2.15, 3.53, 1.59], [2.24, 2.47, 1.34]]
19:39:23.644 XYZ [[2.42, 1.21, 1.32], [2.56, 4.73, 1.54], [2.61, 5.38, 1.32], [2.21, 3.53, 1.6], [2.32, 2.48, 1.37]]
19:39:23.727 XYZ [[2.48, 1.21, 1.32], [2.67, 4.74, 1.56], [2.66, 5.39, 1.3], [2.32, 3.56, 1.6], [2.37, 2.48, 1.37]]
19:39:23.811 XYZ [[2.6, 1.19, 1.29], [2.74, 4.73, 1.56], [2.76, 5.42, 1.31], [2.4, 3.59, 1.57], [2.46, 2.47, 1.34]]
19:39:23.897 XYZ [[2.73, 1.19, 1.27], [2.85, 4.74, 1.58], [2.81, 5.42, 1.28], [2.45, 3.6, 1.57], [2.55, 2.46, 1.31]]
19:39:23.981 XYZ [[2.83, 1.15, 1.3], [2.94, 4.74, 1.56], [2.87, 5.45, 1.24], [2.54, 3.62, 1.52], [2.61, 2.46, 1.3]]
19:39:24.064 XYZ [[2.89, 1.16, 1.29], [2.97, 4.75, 1.56], [2.99, 5.51, 1.24], [2.65, 3.62, 1.49], [2.68, 2.46, 1.26]]
19:39:24.148 XYZ [[2.98, 1.17, 1.31], [3.01, 4.73, 1.59], [3.07, 5.55, 1.27], [2.7, 3.63, 1.49], [2.79, 2.44, 1.27]]
19:39:24.231 XYZ [[3.09, 1.19, 1.34], [3.11, 4.71, 1.62], [3.09, 5.56, 1.29], [2.7, 3.63, 1.49], [2.84, 2.43, 1.28]]
19:39:24.314 XYZ [[3.13, 1.19, 1.34], [3.17, 4.67, 1.62], [3.24, 5.57, 1.28], [2.87, 3.65, 1.51], [2.95, 2.41, 1.3]]
19:39:24.399 XYZ [[3.26, 1.19, 1.3], [3.21, 4.68, 1.61], [3.36, 5.54, 1.28], [2.97, 3.64, 1.5], [3.08, 2.39, 1.34]]
19:39:24.483 XYZ [[3.32, 1.14, 1.26], [3.32, 4.69, 1.59], [3.44, 5.52, 1.31], [3.02, 3.63, 1.51], [3.14, 2.38, 1.35]]
19:39:24.567 XYZ [[3.34, 1.13, 1.24], [3.43, 4.68, 1.56], [3.47, 5.52, 1.32], [3.12, 3.6, 1.47], [3.25, 2.36, 1.35]]
19:39:24.650 XYZ [[3.46, 1.11, 1.19], [3.49, 4.67, 1.56], [3.51, 5.52, 1.31], [3.17, 3.59, 1.44], [3.36, 2.33, 1.37]]
19:39:24.733 XYZ [[3.56, 1.1, 1.17], [3.59, 4.67, 1.54], [3.58, 5.53, 1.31], [3.29, 3.57, 1.4], [3.41, 2.32, 1.38]]
19:39:24.817 XYZ [[3.61, 1.1, 1.18], [3.71, 4.66, 1.56], [3.62, 5.51, 1.31], [3.39, 3.56, 1.38], [3.49, 2.33, 1.39]]
19:39:24.900 XYZ [[3.72, 1.06, 1.18], [3.73, 4.67, 1.57], [3.7, 5.54, 1.34], [3.43, 3.54, 1.38], [3.53, 2.34, 1.37]]
19:39:24.984 XYZ [[3.81, 1.07, 1.19], [3.78, 4.68, 1.6], [3.79, 5.56, 1.37], [3.52, 3.51, 1.4], [3.61, 2.35, 1.36]]
19:39:25.071 XYZ [[3.82, 1.04, 1.2], [3.86, 4.65, 1.58], [3.83, 5.57, 1.38], [3.62, 3.52, 1.42], [3.7, 2.34, 1.33]]
19:39:25.155 XYZ [[3.89, 0.98, 1.18], [3.91, 4.66, 1.58], [3.87, 5.58, 1.39], [3.72, 3.53, 1.42], [3.76, 2.33, 1.3]]
19:39:25.238 XYZ [[3.93, 0.96, 1.24], [3.96, 4.66, 1.55], [4.03, 5.61, 1.42], [3.76, 3.53, 1.41], [3.79, 2.31, 1.29]]
19:39:25.322 XYZ [[3.94, 0.94, 1.25], [3.96, 4.66, 1.55], [4.08, 5.61, 1.43], [3.84, 3.54, 1.43], [3.86, 2.28, 1.28]]
19:39:25.405 XYZ [[3.99, 0.9, 1.28], [4.11, 4.73, 1.49], [4.19, 5.6, 1.45], [3.93, 3.57, 1.47], [3.93, 2.27, 1.29]]
19:39:25.497 XYZ [[4.04, 0.89, 1.31], [4.15, 4.74, 1.43], [4.27, 5.58, 1.47], [3.97, 3.59, 1.47], [3.99, 2.24, 1.27]]
19:39:25.580 XYZ [[4.1, 0.91, 1.32], [4.17, 4.75, 1.42], [4.33, 5.57, 1.48], [4.06, 3.64, 1.49], [4.01, 2.23, 1.27]]
19:39:25.664 XYZ [[4.14, 0.91, 1.34], [4.19, 4.75, 1.4], [4.39, 5.55, 1.5], [4.13, 3.67, 1.54], [4.07, 2.21, 1.28]]
19:39:25.747 XYZ [[4.2, 0.95, 1.36], [4.18, 4.76, 1.4], [4.41, 5.53, 1.53], [4.17, 3.69, 1.55], [4.13, 2.18, 1.23]]
19:39:25.831 XYZ [[4.26, 0.97, 1.36], [4.18, 4.79, 1.51], [4.43, 5.53, 1.54], [4.23, 3.73, 1.63], [4.14, 2.16, 1.22]]
19:39:25.918 XYZ [[4.29, 0.99, 1.35], [4.2, 4.8, 1.55], [4.44, 5.52, 1.6], [4.3, 3.74, 1.67], [4.21, 2.12, 1.23]]
19:39:26.002 XYZ [[4.31, 0.99, 1.37], [4.21, 4.82, 1.55], [4.46, 5.53, 1.62], [4.34, 3.76, 1.67], [4.27, 2.08, 1.26]]
19:39:26.085 XYZ [[4.36, 1.01, 1.37], [4.26, 4.81, 1.61], [4.44, 5.54, 1.64], [4.37, 3.8, 1.68], [4.31, 2.07, 1.27]]
19:39:26.168 XYZ [[4.41, 1.02, 1.38], [4.28, 4.8, 1.64], [4.43, 5.55, 1.64], [4.42, 3.83, 1.72], [4.35, 2.07, 1.28]]
19:39:26.284 XYZ [[4.48, 1.04, 1.42], [4.27, 4.77, 1.67], [4.41, 5.58, 1.66], [4.41, 3.84, 1.77], [4.4, 2.05, 1.29]]
19:39:26.367 XYZ [[4.49, 1.05, 1.43], [4.29, 4.74, 1.72], [4.41, 5.62, 1.73], [4.43, 3.84, 1.77], [4.39, 2.06, 1.33]]
