2-xy-logs/observer_observer_20240207-185759.log: Missing 2 player trajectories on line 1
2-xy-logs/observer_observer_20240207-185759.log: Missing 1 player trajectories on line 2
2-xy-logs/observer_observer_20240207-185759.log: Missing 1 player trajectories on line 3
2-xy-logs/observer_observer_20240207-185759.log: Missing 1 player trajectories on line 4
2-xy-logs/observer_observer_20240207-185759.log: Processed logs into trajectory array of shape (967, 5, 2)
2-xy-logs/observer_observer_20240207-190357.log: Processed logs into trajectory array of shape (2006, 5, 2)
2-xy-logs/observer_observer_20240207-191454.log: Missing 3 player trajectories on line 1
2-xy-logs/observer_observer_20240207-191454.log: Missing 3 player trajectories on line 2
2-xy-logs/observer_observer_20240207-191454.log: Missing 2 player trajectories on line 3
2-xy-logs/observer_observer_20240207-191454.log: Missing 1 player trajectories on line 4
2-xy-logs/observer_observer_20240207-191454.log: Missing 1 player trajectories on line 5
2-xy-logs/observer_observer_20240207-191454.log: Processed logs into trajectory array of shape (1125, 5, 2)
2-xy-logs/observer_observer_20240207-192351.log: Missing 3 player trajectories on line 1
2-xy-logs/observer_observer_20240207-192351.log: Missing 1 player trajectories on line 2
2-xy-logs/observer_observer_20240207-192351.log: Missing 1 player trajectories on line 3
2-xy-logs/observer_observer_20240207-192351.log: Processed logs into trajectory array of shape (878, 5, 2)
2-xy-logs/observer_observer_20240207-193253.log: Missing 3 player trajectories on line 1
2-xy-logs/observer_observer_20240207-193253.log: Missing 2 player trajectories on line 2
2-xy-logs/observer_observer_20240207-193253.log: Missing 2 player trajectories on line 3
2-xy-logs/observer_observer_20240207-193253.log: Missing 2 player trajectories on line 4
2-xy-logs/observer_observer_20240207-193253.log: Missing 2 player trajectories on line 5
2-xy-logs/observer_observer_20240207-193253.log: Missing 2 player trajectories on line 6
2-xy-logs/observer_observer_20240207-193253.log: Missing 1 player trajectories on line 7
2-xy-logs/observer_observer_20240207-193253.log: Missing 1 player trajectories on line 8
2-xy-logs/observer_observer_20240207-193253.log: Missing 1 player trajectories on line 9
2-xy-logs/observer_observer_20240207-193253.log: Missing 1 player trajectories on line 10
2-xy-logs/observer_observer_20240207-193253.log: Missing 1 player trajectories on line 11
2-xy-logs/observer_observer_20240207-193253.log: Missing 1 player trajectories on line 12
2-xy-logs/observer_observer_20240207-193253.log: Missing 1 player trajectories on line 13
2-xy-logs/observer_observer_20240207-193253.log: Missing 1 player trajectories on line 14
2-xy-logs/observer_observer_20240207-193253.log: Missing 1 player trajectories on line 15
2-xy-logs/observer_observer_20240207-193253.log: Missing 1 player trajectories on line 16
2-xy-logs/observer_observer_20240207-193253.log: Missing 1 player trajectories on line 17
2-xy-logs/observer_observer_20240207-193253.log: Missing 1 player trajectories on line 18
2-xy-logs/observer_observer_20240207-193253.log: Missing 1 player trajectories on line 19
2-xy-logs/observer_observer_20240207-193253.log: Missing 1 player trajectories on line 20
2-xy-logs/observer_observer_20240207-193253.log: Missing 1 player trajectories on line 21
2-xy-logs/observer_observer_20240207-193253.log: Missing 1 player trajectories on line 22
2-xy-logs/observer_observer_20240207-193253.log: Missing 1 player trajectories on line 23
2-xy-logs/observer_observer_20240207-193253.log: Missing 1 player trajectories on line 24
2-xy-logs/observer_observer_20240207-193253.log: Missing 1 player trajectories on line 25
2-xy-logs/observer_observer_20240207-193253.log: Processed logs into trajectory array of shape (782, 5, 2)
2-xy-logs/observer_observer_20240207-194044.log: Missing 3 player trajectories on line 1
2-xy-logs/observer_observer_20240207-194044.log: Missing 3 player trajectories on line 2
2-xy-logs/observer_observer_20240207-194044.log: Missing 3 player trajectories on line 3
2-xy-logs/observer_observer_20240207-194044.log: Missing 2 player trajectories on line 4
2-xy-logs/observer_observer_20240207-194044.log: Missing 2 player trajectories on line 5
2-xy-logs/observer_observer_20240207-194044.log: Missing 1 player trajectories on line 6
2-xy-logs/observer_observer_20240207-194044.log: Missing 1 player trajectories on line 7
2-xy-logs/observer_observer_20240207-194044.log: Missing 1 player trajectories on line 8
2-xy-logs/observer_observer_20240207-194044.log: Missing 1 player trajectories on line 9
2-xy-logs/observer_observer_20240207-194044.log: Missing 1 player trajectories on line 10
2-xy-logs/observer_observer_20240207-194044.log: Processed logs into trajectory array of shape (1560, 5, 2)
2-xy-logs/observer_observer_20240207-194624.log: Missing 2 player trajectories on line 1
2-xy-logs/observer_observer_20240207-194624.log: Missing 2 player trajectories on line 2
2-xy-logs/observer_observer_20240207-194624.log: Missing 2 player trajectories on line 3
2-xy-logs/observer_observer_20240207-194624.log: Missing 2 player trajectories on line 4
2-xy-logs/observer_observer_20240207-194624.log: Missing 1 player trajectories on line 5
2-xy-logs/observer_observer_20240207-194624.log: Missing 1 player trajectories on line 6
2-xy-logs/observer_observer_20240207-194624.log: Missing 1 player trajectories on line 7
2-xy-logs/observer_observer_20240207-194624.log: Missing 1 player trajectories on line 8
2-xy-logs/observer_observer_20240207-194624.log: Processed logs into trajectory array of shape (1941, 4, 2)
2-xy-logs/observer_observer_20240207-200012.log: Missing 7 player trajectories on line 1
2-xy-logs/observer_observer_20240207-200012.log: Missing 7 player trajectories on line 2
2-xy-logs/observer_observer_20240207-200012.log: Missing 7 player trajectories on line 3
2-xy-logs/observer_observer_20240207-200012.log: Missing 7 player trajectories on line 4
2-xy-logs/observer_observer_20240207-200012.log: Missing 6 player trajectories on line 5
2-xy-logs/observer_observer_20240207-200012.log: Missing 6 player trajectories on line 6
2-xy-logs/observer_observer_20240207-200012.log: Missing 6 player trajectories on line 7
2-xy-logs/observer_observer_20240207-200012.log: Missing 6 player trajectories on line 8
2-xy-logs/observer_observer_20240207-200012.log: Missing 6 player trajectories on line 9
2-xy-logs/observer_observer_20240207-200012.log: Missing 6 player trajectories on line 10
2-xy-logs/observer_observer_20240207-200012.log: Missing 6 player trajectories on line 11
2-xy-logs/observer_observer_20240207-200012.log: Missing 6 player trajectories on line 12
2-xy-logs/observer_observer_20240207-200012.log: Missing 6 player trajectories on line 13
2-xy-logs/observer_observer_20240207-200012.log: Missing 5 player trajectories on line 14
2-xy-logs/observer_observer_20240207-200012.log: Missing 5 player trajectories on line 15
2-xy-logs/observer_observer_20240207-200012.log: Missing 5 player trajectories on line 16
2-xy-logs/observer_observer_20240207-200012.log: Missing 5 player trajectories on line 17
2-xy-logs/observer_observer_20240207-200012.log: Missing 5 player trajectories on line 18
2-xy-logs/observer_observer_20240207-200012.log: Missing 5 player trajectories on line 19
2-xy-logs/observer_observer_20240207-200012.log: Missing 4 player trajectories on line 20
2-xy-logs/observer_observer_20240207-200012.log: Missing 3 player trajectories on line 21
2-xy-logs/observer_observer_20240207-200012.log: Missing 2 player trajectories on line 22
2-xy-logs/observer_observer_20240207-200012.log: Missing 1 player trajectories on line 23
2-xy-logs/observer_observer_20240207-200012.log: Missing 1 player trajectories on line 24
2-xy-logs/observer_observer_20240207-200012.log: Processed logs into trajectory array of shape (1381, 10, 2)
2-xy-logs/observer_observer_20240207-200752.log: Processed logs into trajectory array of shape (3271, 10, 2)
2-xy-logs/observer_observer_20240207-201941.log: Missing 4 player trajectories on line 1
2-xy-logs/observer_observer_20240207-201941.log: Missing 4 player trajectories on line 2
2-xy-logs/observer_observer_20240207-201941.log: Missing 4 player trajectories on line 3
2-xy-logs/observer_observer_20240207-201941.log: Missing 4 player trajectories on line 4
2-xy-logs/observer_observer_20240207-201941.log: Missing 3 player trajectories on line 5
2-xy-logs/observer_observer_20240207-201941.log: Missing 3 player trajectories on line 6
2-xy-logs/observer_observer_20240207-201941.log: Missing 3 player trajectories on line 7
2-xy-logs/observer_observer_20240207-201941.log: Missing 3 player trajectories on line 8
2-xy-logs/observer_observer_20240207-201941.log: Missing 2 player trajectories on line 9
2-xy-logs/observer_observer_20240207-201941.log: Missing 2 player trajectories on line 10
2-xy-logs/observer_observer_20240207-201941.log: Missing 2 player trajectories on line 11
2-xy-logs/observer_observer_20240207-201941.log: Processed logs into trajectory array of shape (864, 6, 2)
2-xy-logs/observer_observer_20240207-202811.log: Missing 4 player trajectories on line 1
2-xy-logs/observer_observer_20240207-202811.log: Missing 4 player trajectories on line 2
2-xy-logs/observer_observer_20240207-202811.log: Missing 3 player trajectories on line 3
2-xy-logs/observer_observer_20240207-202811.log: Missing 2 player trajectories on line 4
2-xy-logs/observer_observer_20240207-202811.log: Missing 2 player trajectories on line 5
2-xy-logs/observer_observer_20240207-202811.log: Missing 2 player trajectories on line 6
2-xy-logs/observer_observer_20240207-202811.log: Missing 2 player trajectories on line 7
2-xy-logs/observer_observer_20240207-202811.log: Missing 2 player trajectories on line 8
2-xy-logs/observer_observer_20240207-202811.log: Missing 1 player trajectories on line 9
2-xy-logs/observer_observer_20240207-202811.log: Missing 1 player trajectories on line 10
2-xy-logs/observer_observer_20240207-202811.log: Missing 1 player trajectories on line 11
2-xy-logs/observer_observer_20240207-202811.log: Missing 1 player trajectories on line 12
2-xy-logs/observer_observer_20240207-202811.log: Missing 1 player trajectories on line 13
2-xy-logs/observer_observer_20240207-202811.log: Missing 1 player trajectories on line 14
2-xy-logs/observer_observer_20240207-202811.log: Missing 1 player trajectories on line 15
2-xy-logs/observer_observer_20240207-202811.log: Missing 1 player trajectories on line 16
2-xy-logs/observer_observer_20240207-202811.log: Missing 1 player trajectories on line 17
2-xy-logs/observer_observer_20240207-202811.log: Missing 1 player trajectories on line 18
2-xy-logs/observer_observer_20240207-202811.log: Missing 1 player trajectories on line 19
2-xy-logs/observer_observer_20240207-202811.log: Missing 1 player trajectories on line 20
2-xy-logs/observer_observer_20240207-202811.log: Missing 1 player trajectories on line 21
2-xy-logs/observer_observer_20240207-202811.log: Missing 1 player trajectories on line 22
2-xy-logs/observer_observer_20240207-202811.log: Missing 1 player trajectories on line 23
2-xy-logs/observer_observer_20240207-202811.log: Processed logs into trajectory array of shape (923, 6, 2)
2-xy-logs/observer_observer_20240207-203724.log: Missing 4 player trajectories on line 1
2-xy-logs/observer_observer_20240207-203724.log: Missing 4 player trajectories on line 2
2-xy-logs/observer_observer_20240207-203724.log: Missing 4 player trajectories on line 3
2-xy-logs/observer_observer_20240207-203724.log: Missing 3 player trajectories on line 4
2-xy-logs/observer_observer_20240207-203724.log: Missing 3 player trajectories on line 5
2-xy-logs/observer_observer_20240207-203724.log: Missing 2 player trajectories on line 6
2-xy-logs/observer_observer_20240207-203724.log: Missing 2 player trajectories on line 7
2-xy-logs/observer_observer_20240207-203724.log: Missing 2 player trajectories on line 8
2-xy-logs/observer_observer_20240207-203724.log: Missing 2 player trajectories on line 9
2-xy-logs/observer_observer_20240207-203724.log: Missing 2 player trajectories on line 10
2-xy-logs/observer_observer_20240207-203724.log: Missing 1 player trajectories on line 11
2-xy-logs/observer_observer_20240207-203724.log: Missing 1 player trajectories on line 12
2-xy-logs/observer_observer_20240207-203724.log: Missing 1 player trajectories on line 13
2-xy-logs/observer_observer_20240207-203724.log: Missing 1 player trajectories on line 14
2-xy-logs/observer_observer_20240207-203724.log: Missing 1 player trajectories on line 15
2-xy-logs/observer_observer_20240207-203724.log: Missing 1 player trajectories on line 16
2-xy-logs/observer_observer_20240207-203724.log: Missing 1 player trajectories on line 17
2-xy-logs/observer_observer_20240207-203724.log: Missing 1 player trajectories on line 18
2-xy-logs/observer_observer_20240207-203724.log: Missing 1 player trajectories on line 19
2-xy-logs/observer_observer_20240207-203724.log: Missing 1 player trajectories on line 20
2-xy-logs/observer_observer_20240207-203724.log: Missing 1 player trajectories on line 21
2-xy-logs/observer_observer_20240207-203724.log: Processed logs into trajectory array of shape (1830, 6, 2)
2-xyz-logs/observer_observer_20240217-164828.log: Missing 10 player trajectories on line 1
2-xyz-logs/observer_observer_20240217-164828.log: Missing 10 player trajectories on line 2
2-xyz-logs/observer_observer_20240217-164828.log: Missing 10 player trajectories on line 3
2-xyz-logs/observer_observer_20240217-164828.log: Missing 10 player trajectories on line 4
2-xyz-logs/observer_observer_20240217-164828.log: Missing 10 player trajectories on line 5
2-xyz-logs/observer_observer_20240217-164828.log: Missing 9 player trajectories on line 6
2-xyz-logs/observer_observer_20240217-164828.log: Missing 8 player trajectories on line 7
2-xyz-logs/observer_observer_20240217-164828.log: Missing 7 player trajectories on line 8
2-xyz-logs/observer_observer_20240217-164828.log: Missing 5 player trajectories on line 9
2-xyz-logs/observer_observer_20240217-164828.log: Missing 2 player trajectories on line 10
2-xyz-logs/observer_observer_20240217-164828.log: Missing 1 player trajectories on line 11
2-xyz-logs/observer_observer_20240217-164828.log: Missing 1 player trajectories on line 12
2-xyz-logs/observer_observer_20240217-164828.log: Processed logs into trajectory array of shape (859, 12, 2)
2-xyz-logs/observer_observer_20240217-171413.log: Missing 7 player trajectories on line 1
2-xyz-logs/observer_observer_20240217-171413.log: Missing 5 player trajectories on line 2
2-xyz-logs/observer_observer_20240217-171413.log: Missing 4 player trajectories on line 3
2-xyz-logs/observer_observer_20240217-171413.log: Missing 4 player trajectories on line 4
2-xyz-logs/observer_observer_20240217-171413.log: Missing 2 player trajectories on line 5
2-xyz-logs/observer_observer_20240217-171413.log: Missing 1 player trajectories on line 6
2-xyz-logs/observer_observer_20240217-171413.log: Missing 1 player trajectories on line 7
2-xyz-logs/observer_observer_20240217-171413.log: Missing 1 player trajectories on line 8
2-xyz-logs/observer_observer_20240217-171413.log: Missing 1 player trajectories on line 9
2-xyz-logs/observer_observer_20240217-171413.log: Missing 1 player trajectories on line 10
2-xyz-logs/observer_observer_20240217-171413.log: Missing 1 player trajectories on line 11
2-xyz-logs/observer_observer_20240217-171413.log: Missing 1 player trajectories on line 12
2-xyz-logs/observer_observer_20240217-171413.log: Missing 1 player trajectories on line 13
2-xyz-logs/observer_observer_20240217-171413.log: Missing 1 player trajectories on line 14
2-xyz-logs/observer_observer_20240217-171413.log: Missing 1 player trajectories on line 15
2-xyz-logs/observer_observer_20240217-171413.log: Missing 1 player trajectories on line 16
2-xyz-logs/observer_observer_20240217-171413.log: Missing 1 player trajectories on line 17
2-xyz-logs/observer_observer_20240217-171413.log: Missing 1 player trajectories on line 18
2-xyz-logs/observer_observer_20240217-171413.log: Missing 1 player trajectories on line 19
2-xyz-logs/observer_observer_20240217-171413.log: Missing 1 player trajectories on line 20
2-xyz-logs/observer_observer_20240217-171413.log: Missing 1 player trajectories on line 21
2-xyz-logs/observer_observer_20240217-171413.log: Missing 1 player trajectories on line 22
2-xyz-logs/observer_observer_20240217-171413.log: Missing 1 player trajectories on line 23
2-xyz-logs/observer_observer_20240217-171413.log: Missing 1 player trajectories on line 24
2-xyz-logs/observer_observer_20240217-171413.log: Missing 1 player trajectories on line 25
2-xyz-logs/observer_observer_20240217-171413.log: Missing 1 player trajectories on line 26
2-xyz-logs/observer_observer_20240217-171413.log: Missing 1 player trajectories on line 27
2-xyz-logs/observer_observer_20240217-171413.log: Missing 1 player trajectories on line 28
2-xyz-logs/observer_observer_20240217-171413.log: Missing 1 player trajectories on line 29
2-xyz-logs/observer_observer_20240217-171413.log: Missing 1 player trajectories on line 30
2-xyz-logs/observer_observer_20240217-171413.log: Missing 1 player trajectories on line 31
2-xyz-logs/observer_observer_20240217-171413.log: Missing 1 player trajectories on line 32
2-xyz-logs/observer_observer_20240217-171413.log: Missing 1 player trajectories on line 33
2-xyz-logs/observer_observer_20240217-171413.log: Missing 1 player trajectories on line 34
2-xyz-logs/observer_observer_20240217-171413.log: Missing 1 player trajectories on line 35
2-xyz-logs/observer_observer_20240217-171413.log: Missing 1 player trajectories on line 36
2-xyz-logs/observer_observer_20240217-171413.log: Missing 1 player trajectories on line 37
2-xyz-logs/observer_observer_20240217-171413.log: Processed logs into trajectory array of shape (2330, 10, 2)
2-xyz-logs/observer_observer_20240217-172145.log: Missing 8 player trajectories on line 1
2-xyz-logs/observer_observer_20240217-172145.log: Missing 7 player trajectories on line 2
2-xyz-logs/observer_observer_20240217-172145.log: Missing 6 player trajectories on line 3
2-xyz-logs/observer_observer_20240217-172145.log: Missing 4 player trajectories on line 4
2-xyz-logs/observer_observer_20240217-172145.log: Missing 3 player trajectories on line 5
2-xyz-logs/observer_observer_20240217-172145.log: Missing 3 player trajectories on line 6
2-xyz-logs/observer_observer_20240217-172145.log: Missing 2 player trajectories on line 7
2-xyz-logs/observer_observer_20240217-172145.log: Processed logs into trajectory array of shape (2340, 10, 2)
2-xyz-logs/observer_observer_20240217-172854.log: Missing 8 player trajectories on line 1
2-xyz-logs/observer_observer_20240217-172854.log: Missing 8 player trajectories on line 2
2-xyz-logs/observer_observer_20240217-172854.log: Missing 7 player trajectories on line 3
2-xyz-logs/observer_observer_20240217-172854.log: Missing 5 player trajectories on line 4
2-xyz-logs/observer_observer_20240217-172854.log: Missing 4 player trajectories on line 5
2-xyz-logs/observer_observer_20240217-172854.log: Missing 4 player trajectories on line 6
2-xyz-logs/observer_observer_20240217-172854.log: Missing 3 player trajectories on line 7
2-xyz-logs/observer_observer_20240217-172854.log: Missing 2 player trajectories on line 8
2-xyz-logs/observer_observer_20240217-172854.log: Missing 2 player trajectories on line 9
2-xyz-logs/observer_observer_20240217-172854.log: Missing 2 player trajectories on line 10
2-xyz-logs/observer_observer_20240217-172854.log: Missing 1 player trajectories on line 11
2-xyz-logs/observer_observer_20240217-172854.log: Processed logs into trajectory array of shape (1739, 10, 2)
2-xyz-logs/observer_observer_20240217-173503.log: Processed logs into trajectory array of shape (429, 10, 2)
2-xyz-logs/observer_observer_20240217-174712.log: Missing 8 player trajectories on line 1
2-xyz-logs/observer_observer_20240217-174712.log: Missing 8 player trajectories on line 2
2-xyz-logs/observer_observer_20240217-174712.log: Missing 8 player trajectories on line 3
2-xyz-logs/observer_observer_20240217-174712.log: Missing 7 player trajectories on line 4
2-xyz-logs/observer_observer_20240217-174712.log: Missing 6 player trajectories on line 5
2-xyz-logs/observer_observer_20240217-174712.log: Missing 3 player trajectories on line 6
2-xyz-logs/observer_observer_20240217-174712.log: Missing 3 player trajectories on line 7
2-xyz-logs/observer_observer_20240217-174712.log: Missing 3 player trajectories on line 8
2-xyz-logs/observer_observer_20240217-174712.log: Missing 3 player trajectories on line 9
2-xyz-logs/observer_observer_20240217-174712.log: Missing 2 player trajectories on line 10
2-xyz-logs/observer_observer_20240217-174712.log: Missing 2 player trajectories on line 11
2-xyz-logs/observer_observer_20240217-174712.log: Missing 1 player trajectories on line 12
2-xyz-logs/observer_observer_20240217-174712.log: Processed logs into trajectory array of shape (4666, 10, 2)
2-xyz-logs/observer_observer_20240217-180229.log: Missing 8 player trajectories on line 1
2-xyz-logs/observer_observer_20240217-180229.log: Missing 7 player trajectories on line 2
2-xyz-logs/observer_observer_20240217-180229.log: Missing 5 player trajectories on line 3
2-xyz-logs/observer_observer_20240217-180229.log: Missing 2 player trajectories on line 4
2-xyz-logs/observer_observer_20240217-180229.log: Missing 2 player trajectories on line 5
2-xyz-logs/observer_observer_20240217-180229.log: Processed logs into trajectory array of shape (4274, 10, 2)
2-xyz-logs/observer_observer_20240217-181243.log: Missing 8 player trajectories on line 1
2-xyz-logs/observer_observer_20240217-181243.log: Missing 5 player trajectories on line 2
2-xyz-logs/observer_observer_20240217-181243.log: Missing 5 player trajectories on line 3
2-xyz-logs/observer_observer_20240217-181243.log: Missing 5 player trajectories on line 4
2-xyz-logs/observer_observer_20240217-181243.log: Missing 4 player trajectories on line 5
2-xyz-logs/observer_observer_20240217-181243.log: Missing 2 player trajectories on line 6
2-xyz-logs/observer_observer_20240217-181243.log: Missing 1 player trajectories on line 7
2-xyz-logs/observer_observer_20240217-181243.log: Processed logs into trajectory array of shape (8782, 10, 2)
2-xyz-logs/observer_observer_20240217-194928.log: Missing 7 player trajectories on line 1
2-xyz-logs/observer_observer_20240217-194928.log: Missing 4 player trajectories on line 2
2-xyz-logs/observer_observer_20240217-194928.log: Missing 3 player trajectories on line 3
2-xyz-logs/observer_observer_20240217-194928.log: Missing 3 player trajectories on line 4
2-xyz-logs/observer_observer_20240217-194928.log: Missing 3 player trajectories on line 5
2-xyz-logs/observer_observer_20240217-194928.log: Missing 2 player trajectories on line 6
2-xyz-logs/observer_observer_20240217-194928.log: Missing 2 player trajectories on line 7
2-xyz-logs/observer_observer_20240217-194928.log: Missing 2 player trajectories on line 8
2-xyz-logs/observer_observer_20240217-194928.log: Missing 2 player trajectories on line 9
2-xyz-logs/observer_observer_20240217-194928.log: Missing 2 player trajectories on line 10
2-xyz-logs/observer_observer_20240217-194928.log: Missing 1 player trajectories on line 11
2-xyz-logs/observer_observer_20240217-194928.log: Missing 1 player trajectories on line 12
2-xyz-logs/observer_observer_20240217-194928.log: Missing 1 player trajectories on line 13
2-xyz-logs/observer_observer_20240217-194928.log: Missing 1 player trajectories on line 14
2-xyz-logs/observer_observer_20240217-194928.log: Missing 1 player trajectories on line 15
2-xyz-logs/observer_observer_20240217-194928.log: Missing 1 player trajectories on line 16
2-xyz-logs/observer_observer_20240217-194928.log: Missing 1 player trajectories on line 17
2-xyz-logs/observer_observer_20240217-194928.log: Missing 1 player trajectories on line 18
2-xyz-logs/observer_observer_20240217-194928.log: Missing 1 player trajectories on line 19
2-xyz-logs/observer_observer_20240217-194928.log: Missing 1 player trajectories on line 20
2-xyz-logs/observer_observer_20240217-194928.log: Missing 1 player trajectories on line 21
2-xyz-logs/observer_observer_20240217-194928.log: Missing 1 player trajectories on line 22
2-xyz-logs/observer_observer_20240217-194928.log: Missing 1 player trajectories on line 23
2-xyz-logs/observer_observer_20240217-194928.log: Missing 1 player trajectories on line 24
2-xyz-logs/observer_observer_20240217-194928.log: Missing 1 player trajectories on line 25
2-xyz-logs/observer_observer_20240217-194928.log: Missing 1 player trajectories on line 26
2-xyz-logs/observer_observer_20240217-194928.log: Missing 1 player trajectories on line 27
2-xyz-logs/observer_observer_20240217-194928.log: Missing 1 player trajectories on line 28
2-xyz-logs/observer_observer_20240217-194928.log: Missing 1 player trajectories on line 29
2-xyz-logs/observer_observer_20240217-194928.log: Missing 1 player trajectories on line 30
2-xyz-logs/observer_observer_20240217-194928.log: Missing 1 player trajectories on line 31
2-xyz-logs/observer_observer_20240217-194928.log: Missing 1 player trajectories on line 32
2-xyz-logs/observer_observer_20240217-194928.log: Missing 1 player trajectories on line 33
2-xyz-logs/observer_observer_20240217-194928.log: Missing 1 player trajectories on line 34
2-xyz-logs/observer_observer_20240217-194928.log: Missing 1 player trajectories on line 35
2-xyz-logs/observer_observer_20240217-194928.log: Missing 1 player trajectories on line 36
2-xyz-logs/observer_observer_20240217-194928.log: Missing 1 player trajectories on line 37
2-xyz-logs/observer_observer_20240217-194928.log: Missing 1 player trajectories on line 38
2-xyz-logs/observer_observer_20240217-194928.log: Missing 1 player trajectories on line 39
2-xyz-logs/observer_observer_20240217-194928.log: Missing 1 player trajectories on line 40
2-xyz-logs/observer_observer_20240217-194928.log: Missing 1 player trajectories on line 41
2-xyz-logs/observer_observer_20240217-194928.log: Missing 1 player trajectories on line 42
2-xyz-logs/observer_observer_20240217-194928.log: Missing 1 player trajectories on line 43
2-xyz-logs/observer_observer_20240217-194928.log: Missing 1 player trajectories on line 44
2-xyz-logs/observer_observer_20240217-194928.log: Missing 1 player trajectories on line 45
2-xyz-logs/observer_observer_20240217-194928.log: Missing 1 player trajectories on line 46
2-xyz-logs/observer_observer_20240217-194928.log: Missing 1 player trajectories on line 47
2-xyz-logs/observer_observer_20240217-194928.log: Missing 1 player trajectories on line 48
2-xyz-logs/observer_observer_20240217-194928.log: Missing 1 player trajectories on line 49
2-xyz-logs/observer_observer_20240217-194928.log: Missing 1 player trajectories on line 50
2-xyz-logs/observer_observer_20240217-194928.log: Missing 1 player trajectories on line 51
2-xyz-logs/observer_observer_20240217-194928.log: Missing 1 player trajectories on line 52
2-xyz-logs/observer_observer_20240217-194928.log: Missing 1 player trajectories on line 53
2-xyz-logs/observer_observer_20240217-194928.log: Missing 1 player trajectories on line 54
2-xyz-logs/observer_observer_20240217-194928.log: Missing 1 player trajectories on line 55
2-xyz-logs/observer_observer_20240217-194928.log: Missing 1 player trajectories on line 56
2-xyz-logs/observer_observer_20240217-194928.log: Missing 1 player trajectories on line 57
2-xyz-logs/observer_observer_20240217-194928.log: Missing 1 player trajectories on line 58
2-xyz-logs/observer_observer_20240217-194928.log: Missing 1 player trajectories on line 59
2-xyz-logs/observer_observer_20240217-194928.log: Missing 1 player trajectories on line 60
2-xyz-logs/observer_observer_20240217-194928.log: Missing 1 player trajectories on line 61
2-xyz-logs/observer_observer_20240217-194928.log: Missing 1 player trajectories on line 62
2-xyz-logs/observer_observer_20240217-194928.log: Missing 1 player trajectories on line 63
2-xyz-logs/observer_observer_20240217-194928.log: Missing 1 player trajectories on line 64
2-xyz-logs/observer_observer_20240217-194928.log: Missing 1 player trajectories on line 65
2-xyz-logs/observer_observer_20240217-194928.log: Missing 1 player trajectories on line 66
2-xyz-logs/observer_observer_20240217-194928.log: Missing 1 player trajectories on line 67
2-xyz-logs/observer_observer_20240217-194928.log: Missing 1 player trajectories on line 68
2-xyz-logs/observer_observer_20240217-194928.log: Missing 1 player trajectories on line 69
2-xyz-logs/observer_observer_20240217-194928.log: Missing 1 player trajectories on line 70
2-xyz-logs/observer_observer_20240217-194928.log: Missing 1 player trajectories on line 71
2-xyz-logs/observer_observer_20240217-194928.log: Missing 1 player trajectories on line 72
2-xyz-logs/observer_observer_20240217-194928.log: Missing 1 player trajectories on line 73
2-xyz-logs/observer_observer_20240217-194928.log: Missing 1 player trajectories on line 74
2-xyz-logs/observer_observer_20240217-194928.log: Missing 1 player trajectories on line 75
2-xyz-logs/observer_observer_20240217-194928.log: Missing 1 player trajectories on line 76
2-xyz-logs/observer_observer_20240217-194928.log: Missing 1 player trajectories on line 77
2-xyz-logs/observer_observer_20240217-194928.log: Missing 1 player trajectories on line 78
2-xyz-logs/observer_observer_20240217-194928.log: Missing 1 player trajectories on line 79
2-xyz-logs/observer_observer_20240217-194928.log: Missing 1 player trajectories on line 80
2-xyz-logs/observer_observer_20240217-194928.log: Missing 1 player trajectories on line 81
2-xyz-logs/observer_observer_20240217-194928.log: Missing 1 player trajectories on line 82
2-xyz-logs/observer_observer_20240217-194928.log: Missing 1 player trajectories on line 83
2-xyz-logs/observer_observer_20240217-194928.log: Missing 1 player trajectories on line 84
2-xyz-logs/observer_observer_20240217-194928.log: Missing 1 player trajectories on line 85
2-xyz-logs/observer_observer_20240217-194928.log: Processed logs into trajectory array of shape (2669, 10, 2)
2-xyz-logs/observer_observer_20240217-201008.log: Missing 7 player trajectories on line 1
2-xyz-logs/observer_observer_20240217-201008.log: Missing 7 player trajectories on line 2
2-xyz-logs/observer_observer_20240217-201008.log: Missing 7 player trajectories on line 3
2-xyz-logs/observer_observer_20240217-201008.log: Missing 5 player trajectories on line 4
2-xyz-logs/observer_observer_20240217-201008.log: Missing 1 player trajectories on line 5
2-xyz-logs/observer_observer_20240217-201008.log: Processed logs into trajectory array of shape (1662, 10, 2)
2-xyz-logs/observer_observer_20240217-201538.log: Missing 8 player trajectories on line 1
2-xyz-logs/observer_observer_20240217-201538.log: Missing 8 player trajectories on line 2
2-xyz-logs/observer_observer_20240217-201538.log: Missing 7 player trajectories on line 3
2-xyz-logs/observer_observer_20240217-201538.log: Missing 7 player trajectories on line 4
2-xyz-logs/observer_observer_20240217-201538.log: Missing 5 player trajectories on line 5
2-xyz-logs/observer_observer_20240217-201538.log: Missing 5 player trajectories on line 6
2-xyz-logs/observer_observer_20240217-201538.log: Missing 4 player trajectories on line 7
2-xyz-logs/observer_observer_20240217-201538.log: Missing 2 player trajectories on line 8
2-xyz-logs/observer_observer_20240217-201538.log: Missing 2 player trajectories on line 9
2-xyz-logs/observer_observer_20240217-201538.log: Missing 2 player trajectories on line 10
2-xyz-logs/observer_observer_20240217-201538.log: Missing 2 player trajectories on line 11
2-xyz-logs/observer_observer_20240217-201538.log: Missing 1 player trajectories on line 12
2-xyz-logs/observer_observer_20240217-201538.log: Missing 1 player trajectories on line 13
2-xyz-logs/observer_observer_20240217-201538.log: Missing 1 player trajectories on line 14
2-xyz-logs/observer_observer_20240217-201538.log: Missing 1 player trajectories on line 15
2-xyz-logs/observer_observer_20240217-201538.log: Processed logs into trajectory array of shape (4738, 10, 2)
2-xyz-logs/observer_observer_20240217-202502.log: Missing 7 player trajectories on line 1
2-xyz-logs/observer_observer_20240217-202502.log: Missing 7 player trajectories on line 2
2-xyz-logs/observer_observer_20240217-202502.log: Missing 6 player trajectories on line 3
2-xyz-logs/observer_observer_20240217-202502.log: Missing 6 player trajectories on line 4
2-xyz-logs/observer_observer_20240217-202502.log: Missing 6 player trajectories on line 5
2-xyz-logs/observer_observer_20240217-202502.log: Missing 5 player trajectories on line 6
2-xyz-logs/observer_observer_20240217-202502.log: Missing 5 player trajectories on line 7
2-xyz-logs/observer_observer_20240217-202502.log: Missing 3 player trajectories on line 8
2-xyz-logs/observer_observer_20240217-202502.log: Missing 2 player trajectories on line 9
2-xyz-logs/observer_observer_20240217-202502.log: Missing 1 player trajectories on line 10
2-xyz-logs/observer_observer_20240217-202502.log: Missing 1 player trajectories on line 11
2-xyz-logs/observer_observer_20240217-202502.log: Missing 1 player trajectories on line 12
2-xyz-logs/observer_observer_20240217-202502.log: Missing 1 player trajectories on line 13
2-xyz-logs/observer_observer_20240217-202502.log: Missing 1 player trajectories on line 14
2-xyz-logs/observer_observer_20240217-202502.log: Missing 1 player trajectories on line 15
2-xyz-logs/observer_observer_20240217-202502.log: Missing 1 player trajectories on line 16
2-xyz-logs/observer_observer_20240217-202502.log: Missing 1 player trajectories on line 17
2-xyz-logs/observer_observer_20240217-202502.log: Missing 1 player trajectories on line 18
2-xyz-logs/observer_observer_20240217-202502.log: Missing 1 player trajectories on line 19
2-xyz-logs/observer_observer_20240217-202502.log: Missing 1 player trajectories on line 20
2-xyz-logs/observer_observer_20240217-202502.log: Missing 1 player trajectories on line 21
2-xyz-logs/observer_observer_20240217-202502.log: Missing 1 player trajectories on line 22
2-xyz-logs/observer_observer_20240217-202502.log: Missing 1 player trajectories on line 23
2-xyz-logs/observer_observer_20240217-202502.log: Missing 1 player trajectories on line 24
2-xyz-logs/observer_observer_20240217-202502.log: Missing 1 player trajectories on line 25
2-xyz-logs/observer_observer_20240217-202502.log: Missing 1 player trajectories on line 26
2-xyz-logs/observer_observer_20240217-202502.log: Missing 1 player trajectories on line 27
2-xyz-logs/observer_observer_20240217-202502.log: Missing 1 player trajectories on line 28
2-xyz-logs/observer_observer_20240217-202502.log: Missing 1 player trajectories on line 29
2-xyz-logs/observer_observer_20240217-202502.log: Missing 1 player trajectories on line 30
2-xyz-logs/observer_observer_20240217-202502.log: Processed logs into trajectory array of shape (1027, 10, 2)
2-xyz-logs/observer_observer_20240217-203031.log: Missing 6 player trajectories on line 1
2-xyz-logs/observer_observer_20240217-203031.log: Missing 4 player trajectories on line 2
2-xyz-logs/observer_observer_20240217-203031.log: Missing 4 player trajectories on line 3
2-xyz-logs/observer_observer_20240217-203031.log: Missing 2 player trajectories on line 4
2-xyz-logs/observer_observer_20240217-203031.log: Missing 2 player trajectories on line 5
2-xyz-logs/observer_observer_20240217-203031.log: Missing 1 player trajectories on line 6
2-xyz-logs/observer_observer_20240217-203031.log: Processed logs into trajectory array of shape (1766, 10, 2)
2-xyz-logs/observer_observer_20240217-204359.log: Missing 8 player trajectories on line 1
2-xyz-logs/observer_observer_20240217-204359.log: Missing 8 player trajectories on line 2
2-xyz-logs/observer_observer_20240217-204359.log: Missing 7 player trajectories on line 3
2-xyz-logs/observer_observer_20240217-204359.log: Missing 5 player trajectories on line 4
2-xyz-logs/observer_observer_20240217-204359.log: Missing 5 player trajectories on line 5
2-xyz-logs/observer_observer_20240217-204359.log: Missing 4 player trajectories on line 6
2-xyz-logs/observer_observer_20240217-204359.log: Missing 4 player trajectories on line 7
2-xyz-logs/observer_observer_20240217-204359.log: Missing 1 player trajectories on line 8
2-xyz-logs/observer_observer_20240217-204359.log: Processed logs into trajectory array of shape (3446, 10, 2)
2-xyz-logs/observer_observer_20240221-234432.log: Missing 8 player trajectories on line 1
2-xyz-logs/observer_observer_20240221-234432.log: Missing 6 player trajectories on line 2
2-xyz-logs/observer_observer_20240221-234432.log: Missing 6 player trajectories on line 3
2-xyz-logs/observer_observer_20240221-234432.log: Missing 6 player trajectories on line 4
2-xyz-logs/observer_observer_20240221-234432.log: Missing 5 player trajectories on line 5
2-xyz-logs/observer_observer_20240221-234432.log: Missing 3 player trajectories on line 6
2-xyz-logs/observer_observer_20240221-234432.log: Missing 1 player trajectories on line 7
2-xyz-logs/observer_observer_20240221-234432.log: Missing 1 player trajectories on line 8
2-xyz-logs/observer_observer_20240221-234432.log: Missing 1 player trajectories on line 9
2-xyz-logs/observer_observer_20240221-234432.log: Processed logs into trajectory array of shape (1244, 10, 2)
Traceback (most recent call last):
  File "/home/m/PROJECTS/synch.live/code/DataAnalysis2022/uwb-traj/proc_traj.py", line 16, in <module>
    num_players = max(line.count('],') + 1 for line in logs)
ValueError: max() arg is an empty sequence
2-xyz-logs/observer_observer_20240222-001248.log: Missing 8 player trajectories on line 1
2-xyz-logs/observer_observer_20240222-001248.log: Missing 8 player trajectories on line 2
2-xyz-logs/observer_observer_20240222-001248.log: Missing 8 player trajectories on line 3
2-xyz-logs/observer_observer_20240222-001248.log: Missing 7 player trajectories on line 4
2-xyz-logs/observer_observer_20240222-001248.log: Missing 6 player trajectories on line 5
2-xyz-logs/observer_observer_20240222-001248.log: Missing 5 player trajectories on line 6
2-xyz-logs/observer_observer_20240222-001248.log: Missing 4 player trajectories on line 7
2-xyz-logs/observer_observer_20240222-001248.log: Missing 2 player trajectories on line 8
2-xyz-logs/observer_observer_20240222-001248.log: Missing 1 player trajectories on line 9
2-xyz-logs/observer_observer_20240222-001248.log: Missing 1 player trajectories on line 10
2-xyz-logs/observer_observer_20240222-001248.log: Missing 1 player trajectories on line 11
2-xyz-logs/observer_observer_20240222-001248.log: Missing 1 player trajectories on line 12
2-xyz-logs/observer_observer_20240222-001248.log: Missing 1 player trajectories on line 13
2-xyz-logs/observer_observer_20240222-001248.log: Missing 1 player trajectories on line 14
2-xyz-logs/observer_observer_20240222-001248.log: Missing 1 player trajectories on line 15
2-xyz-logs/observer_observer_20240222-001248.log: Missing 1 player trajectories on line 16
2-xyz-logs/observer_observer_20240222-001248.log: Missing 1 player trajectories on line 17
2-xyz-logs/observer_observer_20240222-001248.log: Missing 1 player trajectories on line 18
2-xyz-logs/observer_observer_20240222-001248.log: Missing 1 player trajectories on line 19
2-xyz-logs/observer_observer_20240222-001248.log: Processed logs into trajectory array of shape (1533, 10, 2)
2-xyz-logs/observer_observer_20240222-002821.log: Missing 8 player trajectories on line 1
2-xyz-logs/observer_observer_20240222-002821.log: Missing 6 player trajectories on line 2
2-xyz-logs/observer_observer_20240222-002821.log: Missing 6 player trajectories on line 3
2-xyz-logs/observer_observer_20240222-002821.log: Missing 5 player trajectories on line 4
2-xyz-logs/observer_observer_20240222-002821.log: Missing 2 player trajectories on line 5
2-xyz-logs/observer_observer_20240222-002821.log: Missing 1 player trajectories on line 6
2-xyz-logs/observer_observer_20240222-002821.log: Missing 1 player trajectories on line 7
2-xyz-logs/observer_observer_20240222-002821.log: Missing 1 player trajectories on line 8
2-xyz-logs/observer_observer_20240222-002821.log: Missing 1 player trajectories on line 9
2-xyz-logs/observer_observer_20240222-002821.log: Processed logs into trajectory array of shape (931, 10, 2)
2-xyz-logs/observer_observer_20240222-003108.log: Missing 8 player trajectories on line 1
2-xyz-logs/observer_observer_20240222-003108.log: Missing 8 player trajectories on line 2
2-xyz-logs/observer_observer_20240222-003108.log: Missing 8 player trajectories on line 3
2-xyz-logs/observer_observer_20240222-003108.log: Missing 6 player trajectories on line 4
2-xyz-logs/observer_observer_20240222-003108.log: Missing 6 player trajectories on line 5
2-xyz-logs/observer_observer_20240222-003108.log: Missing 4 player trajectories on line 6
2-xyz-logs/observer_observer_20240222-003108.log: Missing 3 player trajectories on line 7
2-xyz-logs/observer_observer_20240222-003108.log: Missing 2 player trajectories on line 8
2-xyz-logs/observer_observer_20240222-003108.log: Missing 2 player trajectories on line 9
2-xyz-logs/observer_observer_20240222-003108.log: Missing 1 player trajectories on line 10
2-xyz-logs/observer_observer_20240222-003108.log: Processed logs into trajectory array of shape (6054, 10, 2)
2-xyz-logs/observer_observer_20240222-004333.log: Missing 8 player trajectories on line 1
2-xyz-logs/observer_observer_20240222-004333.log: Missing 8 player trajectories on line 2
2-xyz-logs/observer_observer_20240222-004333.log: Missing 5 player trajectories on line 3
2-xyz-logs/observer_observer_20240222-004333.log: Missing 5 player trajectories on line 4
2-xyz-logs/observer_observer_20240222-004333.log: Missing 3 player trajectories on line 5
2-xyz-logs/observer_observer_20240222-004333.log: Missing 3 player trajectories on line 6
2-xyz-logs/observer_observer_20240222-004333.log: Missing 2 player trajectories on line 7
2-xyz-logs/observer_observer_20240222-004333.log: Missing 1 player trajectories on line 8
2-xyz-logs/observer_observer_20240222-004333.log: Missing 1 player trajectories on line 9
2-xyz-logs/observer_observer_20240222-004333.log: Missing 1 player trajectories on line 10
2-xyz-logs/observer_observer_20240222-004333.log: Processed logs into trajectory array of shape (2269, 10, 2)
2-xyz-logs/observer_observer_20240222-010859.log: Missing 8 player trajectories on line 1
2-xyz-logs/observer_observer_20240222-010859.log: Missing 6 player trajectories on line 2
2-xyz-logs/observer_observer_20240222-010859.log: Missing 5 player trajectories on line 3
2-xyz-logs/observer_observer_20240222-010859.log: Missing 5 player trajectories on line 4
2-xyz-logs/observer_observer_20240222-010859.log: Missing 3 player trajectories on line 5
2-xyz-logs/observer_observer_20240222-010859.log: Missing 1 player trajectories on line 6
2-xyz-logs/observer_observer_20240222-010859.log: Missing 1 player trajectories on line 7
2-xyz-logs/observer_observer_20240222-010859.log: Missing 1 player trajectories on line 8
2-xyz-logs/observer_observer_20240222-010859.log: Missing 1 player trajectories on line 9
2-xyz-logs/observer_observer_20240222-010859.log: Missing 1 player trajectories on line 10
2-xyz-logs/observer_observer_20240222-010859.log: Processed logs into trajectory array of shape (1523, 10, 2)
2-xyz-logs/observer_observer_20240222-011256.log: Missing 8 player trajectories on line 1
2-xyz-logs/observer_observer_20240222-011256.log: Missing 6 player trajectories on line 2
2-xyz-logs/observer_observer_20240222-011256.log: Missing 5 player trajectories on line 3
2-xyz-logs/observer_observer_20240222-011256.log: Missing 5 player trajectories on line 4
2-xyz-logs/observer_observer_20240222-011256.log: Missing 2 player trajectories on line 5
2-xyz-logs/observer_observer_20240222-011256.log: Missing 1 player trajectories on line 6
2-xyz-logs/observer_observer_20240222-011256.log: Missing 1 player trajectories on line 7
2-xyz-logs/observer_observer_20240222-011256.log: Missing 1 player trajectories on line 8
2-xyz-logs/observer_observer_20240222-011256.log: Missing 9 player trajectories on line 1110
2-xyz-logs/observer_observer_20240222-011256.log: Processed logs into trajectory array of shape (1414, 10, 2)
2-xyz-logs/observer_observer_20240222-011648.log: Missing 7 player trajectories on line 1
2-xyz-logs/observer_observer_20240222-011648.log: Missing 7 player trajectories on line 2
2-xyz-logs/observer_observer_20240222-011648.log: Missing 6 player trajectories on line 3
2-xyz-logs/observer_observer_20240222-011648.log: Missing 5 player trajectories on line 4
2-xyz-logs/observer_observer_20240222-011648.log: Missing 2 player trajectories on line 5
2-xyz-logs/observer_observer_20240222-011648.log: Missing 2 player trajectories on line 6
2-xyz-logs/observer_observer_20240222-011648.log: Missing 1 player trajectories on line 7
2-xyz-logs/observer_observer_20240222-011648.log: Missing 1 player trajectories on line 8
2-xyz-logs/observer_observer_20240222-011648.log: Missing 1 player trajectories on line 9
2-xyz-logs/observer_observer_20240222-011648.log: Missing 1 player trajectories on line 10
2-xyz-logs/observer_observer_20240222-011648.log: Missing 1 player trajectories on line 11
2-xyz-logs/observer_observer_20240222-011648.log: Missing 1 player trajectories on line 12
2-xyz-logs/observer_observer_20240222-011648.log: Processed logs into trajectory array of shape (7344, 10, 2)
2-xyz-logs/observer_observer_20240222-012906.log: Processed logs into trajectory array of shape (5946, 10, 2)

